#-----------------------------------------------------------
# Vivado v2015.4 (64-bit)
# SW Build 1412921 on Wed Nov 18 09:43:45 MST 2015
# IP Build 1412160 on Tue Nov 17 13:47:24 MST 2015
# Start of session at: Sat Mar 05 15:50:44 2016
# Process ID: 1944
# Current directory: Y:/Development/ect_ua/reconfigurable-computation/Aula 04/ex2
# Command line: vivado.exe -gui_launcher_event rodinguilauncherevent3824 Y:\Development\ect_ua\reconfigurable-computation\Aula 04\ex2\ex2.xpr
# Log file: Y:/Development/ect_ua/reconfigurable-computation/Aula 04/ex2/vivado.log
# Journal file: Y:/Development/ect_ua/reconfigurable-computation/Aula 04/ex2\vivado.jou
#-----------------------------------------------------------
start_gui
open_project {Y:/Development/ect_ua/reconfigurable-computation/Aula 04/ex2/ex2.xpr}
Scanning sources...
Finished scanning sources
WARNING: [filemgmt 56-3] IPStaticSourceDir: Could not find the directory 'Y:/Development/ect_ua/reconfigurable-computation/Aula 04/ex2/ex2.ip_user_files/ipstatic'.
INFO: [IP_Flow 19-234] Refreshing IP repositories
INFO: [IP_Flow 19-1704] No user IP repositories specified
INFO: [IP_Flow 19-2313] Loaded Vivado IP repository 'C:/Xilinx/Vivado/2015.4/data/ip'.
open_project: Time (s): cpu = 00:00:24 ; elapsed = 00:00:16 . Memory (MB): peak = 694.664 ; gain = 132.352
file mkdir Y:/Development/ect_ua/reconfigurable-computation/Aula 04/ex2/ex2.srcs/sources_1/new
can't create directory "Y:/Development/ect_ua/reconfigurable-computation/Aula": file already exists
file mkdir Y:/Development/ect_ua/reconfigurable-computation/Aula 04/ex2/ex2.srcs/sources_1/new
can't create directory "Y:/Development/ect_ua/reconfigurable-computation/Aula": file already exists
file mkdir Y:/Development/ect_ua/reconfigurable-computation/Aula 04/ex2/ex2.srcs/sources_1/new
can't create directory "Y:/Development/ect_ua/reconfigurable-computation/Aula": file already exists
file mkdir Y:/Development/ect_ua/reconfigurable-computation/Aula 04/ex2/ex2.srcs/sources_1/new
can't create directory "Y:/Development/ect_ua/reconfigurable-computation/Aula": file already exists
file mkdir Y:/Development/ect_ua/reconfigurable-computation/Aula 04/ex2/ex2.srcs/sources_1/new
can't create directory "Y:/Development/ect_ua/reconfigurable-computation/Aula": file already exists
file mkdir Y:/Development/ect_ua/reconfigurable-computation/Aula 04/ex2/ex2.srcs/sources_1/new
can't create directory "Y:/Development/ect_ua/reconfigurable-computation/Aula": file already exists
file mkdir {Y:/Development/ect_ua/reconfigurable-computation/Aula 04/ex2/ex2.srcs/sources_1/new}
close [ open {Y:/Development/ect_ua/reconfigurable-computation/Aula 04/ex2/ex2.srcs/sources_1/new/ex2.vhd} w ]
add_files {{Y:/Development/ect_ua/reconfigurable-computation/Aula 04/ex2/ex2.srcs/sources_1/new/ex2.vhd}}
update_compile_order -fileset sources_1
update_compile_order -fileset sim_1
reset_run synth_1
launch_runs impl_1 -to_step write_bitstream
[Sat Mar 05 16:30:12 2016] Launched synth_1...
Run output will be captured here: Y:/Development/ect_ua/reconfigurable-computation/Aula 04/ex2/ex2.runs/synth_1/runme.log
[Sat Mar 05 16:30:12 2016] Launched impl_1...
Run output will be captured here: Y:/Development/ect_ua/reconfigurable-computation/Aula 04/ex2/ex2.runs/impl_1/runme.log
open_project {Y:/Development/ect_ua/reconfigurable-computation/Aula 04/ex1/ex1.xpr}
Scanning sources...
Finished scanning sources
WARNING: [filemgmt 56-3] IPStaticSourceDir: Could not find the directory 'Y:/Development/ect_ua/reconfigurable-computation/Aula 04/ex1/ex1.ip_user_files/ipstatic'.
INFO: [IP_Flow 19-234] Refreshing IP repositories
INFO: [IP_Flow 19-1704] No user IP repositories specified
INFO: [IP_Flow 19-2313] Loaded Vivado IP repository 'C:/Xilinx/Vivado/2015.4/data/ip'.
open_project: Time (s): cpu = 00:00:10 ; elapsed = 00:00:07 . Memory (MB): peak = 759.816 ; gain = 0.000
reset_run synth_1
launch_runs impl_1 -to_step write_bitstream
[Sat Mar 05 16:33:14 2016] Launched synth_1...
Run output will be captured here: Y:/Development/ect_ua/reconfigurable-computation/Aula 04/ex1/ex1.runs/synth_1/runme.log
[Sat Mar 05 16:33:14 2016] Launched impl_1...
Run output will be captured here: Y:/Development/ect_ua/reconfigurable-computation/Aula 04/ex1/ex1.runs/impl_1/runme.log
close_project
reset_run synth_1
launch_runs impl_1 -to_step write_bitstream
[Sat Mar 05 16:40:02 2016] Launched synth_1...
Run output will be captured here: Y:/Development/ect_ua/reconfigurable-computation/Aula 04/ex2/ex2.runs/synth_1/runme.log
[Sat Mar 05 16:40:02 2016] Launched impl_1...
Run output will be captured here: Y:/Development/ect_ua/reconfigurable-computation/Aula 04/ex2/ex2.runs/impl_1/runme.log
reset_run synth_1
launch_runs impl_1 -to_step write_bitstream
[Sat Mar 05 17:14:06 2016] Launched synth_1...
Run output will be captured here: Y:/Development/ect_ua/reconfigurable-computation/Aula 04/ex2/ex2.runs/synth_1/runme.log
[Sat Mar 05 17:14:06 2016] Launched impl_1...
Run output will be captured here: Y:/Development/ect_ua/reconfigurable-computation/Aula 04/ex2/ex2.runs/impl_1/runme.log
exit
INFO: [Common 17-206] Exiting Vivado at Sat Mar 05 17:21:57 2016...
