#
# An unexpected error has occurred (11)
#
Stack:
/lib/x86_64-linux-gnu/libc.so.6(+0x37000) [0x7f7bff072000]
/opt/Xilinx/Vivado/2015.4/lib/lnx64.o/librdi_psta.so(sta::BfsIterator::clear()+0x63) [0x7f7bddacfc23]
/opt/Xilinx/Vivado/2015.4/lib/lnx64.o/librdi_psta.so(sta::Search::arrivalsInvalid()+0x147) [0x7f7bddb2bf47]
/opt/Xilinx/Vivado/2015.4/lib/lnx64.o/librdi_psta.so(XilinxSearch::arrivalsInvalid()+0x9) [0x7f7bdda3d849]
/opt/Xilinx/Vivado/2015.4/lib/lnx64.o/librdi_psta.so(XilinxSta::setClockUncertainty(sta::Clock*, sta::MinMaxAll const*, float, bool)+0xc) [0x7f7bdda56e8c]
/opt/Xilinx/Vivado/2015.4/lib/lnx64.o/librdi_constraints.so(HASCConstrMgr::createClockUncertainity(HFLFloorplan const*, bool, bool, HASCNameObjects const&, HASCNameObjects const&, HASCNameObjects const&, HASCNameObjects const&, HASCNameObjects const&, HASCNameObjects const&, float, HASCNameObjects const&, std::map<std::string, bool, std::less<std::string>, std::allocator<std::pair<std::string const, bool> > > const&, std::string const&, HATSrcInfo const&, HDCCreateStatus&, bool)+0x863) [0x7f7bf27a3c43]
/opt/Xilinx/Vivado/2015.4/lib/lnx64.o/librdi_timing.so(HASTClockUncertaintyMgrImpl::generateClockUncertaintyConstraint(std::pair<std::pair<sta::Clock const*, sta::Clock const*>, std::pair<HASTClockUncertaintyMgrImpl::Permutation, HASTClockUncertainty*> >)+0xc5e) [0x7f7bdb56627e]
/opt/Xilinx/Vivado/2015.4/lib/lnx64.o/librdi_timing.so(boost::_bi::bind_t<void, boost::_mfi::mf1<void, HASTClockUncertaintyMgrImpl, std::pair<std::pair<sta::Clock const*, sta::Clock const*>, std::pair<HASTClockUncertaintyMgrImpl::Permutation, HASTClockUncertainty*> > >, boost::_bi::list2<boost::_bi::value<HASTClockUncertaintyMgrImpl*>, boost::arg<1> > > std::for_each<std::_Rb_tree_iterator<std::pair<std::pair<sta::Clock const*, sta::Clock const*> const, std::pair<HASTClockUncertaintyMgrImpl::Permutation, HASTClockUncertainty*> > >, boost::_bi::bind_t<void, boost::_mfi::mf1<void, HASTClockUncertaintyMgrImpl, std::pair<std::pair<sta::Clock const*, sta::Clock const*>, std::pair<HASTClockUncertaintyMgrImpl::Permutation, HASTClockUncertainty*> > >, boost::_bi::list2<boost::_bi::value<HASTClockUncertaintyMgrImpl*>, boost::arg<1> > > >(std::_Rb_tree_iterator<std::pair<std::pair<sta::Clock const*, sta::Clock const*> const, std::pair<HASTClockUncertaintyMgrImpl::Permutation, HASTClockUncertainty*> > >, std::_Rb_tree_iterator<std::pair<std::pair<sta::Clock const*, sta::Clock const*> const, std::pair<HASTClockUncertaintyMgrImpl::Permutation, HASTClockUncertainty*> > >, boost::_bi::bind_t<void, boost::_mfi::mf1<void, HASTClockUncertaintyMgrImpl, std::pair<std::pair<sta::Clock const*, sta::Clock const*>, std::pair<HASTClockUncertaintyMgrImpl::Permutation, HASTClockUncertainty*> > >, boost::_bi::list2<boost::_bi::value<HASTClockUncertaintyMgrImpl*>, boost::arg<1> > >)+0x1b4) [0x7f7bdb56c384]
/opt/Xilinx/Vivado/2015.4/lib/lnx64.o/librdi_timing.so(HASTClockUncertaintyMgrImpl::generateClockUncertaintyConstraints()+0x3c0) [0x7f7bdb56b9a0]
/opt/Xilinx/Vivado/2015.4/lib/lnx64.o/librdi_timing.so(HAST3Sta::populateAutoConstraints(bool)+0x1e9) [0x7f7bdb7dfd59]
/opt/Xilinx/Vivado/2015.4/lib/lnx64.o/librdi_timing.so(HAST3TimeAhead::initTimingUpdate(std::string const&, HASTUpdateTimingParams const&, HDGUIStatus*)+0x39c) [0x7f7bdb811bcc]
/opt/Xilinx/Vivado/2015.4/lib/lnx64.o/librdi_timing.so(HAST3TimeAhead::updateTiming(HASTUpdateTimingParams const&, HDGUIStatus*)+0x486) [0x7f7bdb81eb16]
/opt/Xilinx/Vivado/2015.4/lib/lnx64.o/librdi_pwropt.so(HACOOPwrOpt::cacheClockInfoForPowerOpt(HFLFloorplan*, HANENetlist*, HSTMap<HDLHNet const*, double, std::less<HDLHNet const*>, std::allocator<double> >&, HSTMap<HDLHNet const*, HSTSet<std::string, std::less<std::string>, std::allocator<std::string> >, std::less<HDLHNet const*>, std::allocator<HSTSet<std::string, std::less<std::string>, std::allocator<std::string> > > >&, HACOOClkGatingOptions*&, bool)+0xbe) [0x7f7bd0673d0e]
/opt/Xilinx/Vivado/2015.4/lib/lnx64.o/librdi_vivadotasks.so(+0x2bebb6) [0x7f7bd15b2bb6]
/opt/Xilinx/Vivado/2015.4/lib/lnx64.o/librdi_vivadotasks.so(+0x2c0af2) [0x7f7bd15b4af2]
/opt/Xilinx/Vivado/2015.4/lib/lnx64.o/librdi_common.so(+0x5478a2) [0x7f7c0006a8a2]
/opt/Xilinx/Vivado/2015.4/lib/lnx64.o/libtcl8.5.so(+0x331f5) [0x7f7bfb1421f5]
/opt/Xilinx/Vivado/2015.4/lib/lnx64.o/libtcl8.5.so(+0x76bbe) [0x7f7bfb185bbe]
/opt/Xilinx/Vivado/2015.4/lib/lnx64.o/libtcl8.5.so(+0x7e767) [0x7f7bfb18d767]
/opt/Xilinx/Vivado/2015.4/lib/lnx64.o/libtcl8.5.so(TclEvalObjEx+0x77) [0x7f7bfb144327]
/opt/Xilinx/Vivado/2015.4/lib/lnx64.o/librdi_commontasks.so(+0x2a2224) [0x7f7bf6d74224]
/opt/Xilinx/Vivado/2015.4/lib/lnx64.o/libtcl8.5.so(+0x331f5) [0x7f7bfb1421f5]
/opt/Xilinx/Vivado/2015.4/lib/lnx64.o/libtcl8.5.so(+0x34d6b) [0x7f7bfb143d6b]
/opt/Xilinx/Vivado/2015.4/lib/lnx64.o/libtcl8.5.so(+0xad531) [0x7f7bfb1bc531]
/opt/Xilinx/Vivado/2015.4/lib/lnx64.o/libtcl8.5.so(+0x3491c) [0x7f7bfb14391c]
/opt/Xilinx/Vivado/2015.4/lib/lnx64.o/libtcl8.5.so(Tcl_EvalEx+0x16) [0x7f7bfb144276]
/opt/Xilinx/Vivado/2015.4/lib/lnx64.o/libtcl8.5.so(Tcl_FSEvalFileEx+0x1d2) [0x7f7bfb1a8d02]
/opt/Xilinx/Vivado/2015.4/lib/lnx64.o/librdi_commontasks.so(+0x2bf325) [0x7f7bf6d91325]
/opt/Xilinx/Vivado/2015.4/lib/lnx64.o/librdi_common.so(+0x5478a2) [0x7f7c0006a8a2]
/opt/Xilinx/Vivado/2015.4/lib/lnx64.o/libtcl8.5.so(+0x331f5) [0x7f7bfb1421f5]
/opt/Xilinx/Vivado/2015.4/lib/lnx64.o/libtcl8.5.so(Tcl_EvalObjv+0x32) [0x7f7bfb1427e2]
/opt/Xilinx/Vivado/2015.4/lib/lnx64.o/libtcl8.5.so(TclEvalObjEx+0x322) [0x7f7bfb1445d2]
/opt/Xilinx/Vivado/2015.4/lib/lnx64.o/librdi_commontasks.so(+0x2dd3d9) [0x7f7bf6daf3d9]
/opt/Xilinx/Vivado/2015.4/lib/lnx64.o/librdi_commontasks.so(+0x2d64d3) [0x7f7bf6da84d3]
/opt/Xilinx/Vivado/2015.4/lib/lnx64.o/librdi_common.so(+0x5478a2) [0x7f7c0006a8a2]
/opt/Xilinx/Vivado/2015.4/lib/lnx64.o/libtcl8.5.so(+0x331f5) [0x7f7bfb1421f5]
/opt/Xilinx/Vivado/2015.4/lib/lnx64.o/libtcl8.5.so(Tcl_EvalObjv+0x32) [0x7f7bfb1427e2]
/opt/Xilinx/Vivado/2015.4/lib/lnx64.o/libtcl8.5.so(TclEvalObjEx+0x322) [0x7f7bfb1445d2]
/opt/Xilinx/Vivado/2015.4/lib/lnx64.o/librdi_commonmain.so(+0x5f00) [0x7f7bff91ef00]
/opt/Xilinx/Vivado/2015.4/lib/lnx64.o/libtcl8.5.so(Tcl_Main+0x1d5) [0x7f7bfb1af175]
/opt/Xilinx/Vivado/2015.4/lib/lnx64.o/librdi_common.so(+0x580749) [0x7f7c000a3749]
/lib/x86_64-linux-gnu/libpthread.so.0(+0x8182) [0x7f7bfeb1f182]
/lib/x86_64-linux-gnu/libc.so.6(clone+0x6d) [0x7f7bff13638d]
