#-----------------------------------------------------------
# Vivado v2015.4 (64-bit)
# SW Build 1412921 on Wed Nov 18 09:43:45 MST 2015
# IP Build 1412160 on Tue Nov 17 13:47:24 MST 2015
# Start of session at: Fri Mar 04 22:09:18 2016
# Process ID: 780
# Current directory: Y:/Development/ect_ua/reconfigurable-computation/Aula 04/ex3
# Command line: vivado.exe -gui_launcher_event rodinguilauncherevent2792 Y:\Development\ect_ua\reconfigurable-computation\Aula 04\ex3\ex3.xpr
# Log file: Y:/Development/ect_ua/reconfigurable-computation/Aula 04/ex3/vivado.log
# Journal file: Y:/Development/ect_ua/reconfigurable-computation/Aula 04/ex3\vivado.jou
#-----------------------------------------------------------
start_gui
open_project {Y:/Development/ect_ua/reconfigurable-computation/Aula 04/ex3/ex3.xpr}
Scanning sources...
Finished scanning sources
WARNING: [filemgmt 56-3] IPStaticSourceDir: Could not find the directory 'Y:/Development/ect_ua/reconfigurable-computation/Aula 04/ex3/ex3.ip_user_files/ipstatic'.
INFO: [IP_Flow 19-234] Refreshing IP repositories
INFO: [IP_Flow 19-1704] No user IP repositories specified
INFO: [IP_Flow 19-2313] Loaded Vivado IP repository 'C:/Xilinx/Vivado/2015.4/data/ip'.
open_project: Time (s): cpu = 00:00:19 ; elapsed = 00:00:14 . Memory (MB): peak = 677.816 ; gain = 137.430
