#-----------------------------------------------------------
# Vivado v2015.4 (64-bit)
# SW Build 1412921 on Wed Nov 18 09:43:45 MST 2015
# IP Build 1412160 on Tue Nov 17 13:47:24 MST 2015
# Start of session at: Sun Feb 21 17:39:50 2016
# Process ID: 5768
# Current directory: K:/MostFrequentlyNeeded___2014/Education2011/2015_2016/SecondSemester/CR/AulasTeoricas/Aula2_22Feb2016/ToElearningProjects/Shift_Rg
# Command line: vivado.exe -gui_launcher_event rodinguilauncherevent4268 K:\MostFrequentlyNeeded___2014\Education2011\2015_2016\SecondSemester\CR\AulasTeoricas\Aula2_22Feb2016\ToElearningProjects\Shift_Rg\Shift_Rg.xpr
# Log file: K:/MostFrequentlyNeeded___2014/Education2011/2015_2016/SecondSemester/CR/AulasTeoricas/Aula2_22Feb2016/ToElearningProjects/Shift_Rg/vivado.log
# Journal file: K:/MostFrequentlyNeeded___2014/Education2011/2015_2016/SecondSemester/CR/AulasTeoricas/Aula2_22Feb2016/ToElearningProjects/Shift_Rg\vivado.jou
#-----------------------------------------------------------
start_gui
open_project K:/MostFrequentlyNeeded___2014/Education2011/2015_2016/SecondSemester/CR/AulasTeoricas/Aula2_22Feb2016/ToElearningProjects/Shift_Rg/Shift_Rg.xpr
INFO: [ProjectBase 1-489] The host OS only allows 260 characters in a normal path. The project is stored in a path with more than 80 characters. If you experience issues with IP, Block Designs, or files not being found, please consider moving the project to a location with a shorter path. Alternately consider using the OS subst command to map part of the path to a drive letter.
Current project path is 'K:/MostFrequentlyNeeded___2014/Education2011/2015_2016/SecondSemester/CR/AulasTeoricas/Aula2_22Feb2016/ToElearningProjects/Shift_Rg'
INFO: [Project 1-313] Project file moved from 'I:/SDR_P/1/Shift_Rg' since last save.
CRITICAL WARNING: [Project 1-19] Could not find the file 'C:/SDR_P/1/first/first.srcs/constrs_1/new/SDR_const.xdc'.
Scanning sources...
Finished scanning sources
INFO: [Project 1-230] Project 'Shift_Rg.xpr' upgraded for this version of Vivado.
INFO: [IP_Flow 19-234] Refreshing IP repositories
INFO: [IP_Flow 19-1704] No user IP repositories specified
INFO: [IP_Flow 19-2313] Loaded Vivado IP repository 'D:/Xilinx/Vivado/2015.4/data/ip'.
open_project: Time (s): cpu = 00:00:14 ; elapsed = 00:00:06 . Memory (MB): peak = 840.867 ; gain = 165.129
remove_files -fileset constrs_1 C:/SDR_P/1/first/first.srcs/constrs_1/new/SDR_const.xdc
add_files -fileset constrs_1 -norecurse K:/MostFrequentlyNeeded___2014/Education2011/2015_2016/SecondSemester/CR/AulasTeoricas/Aula2_22Feb2016/ToElearningProjects/Arith_operations/Arith_operations.srcs/constrs_1/imports/Aula1_15Feb2016/Nexys4_Master.xdc
import_files -fileset constrs_1 K:/MostFrequentlyNeeded___2014/Education2011/2015_2016/SecondSemester/CR/AulasTeoricas/Aula2_22Feb2016/ToElearningProjects/Arith_operations/Arith_operations.srcs/constrs_1/imports/Aula1_15Feb2016/Nexys4_Master.xdc
reset_run synth_1
launch_runs impl_1 -to_step write_bitstream
[Sun Feb 21 17:41:31 2016] Launched synth_1...
Run output will be captured here: K:/MostFrequentlyNeeded___2014/Education2011/2015_2016/SecondSemester/CR/AulasTeoricas/Aula2_22Feb2016/ToElearningProjects/Shift_Rg/Shift_Rg.runs/synth_1/runme.log
[Sun Feb 21 17:41:31 2016] Launched impl_1...
Run output will be captured here: K:/MostFrequentlyNeeded___2014/Education2011/2015_2016/SecondSemester/CR/AulasTeoricas/Aula2_22Feb2016/ToElearningProjects/Shift_Rg/Shift_Rg.runs/impl_1/runme.log
reset_run synth_1
launch_runs impl_1 -to_step write_bitstream
[Sun Feb 21 17:45:49 2016] Launched synth_1...
Run output will be captured here: K:/MostFrequentlyNeeded___2014/Education2011/2015_2016/SecondSemester/CR/AulasTeoricas/Aula2_22Feb2016/ToElearningProjects/Shift_Rg/Shift_Rg.runs/synth_1/runme.log
[Sun Feb 21 17:45:49 2016] Launched impl_1...
Run output will be captured here: K:/MostFrequentlyNeeded___2014/Education2011/2015_2016/SecondSemester/CR/AulasTeoricas/Aula2_22Feb2016/ToElearningProjects/Shift_Rg/Shift_Rg.runs/impl_1/runme.log
exit
INFO: [Common 17-206] Exiting Vivado at Sun Feb 21 21:29:35 2016...
