#
# An unexpected error has occurred (11)
#
Stack:
/lib/x86_64-linux-gnu/libc.so.6(+0x37000) [0x7f3ba6da3000]
/opt/Xilinx/Vivado/2015.4/lib/lnx64.o/librdi_psta.so(sta::BfsIterator::clear()+0x63) [0x7f3b85800c23]
/opt/Xilinx/Vivado/2015.4/lib/lnx64.o/librdi_psta.so(sta::Search::arrivalsInvalid()+0x147) [0x7f3b8585cf47]
/opt/Xilinx/Vivado/2015.4/lib/lnx64.o/librdi_psta.so(XilinxSearch::arrivalsInvalid()+0x9) [0x7f3b8576e849]
/opt/Xilinx/Vivado/2015.4/lib/lnx64.o/librdi_psta.so(XilinxSta::setClockUncertainty(sta::Clock*, sta::MinMaxAll const*, float, bool)+0xc) [0x7f3b85787e8c]
/opt/Xilinx/Vivado/2015.4/lib/lnx64.o/librdi_constraints.so(HASCConstrMgr::createClockUncertainity(HFLFloorplan const*, bool, bool, HASCNameObjects const&, HASCNameObjects const&, HASCNameObjects const&, HASCNameObjects const&, HASCNameObjects const&, HASCNameObjects const&, float, HASCNameObjects const&, std::map<std::string, bool, std::less<std::string>, std::allocator<std::pair<std::string const, bool> > > const&, std::string const&, HATSrcInfo const&, HDCCreateStatus&, bool)+0x863) [0x7f3b9a4d4c43]
/opt/Xilinx/Vivado/2015.4/lib/lnx64.o/librdi_timing.so(HASTClockUncertaintyMgrImpl::generateClockUncertaintyConstraint(std::pair<std::pair<sta::Clock const*, sta::Clock const*>, std::pair<HASTClockUncertaintyMgrImpl::Permutation, HASTClockUncertainty*> >)+0xc5e) [0x7f3b8329727e]
/opt/Xilinx/Vivado/2015.4/lib/lnx64.o/librdi_timing.so(boost::_bi::bind_t<void, boost::_mfi::mf1<void, HASTClockUncertaintyMgrImpl, std::pair<std::pair<sta::Clock const*, sta::Clock const*>, std::pair<HASTClockUncertaintyMgrImpl::Permutation, HASTClockUncertainty*> > >, boost::_bi::list2<boost::_bi::value<HASTClockUncertaintyMgrImpl*>, boost::arg<1> > > std::for_each<std::_Rb_tree_iterator<std::pair<std::pair<sta::Clock const*, sta::Clock const*> const, std::pair<HASTClockUncertaintyMgrImpl::Permutation, HASTClockUncertainty*> > >, boost::_bi::bind_t<void, boost::_mfi::mf1<void, HASTClockUncertaintyMgrImpl, std::pair<std::pair<sta::Clock const*, sta::Clock const*>, std::pair<HASTClockUncertaintyMgrImpl::Permutation, HASTClockUncertainty*> > >, boost::_bi::list2<boost::_bi::value<HASTClockUncertaintyMgrImpl*>, boost::arg<1> > > >(std::_Rb_tree_iterator<std::pair<std::pair<sta::Clock const*, sta::Clock const*> const, std::pair<HASTClockUncertaintyMgrImpl::Permutation, HASTClockUncertainty*> > >, std::_Rb_tree_iterator<std::pair<std::pair<sta::Clock const*, sta::Clock const*> const, std::pair<HASTClockUncertaintyMgrImpl::Permutation, HASTClockUncertainty*> > >, boost::_bi::bind_t<void, boost::_mfi::mf1<void, HASTClockUncertaintyMgrImpl, std::pair<std::pair<sta::Clock const*, sta::Clock const*>, std::pair<HASTClockUncertaintyMgrImpl::Permutation, HASTClockUncertainty*> > >, boost::_bi::list2<boost::_bi::value<HASTClockUncertaintyMgrImpl*>, boost::arg<1> > >)+0x1b4) [0x7f3b8329d384]
/opt/Xilinx/Vivado/2015.4/lib/lnx64.o/librdi_timing.so(HASTClockUncertaintyMgrImpl::generateClockUncertaintyConstraints()+0x3c0) [0x7f3b8329c9a0]
/opt/Xilinx/Vivado/2015.4/lib/lnx64.o/librdi_timing.so(HAST3Sta::populateAutoConstraints(bool)+0x1e9) [0x7f3b83510d59]
/opt/Xilinx/Vivado/2015.4/lib/lnx64.o/librdi_timing.so(HAST3TimeAhead::initTimingUpdate(std::string const&, HASTUpdateTimingParams const&, HDGUIStatus*)+0x39c) [0x7f3b83542bcc]
/opt/Xilinx/Vivado/2015.4/lib/lnx64.o/librdi_timing.so(HAST3TimeAhead::updateTiming(HASTUpdateTimingParams const&, HDGUIStatus*)+0x486) [0x7f3b8354fb16]
/opt/Xilinx/Vivado/2015.4/lib/lnx64.o/librdi_pwropt.so(HACOOPwrOpt::cacheClockInfoForPowerOpt(HFLFloorplan*, HANENetlist*, HSTMap<HDLHNet const*, double, std::less<HDLHNet const*>, std::allocator<double> >&, HSTMap<HDLHNet const*, HSTSet<std::string, std::less<std::string>, std::allocator<std::string> >, std::less<HDLHNet const*>, std::allocator<HSTSet<std::string, std::less<std::string>, std::allocator<std::string> > > >&, HACOOClkGatingOptions*&, bool)+0xbe) [0x7f3b783a4d0e]
/opt/Xilinx/Vivado/2015.4/lib/lnx64.o/librdi_vivadotasks.so(+0x2bebb6) [0x7f3b792e3bb6]
/opt/Xilinx/Vivado/2015.4/lib/lnx64.o/librdi_vivadotasks.so(+0x2c0af2) [0x7f3b792e5af2]
/opt/Xilinx/Vivado/2015.4/lib/lnx64.o/librdi_common.so(+0x5478a2) [0x7f3ba7d9b8a2]
/opt/Xilinx/Vivado/2015.4/lib/lnx64.o/libtcl8.5.so(+0x331f5) [0x7f3ba2e731f5]
/opt/Xilinx/Vivado/2015.4/lib/lnx64.o/libtcl8.5.so(+0x76bbe) [0x7f3ba2eb6bbe]
/opt/Xilinx/Vivado/2015.4/lib/lnx64.o/libtcl8.5.so(+0x7e767) [0x7f3ba2ebe767]
/opt/Xilinx/Vivado/2015.4/lib/lnx64.o/libtcl8.5.so(TclEvalObjEx+0x77) [0x7f3ba2e75327]
/opt/Xilinx/Vivado/2015.4/lib/lnx64.o/librdi_commontasks.so(+0x2a2224) [0x7f3b9eaa5224]
/opt/Xilinx/Vivado/2015.4/lib/lnx64.o/libtcl8.5.so(+0x331f5) [0x7f3ba2e731f5]
/opt/Xilinx/Vivado/2015.4/lib/lnx64.o/libtcl8.5.so(+0x34d6b) [0x7f3ba2e74d6b]
/opt/Xilinx/Vivado/2015.4/lib/lnx64.o/libtcl8.5.so(+0xad531) [0x7f3ba2eed531]
/opt/Xilinx/Vivado/2015.4/lib/lnx64.o/libtcl8.5.so(+0x3491c) [0x7f3ba2e7491c]
/opt/Xilinx/Vivado/2015.4/lib/lnx64.o/libtcl8.5.so(Tcl_EvalEx+0x16) [0x7f3ba2e75276]
/opt/Xilinx/Vivado/2015.4/lib/lnx64.o/libtcl8.5.so(Tcl_FSEvalFileEx+0x1d2) [0x7f3ba2ed9d02]
/opt/Xilinx/Vivado/2015.4/lib/lnx64.o/librdi_commontasks.so(+0x2bf325) [0x7f3b9eac2325]
/opt/Xilinx/Vivado/2015.4/lib/lnx64.o/librdi_common.so(+0x5478a2) [0x7f3ba7d9b8a2]
/opt/Xilinx/Vivado/2015.4/lib/lnx64.o/libtcl8.5.so(+0x331f5) [0x7f3ba2e731f5]
/opt/Xilinx/Vivado/2015.4/lib/lnx64.o/libtcl8.5.so(Tcl_EvalObjv+0x32) [0x7f3ba2e737e2]
/opt/Xilinx/Vivado/2015.4/lib/lnx64.o/libtcl8.5.so(TclEvalObjEx+0x322) [0x7f3ba2e755d2]
/opt/Xilinx/Vivado/2015.4/lib/lnx64.o/librdi_commontasks.so(+0x2dd3d9) [0x7f3b9eae03d9]
/opt/Xilinx/Vivado/2015.4/lib/lnx64.o/librdi_commontasks.so(+0x2d64d3) [0x7f3b9ead94d3]
/opt/Xilinx/Vivado/2015.4/lib/lnx64.o/librdi_common.so(+0x5478a2) [0x7f3ba7d9b8a2]
/opt/Xilinx/Vivado/2015.4/lib/lnx64.o/libtcl8.5.so(+0x331f5) [0x7f3ba2e731f5]
/opt/Xilinx/Vivado/2015.4/lib/lnx64.o/libtcl8.5.so(Tcl_EvalObjv+0x32) [0x7f3ba2e737e2]
/opt/Xilinx/Vivado/2015.4/lib/lnx64.o/libtcl8.5.so(TclEvalObjEx+0x322) [0x7f3ba2e755d2]
/opt/Xilinx/Vivado/2015.4/lib/lnx64.o/librdi_commonmain.so(+0x5f00) [0x7f3ba764ff00]
/opt/Xilinx/Vivado/2015.4/lib/lnx64.o/libtcl8.5.so(Tcl_Main+0x1d5) [0x7f3ba2ee0175]
/opt/Xilinx/Vivado/2015.4/lib/lnx64.o/librdi_common.so(+0x580749) [0x7f3ba7dd4749]
/lib/x86_64-linux-gnu/libpthread.so.0(+0x8182) [0x7f3ba6850182]
/lib/x86_64-linux-gnu/libc.so.6(clone+0x6d) [0x7f3ba6e6738d]
