Vivado Simulator 2015.4
Copyright 1986-1999, 2001-2015 Xilinx, Inc. All Rights Reserved.
Running: C:/Xilinx/Vivado/2015.4/bin/unwrapped/win64.o/xelab.exe -wto 685b48b4b93842ad96fc6f9fce553b8d --debug typical --relax --mt 2 -L xil_defaultlib -L secureip --snapshot testbench_behav xil_defaultlib.testbench -log elaborate.log 
Using 2 slave threads.
Starting static elaboration
WARNING: [VRFC 10-1625] value in initialization depends on signal btnl [C:/Users/Valeri/Desktop/Aula2_22Feb2016/ToElearningProjects/SimCount/SimCount.srcs/sources_1/new/Top.vhd:15]
WARNING: [VRFC 10-1625] value in initialization depends on signal btnc [C:/Users/Valeri/Desktop/Aula2_22Feb2016/ToElearningProjects/SimCount/SimCount.srcs/sources_1/new/Top.vhd:16]
WARNING: [VRFC 10-1625] value in initialization depends on signal btnr [C:/Users/Valeri/Desktop/Aula2_22Feb2016/ToElearningProjects/SimCount/SimCount.srcs/sources_1/new/Top.vhd:17]
Completed static elaboration
Starting simulation data flow analysis
Completed simulation data flow analysis
Time Resolution for simulation is 1ps
Compiling package std.standard
Compiling package ieee.std_logic_1164
Compiling package ieee.std_logic_arith
Compiling package ieee.std_logic_unsigned
Compiling package ieee.numeric_std
Compiling architecture behavioral of entity xil_defaultlib.TestSeqProc [testseqproc_default]
Compiling architecture behavior of entity xil_defaultlib.testbench
Built simulation snapshot testbench_behav
