Copyright 1986-2015 Xilinx, Inc. All Rights Reserved.
----------------------------------------------------------------------------------------
| Tool Version     : Vivado v.2015.4 (win64) Build 1412921 Wed Nov 18 09:43:45 MST 2015
| Date             : Tue Mar 29 15:30:04 2016
| Host             : RODRIGOCUNH821E running 64-bit major release  (build 9200)
| Command          : 
| Design           : Ex54
| Device           : xc7a100tcsg324-3
| Design State     : routed
| Grade            : extended
| Process          : typical
| Characterization : Production
----------------------------------------------------------------------------------------

Power Report

Table of Contents
-----------------
1. Summary
1.1 On-Chip Components
1.2 Power Supply Summary
1.3 Confidence Level
2. Settings
2.1 Environment
2.2 Clock Constraints
3. Detailed Reports
3.1 By Hierarchy

1. Summary
----------

+--------------------------+--------+
| Total On-Chip Power (W)  | 0.112  |
| Dynamic (W)              | 0.014  |
| Device Static (W)        | 0.097  |
| Effective TJA (C/W)      | 4.6    |
| Max Ambient (C)          | 99.5   |
| Junction Temperature (C) | 25.5   |
| Confidence Level         | Medium |
| Setting File             | ---    |
| Simulation Activity File | ---    |
| Design Nets Matched      | NA     |
+--------------------------+--------+


1.1 On-Chip Components
----------------------

+----------------+-----------+----------+-----------+-----------------+
| On-Chip        | Power (W) | Used     | Available | Utilization (%) |
+----------------+-----------+----------+-----------+-----------------+
| Clocks         |     0.002 |        3 |       --- |             --- |
| Slice Logic    |    <0.001 |      674 |       --- |             --- |
|   LUT as Logic |    <0.001 |      299 |     63400 |            0.47 |
|   CARRY4       |    <0.001 |       16 |     15850 |            0.10 |
|   Register     |    <0.001 |       87 |    126800 |            0.07 |
|   Others       |     0.000 |       64 |       --- |             --- |
|   F7/F8 Muxes  |     0.000 |      200 |     63400 |            0.32 |
| Signals        |     0.002 |     1227 |       --- |             --- |
| Block RAM      |     0.000 |     14.5 |       135 |           10.74 |
| I/O            |     0.010 |       17 |       210 |            8.10 |
| Static Power   |     0.097 |          |           |                 |
| Total          |     0.112 |          |           |                 |
+----------------+-----------+----------+-----------+-----------------+


1.2 Power Supply Summary
------------------------

+-----------+-------------+-----------+-------------+------------+
| Source    | Voltage (V) | Total (A) | Dynamic (A) | Static (A) |
+-----------+-------------+-----------+-------------+------------+
| Vccint    |       1.000 |     0.020 |       0.004 |      0.015 |
| Vccaux    |       1.800 |     0.018 |       0.000 |      0.018 |
| Vcco33    |       3.300 |     0.007 |       0.003 |      0.004 |
| Vcco25    |       2.500 |     0.000 |       0.000 |      0.000 |
| Vcco18    |       1.800 |     0.000 |       0.000 |      0.000 |
| Vcco15    |       1.500 |     0.000 |       0.000 |      0.000 |
| Vcco135   |       1.350 |     0.000 |       0.000 |      0.000 |
| Vcco12    |       1.200 |     0.000 |       0.000 |      0.000 |
| Vccaux_io |       1.800 |     0.000 |       0.000 |      0.000 |
| Vccbram   |       1.000 |     0.000 |       0.000 |      0.000 |
| MGTAVcc   |       1.000 |     0.000 |       0.000 |      0.000 |
| MGTAVtt   |       1.200 |     0.000 |       0.000 |      0.000 |
| Vccadc    |       1.800 |     0.020 |       0.000 |      0.020 |
+-----------+-------------+-----------+-------------+------------+


1.3 Confidence Level
--------------------

+-----------------------------+------------+-------------------------------------------------------+------------------------------------------------------------------------------------------------------------+
| User Input Data             | Confidence | Details                                               | Action                                                                                                     |
+-----------------------------+------------+-------------------------------------------------------+------------------------------------------------------------------------------------------------------------+
| Design implementation state | High       | Design is routed                                      |                                                                                                            |
| Clock nodes activity        | High       | User specified more than 95% of clocks                |                                                                                                            |
| I/O nodes activity          | Medium     | More than 5% of inputs are missing user specification | Provide missing input activity with simulation results or by editing the "By Resource Type -> I/Os" view   |
| Internal nodes activity     | Medium     | User specified less than 25% of internal nodes        | Provide missing internal nodes activity with simulation results or by editing the "By Resource Type" views |
| Device models               | High       | Device models are Production                          |                                                                                                            |
|                             |            |                                                       |                                                                                                            |
| Overall confidence level    | Medium     |                                                       |                                                                                                            |
+-----------------------------+------------+-------------------------------------------------------+------------------------------------------------------------------------------------------------------------+


2. Settings
-----------

2.1 Environment
---------------

+-----------------------+--------------------------+
| Ambient Temp (C)      | 25.0                     |
| ThetaJA (C/W)         | 4.6                      |
| Airflow (LFM)         | 250                      |
| Heat Sink             | medium (Medium Profile)  |
| ThetaSA (C/W)         | 4.6                      |
| Board Selection       | medium (10"x10")         |
| # of Board Layers     | 12to15 (12 to 15 Layers) |
| Board Temperature (C) | 25.0                     |
+-----------------------+--------------------------+


2.2 Clock Constraints
---------------------

+-------------+--------+-----------------+
| Clock       | Domain | Constraint (ns) |
+-------------+--------+-----------------+
| sys_clk_pin | clk    |            10.0 |
+-------------+--------+-----------------+


3. Detailed Reports
-------------------

3.1 By Hierarchy
----------------

+---------------------------------------+-----------+
| Name                                  | Power (W) |
+---------------------------------------+-----------+
| Ex54                                  |     0.014 |
|   disp                                |    <0.001 |
|   lut                                 |    <0.001 |
|     U0                                |    <0.001 |
|       inst_blk_mem_gen                |    <0.001 |
|         gnativebmg.native_blk_mem_gen |    <0.001 |
|           valid.cstr                  |    <0.001 |
|             ramloop[0].ram.r          |    <0.001 |
|               prim_init.ram           |    <0.001 |
|             ramloop[10].ram.r         |    <0.001 |
|               prim_init.ram           |    <0.001 |
|             ramloop[11].ram.r         |    <0.001 |
|               prim_init.ram           |    <0.001 |
|             ramloop[12].ram.r         |    <0.001 |
|               prim_init.ram           |    <0.001 |
|             ramloop[13].ram.r         |    <0.001 |
|               prim_init.ram           |    <0.001 |
|             ramloop[14].ram.r         |    <0.001 |
|               prim_init.ram           |    <0.001 |
|             ramloop[1].ram.r          |    <0.001 |
|               prim_init.ram           |    <0.001 |
|             ramloop[2].ram.r          |    <0.001 |
|               prim_init.ram           |    <0.001 |
|             ramloop[3].ram.r          |    <0.001 |
|               prim_init.ram           |    <0.001 |
|             ramloop[4].ram.r          |    <0.001 |
|               prim_init.ram           |    <0.001 |
|             ramloop[5].ram.r          |    <0.001 |
|               prim_init.ram           |    <0.001 |
|             ramloop[6].ram.r          |    <0.001 |
|               prim_init.ram           |    <0.001 |
|             ramloop[7].ram.r          |    <0.001 |
|               prim_init.ram           |    <0.001 |
|             ramloop[8].ram.r          |    <0.001 |
|               prim_init.ram           |    <0.001 |
|             ramloop[9].ram.r          |    <0.001 |
|               prim_init.ram           |    <0.001 |
+---------------------------------------+-----------+


