#-----------------------------------------------------------
# Vivado v2015.4 (64-bit)
# SW Build 1412921 on Wed Nov 18 09:43:45 MST 2015
# IP Build 1412160 on Tue Nov 17 13:47:24 MST 2015
# Start of session at: Sat Mar 05 17:41:09 2016
# Process ID: 3188
# Current directory: Y:/Development/ect_ua/reconfigurable-computation/Aula03/aula_03
# Command line: vivado.exe -gui_launcher_event rodinguilauncherevent3252 Y:\Development\ect_ua\reconfigurable-computation\Aula03\aula_03\aula_03.xpr
# Log file: Y:/Development/ect_ua/reconfigurable-computation/Aula03/aula_03/vivado.log
# Journal file: Y:/Development/ect_ua/reconfigurable-computation/Aula03/aula_03\vivado.jou
#-----------------------------------------------------------
start_gui
open_project Y:/Development/ect_ua/reconfigurable-computation/Aula03/aula_03/aula_03.xpr
INFO: [Project 1-313] Project file moved from 'Z:/Desktop/StudyWorkTeam/4ano/2Semestre/CR/Aula03/aula_03' since last save.
Scanning sources...
Finished scanning sources
WARNING: [filemgmt 56-2] IPStaticSourceDir: Could not find the directory 'Y:/Development/ect_ua/reconfigurable-computation/Aula03/aula_03/aula_03.ip_user_files/ipstatic', nor could it be found using path 'Z:/Desktop/StudyWorkTeam/4ano/2Semestre/CR/Aula03/aula_03/aula_03.ip_user_files/ipstatic'.
INFO: [IP_Flow 19-234] Refreshing IP repositories
INFO: [IP_Flow 19-1704] No user IP repositories specified
INFO: [IP_Flow 19-2313] Loaded Vivado IP repository 'C:/Xilinx/Vivado/2015.4/data/ip'.
open_project: Time (s): cpu = 00:00:21 ; elapsed = 00:00:14 . Memory (MB): peak = 705.094 ; gain = 144.441
set_property is_enabled true [get_files  Y:/Development/ect_ua/reconfigurable-computation/Aula03/aula_03/aula_03.srcs/sources_1/new/ex3.vhd]
update_compile_order -fileset sources_1
exit
INFO: [Common 17-206] Exiting Vivado at Sat Mar 05 17:53:22 2016...
