#-----------------------------------------------------------
# Vivado v2015.4 (64-bit)
# SW Build 1412921 on Wed Nov 18 09:43:45 MST 2015
# IP Build 1412160 on Tue Nov 17 13:47:24 MST 2015
# Start of session at: Sat Mar 05 15:03:01 2016
# Process ID: 4180
# Current directory: Y:/Development/ect_ua/reconfigurable-computation/Aula 04/ex1
# Command line: vivado.exe -gui_launcher_event rodinguilauncherevent1212 Y:\Development\ect_ua\reconfigurable-computation\Aula 04\ex1\ex1.xpr
# Log file: Y:/Development/ect_ua/reconfigurable-computation/Aula 04/ex1/vivado.log
# Journal file: Y:/Development/ect_ua/reconfigurable-computation/Aula 04/ex1\vivado.jou
#-----------------------------------------------------------
start_gui
open_project {Y:/Development/ect_ua/reconfigurable-computation/Aula 04/ex1/ex1.xpr}
Scanning sources...
Finished scanning sources
WARNING: [filemgmt 56-3] IPStaticSourceDir: Could not find the directory 'Y:/Development/ect_ua/reconfigurable-computation/Aula 04/ex1/ex1.ip_user_files/ipstatic'.
INFO: [IP_Flow 19-234] Refreshing IP repositories
INFO: [IP_Flow 19-1704] No user IP repositories specified
INFO: [IP_Flow 19-2313] Loaded Vivado IP repository 'C:/Xilinx/Vivado/2015.4/data/ip'.
open_project: Time (s): cpu = 00:00:17 ; elapsed = 00:00:11 . Memory (MB): peak = 686.730 ; gain = 144.449
close [ open {Y:/Development/ect_ua/reconfigurable-computation/Aula 04/ex1/ex1.srcs/sources_1/new/ex1.vhd} w ]
add_files {{Y:/Development/ect_ua/reconfigurable-computation/Aula 04/ex1/ex1.srcs/sources_1/new/ex1.vhd}}
update_compile_order -fileset sources_1
update_compile_order -fileset sim_1
update_compile_order -fileset sources_1
update_compile_order -fileset sources_1
update_compile_order -fileset sim_1
update_compile_order -fileset sources_1
update_compile_order -fileset sources_1
update_compile_order -fileset sim_1
reset_run synth_1
launch_runs impl_1 -to_step write_bitstream
[Sat Mar 05 15:34:57 2016] Launched synth_1...
Run output will be captured here: Y:/Development/ect_ua/reconfigurable-computation/Aula 04/ex1/ex1.runs/synth_1/runme.log
[Sat Mar 05 15:34:57 2016] Launched impl_1...
Run output will be captured here: Y:/Development/ect_ua/reconfigurable-computation/Aula 04/ex1/ex1.runs/impl_1/runme.log
reset_run synth_1
launch_runs impl_1 -to_step write_bitstream
[Sat Mar 05 15:37:18 2016] Launched synth_1...
Run output will be captured here: Y:/Development/ect_ua/reconfigurable-computation/Aula 04/ex1/ex1.runs/synth_1/runme.log
[Sat Mar 05 15:37:19 2016] Launched impl_1...
Run output will be captured here: Y:/Development/ect_ua/reconfigurable-computation/Aula 04/ex1/ex1.runs/impl_1/runme.log
reset_run impl_1 -noclean_dir 
reset_run synth_1
launch_runs impl_1 -to_step write_bitstream
[Sat Mar 05 15:39:58 2016] Launched synth_1...
Run output will be captured here: Y:/Development/ect_ua/reconfigurable-computation/Aula 04/ex1/ex1.runs/synth_1/runme.log
[Sat Mar 05 15:39:58 2016] Launched impl_1...
Run output will be captured here: Y:/Development/ect_ua/reconfigurable-computation/Aula 04/ex1/ex1.runs/impl_1/runme.log
reset_run synth_1
launch_runs impl_1 -to_step write_bitstream
[Sat Mar 05 15:46:16 2016] Launched synth_1...
Run output will be captured here: Y:/Development/ect_ua/reconfigurable-computation/Aula 04/ex1/ex1.runs/synth_1/runme.log
[Sat Mar 05 15:46:16 2016] Launched impl_1...
Run output will be captured here: Y:/Development/ect_ua/reconfigurable-computation/Aula 04/ex1/ex1.runs/impl_1/runme.log
exit
INFO: [Common 17-206] Exiting Vivado at Sat Mar 05 15:50:21 2016...
