#-----------------------------------------------------------
# Vivado v2015.4 (64-bit)
# SW Build 1412921 on Wed Nov 18 09:43:45 MST 2015
# IP Build 1412160 on Tue Nov 17 13:47:24 MST 2015
# Start of session at: Sun Apr 03 19:19:28 2016
# Process ID: 1292
# Current directory: K:/MostFrequentlyNeeded___2014/Education2011/2015_2016/SecondSemester/CR/AulasTeoricas/Aula7_4April2016/Exemplos2016/ROM_multiplier
# Command line: vivado.exe -gui_launcher_event rodinguilauncherevent3364 K:\MostFrequentlyNeeded___2014\Education2011\2015_2016\SecondSemester\CR\AulasTeoricas\Aula7_4April2016\Exemplos2016\ROM_multiplier\ROM_multiplier.xpr
# Log file: K:/MostFrequentlyNeeded___2014/Education2011/2015_2016/SecondSemester/CR/AulasTeoricas/Aula7_4April2016/Exemplos2016/ROM_multiplier/vivado.log
# Journal file: K:/MostFrequentlyNeeded___2014/Education2011/2015_2016/SecondSemester/CR/AulasTeoricas/Aula7_4April2016/Exemplos2016/ROM_multiplier\vivado.jou
#-----------------------------------------------------------
start_gui
open_project K:/MostFrequentlyNeeded___2014/Education2011/2015_2016/SecondSemester/CR/AulasTeoricas/Aula7_4April2016/Exemplos2016/ROM_multiplier/ROM_multiplier.xpr
INFO: [ProjectBase 1-489] The host OS only allows 260 characters in a normal path. The project is stored in a path with more than 80 characters. If you experience issues with IP, Block Designs, or files not being found, please consider moving the project to a location with a shorter path. Alternately consider using the OS subst command to map part of the path to a drive letter.
Current project path is 'K:/MostFrequentlyNeeded___2014/Education2011/2015_2016/SecondSemester/CR/AulasTeoricas/Aula7_4April2016/Exemplos2016/ROM_multiplier'
INFO: [Project 1-313] Project file moved from 'I:/SDR_P/6/ROM_multiplier' since last save.
CRITICAL WARNING: [Project 1-311] Could not find the file 'K:/MostFrequentlyNeeded___2014/Education2011/2015_2016/SecondSemester/CR/AulasTeoricas/Aula7_4April2016/1/UsingSegmentDisplays/UsingSegmentDisplays.srcs/sources_1/imports/Binario_BCD/Clock_divider.vhd', nor could it be found using path 'I:/SDR_P/1/UsingSegmentDisplays/UsingSegmentDisplays.srcs/sources_1/imports/Binario_BCD/Clock_divider.vhd'.
CRITICAL WARNING: [Project 1-311] Could not find the file 'K:/MostFrequentlyNeeded___2014/Education2011/2015_2016/SecondSemester/CR/AulasTeoricas/Aula7_4April2016/5/embedded_memory/ROM_coe.coe', nor could it be found using path 'I:/SDR_P/5/embedded_memory/ROM_coe.coe'.
CRITICAL WARNING: [Project 1-311] Could not find the file 'K:/MostFrequentlyNeeded___2014/Education2011/2015_2016/SecondSemester/CR/AulasTeoricas/Aula7_4April2016/5/display_control/display_control.srcs/sources_1/new/segment_decoder.vhd', nor could it be found using path 'I:/SDR_P/5/display_control/display_control.srcs/sources_1/new/segment_decoder.vhd'.
CRITICAL WARNING: [Project 1-311] Could not find the file 'K:/MostFrequentlyNeeded___2014/Education2011/2015_2016/SecondSemester/CR/AulasTeoricas/Aula7_4April2016/5/embedded_memory/coe_from_java.coe', nor could it be found using path 'I:/SDR_P/5/embedded_memory/coe_from_java.coe'.
CRITICAL WARNING: [Project 1-311] Could not find the file 'K:/MostFrequentlyNeeded___2014/Education2011/2015_2016/SecondSemester/CR/AulasTeoricas/Aula7_4April2016/5/embedded_memory/coe_from_java1.coe', nor could it be found using path 'I:/SDR_P/5/embedded_memory/coe_from_java1.coe'.
CRITICAL WARNING: [Project 1-311] Could not find the file 'K:/MostFrequentlyNeeded___2014/Education2011/2015_2016/SecondSemester/CR/AulasTeoricas/Aula7_4April2016/5/display_control/display_control.srcs/sources_1/new/disp.vhd', nor could it be found using path 'I:/SDR_P/5/display_control/display_control.srcs/sources_1/new/disp.vhd'.
CRITICAL WARNING: [Project 1-311] Could not find the file 'K:/MostFrequentlyNeeded___2014/Education2011/2015_2016/SecondSemester/CR/AulasTeoricas/Aula7_4April2016/Exemplos2016/coe_from_java.coe', nor could it be found using path 'I:/SDR_P/6/coe_from_java.coe'.
CRITICAL WARNING: [Project 1-311] Could not find the file 'K:/MostFrequentlyNeeded___2014/Education2011/2015_2016/SecondSemester/CR/AulasTeoricas/Aula7_4April2016/Exemplos2016/Binary_to_BCD8.vhd', nor could it be found using path 'I:/SDR_P/6/Binary_to_BCD8.vhd'.
CRITICAL WARNING: [Project 1-311] Could not find the file 'K:/MostFrequentlyNeeded___2014/Education2011/2015_2016/SecondSemester/CR/AulasTeoricas/Aula7_4April2016/Exemplos2016/coe_from_java2048.coe', nor could it be found using path 'I:/SDR_P/6/coe_from_java2048.coe'.
CRITICAL WARNING: [Project 1-311] Could not find the file 'K:/MostFrequentlyNeeded___2014/Education2011/2015_2016/SecondSemester/CR/AulasTeoricas/Aula7_4April2016/Exemplos2016/Binary_to_BCD16.vhd', nor could it be found using path 'I:/SDR_P/6/Binary_to_BCD16.vhd'.
CRITICAL WARNING: [Project 1-311] Could not find the file 'K:/MostFrequentlyNeeded___2014/Education2011/2015_2016/SecondSemester/CR/AulasTeoricas/Aula7_4April2016/Exemplos2016/coe_from_java32.coe', nor could it be found using path 'I:/SDR_P/6/coe_from_java32.coe'.
CRITICAL WARNING: [Project 1-311] Could not find the file 'K:/MostFrequentlyNeeded___2014/Education2011/2015_2016/SecondSemester/CR/AulasTeoricas/Aula7_4April2016/Exemplos2016/coe_from_java64.coe', nor could it be found using path 'I:/SDR_P/6/coe_from_java64.coe'.
CRITICAL WARNING: [Project 1-311] Could not find the file 'K:/MostFrequentlyNeeded___2014/Education2011/2015_2016/SecondSemester/CR/AulasTeoricas/Aula7_4April2016/Exemplos2016/coe_for_multiplication.coe', nor could it be found using path 'I:/SDR_P/6/coe_for_multiplication.coe'.
CRITICAL WARNING: [Project 1-311] Could not find the file 'K:/MostFrequentlyNeeded___2014/Education2011/2015_2016/SecondSemester/CR/AulasTeoricas/Aula7_4April2016/Exemplos2016/Java/coe_for_multiplication.coe', nor could it be found using path 'I:/SDR_P/6/Java/coe_for_multiplication.coe'.
Scanning sources...
Finished scanning sources
INFO: [Project 1-230] Project 'ROM_multiplier.xpr' upgraded for this version of Vivado.
INFO: [IP_Flow 19-234] Refreshing IP repositories
INFO: [IP_Flow 19-1704] No user IP repositories specified
INFO: [IP_Flow 19-2313] Loaded Vivado IP repository 'D:/Xilinx/Vivado/2015.4/data/ip'.
WARNING: [IP_Flow 19-2162] IP 'blk_mem_gen_0' is locked:
* IP definition 'Block Memory Generator (8.2)' for IP 'blk_mem_gen_0' has a newer minor version in the IP Catalog.
* IP definition 'Block Memory Generator (8.2)' for IP 'blk_mem_gen_0' has a different revision in the IP Catalog.
Please select 'Report IP Status' from the 'Tools/Report' menu or run Tcl command 'report_ip_status' for more information.
WARNING: [IP_Flow 19-2162] IP 'dist_mem_gen_0' is locked:
* IP definition 'Distributed Memory Generator (8.0)' for IP 'dist_mem_gen_0' has a different revision in the IP Catalog.
Please select 'Report IP Status' from the 'Tools/Report' menu or run Tcl command 'report_ip_status' for more information.
WARNING: [IP_Flow 19-2162] IP 'blk_mem_gen_1' is locked:
* IP definition 'Block Memory Generator (8.2)' for IP 'blk_mem_gen_1' has a newer minor version in the IP Catalog.
* IP definition 'Block Memory Generator (8.2)' for IP 'blk_mem_gen_1' has a different revision in the IP Catalog.
Please select 'Report IP Status' from the 'Tools/Report' menu or run Tcl command 'report_ip_status' for more information.
open_project: Time (s): cpu = 00:00:18 ; elapsed = 00:00:07 . Memory (MB): peak = 921.684 ; gain = 232.855
report_ip_status -name ip_status 
upgrade_ip -srcset blk_mem_gen_0 [get_ips  {blk_mem_gen_0 blk_mem_gen_1 dist_mem_gen_0}]
Upgrading 'blk_mem_gen_0'
INFO: [Project 1-386] Moving file 'K:/MostFrequentlyNeeded___2014/Education2011/2015_2016/SecondSemester/CR/AulasTeoricas/Aula7_4April2016/Exemplos2016/ROM_multiplier/ROM_multiplier.srcs/sources_1/ip/blk_mem_gen_0/blk_mem_gen_0.xci' from fileset 'blk_mem_gen_0' to fileset 'sources_1'.
INFO: [Common 17-365] Interrupt caught but 'upgrade_ip' cannot be canceled. Please wait for command to finish.
WARNING: [IP_Flow 19-3501] Upgraded blk_mem_gen_0 from Block Memory Generator 8.2 to Block Memory Generator 8.3, with warnings. Please review the upgrade log 'k:/MostFrequentlyNeeded___2014/Education2011/2015_2016/SecondSemester/CR/AulasTeoricas/Aula7_4April2016/Exemplos2016/ROM_multiplier/ROM_multiplier.srcs/sources_1/ip/blk_mem_gen_0/blk_mem_gen_0.upgrade_log'.
INFO: [IP_Flow 19-3471] Wrote upgrade log to 'k:/MostFrequentlyNeeded___2014/Education2011/2015_2016/SecondSemester/CR/AulasTeoricas/Aula7_4April2016/Exemplos2016/ROM_multiplier/ROM_multiplier.srcs/sources_1/ip/blk_mem_gen_0/blk_mem_gen_0.upgrade_log'.
CRITICAL WARNING: [Coretcl 2-1279] The upgrade of IP instance 'blk_mem_gen_0' has identified issues that may require user intervention. Please review the upgrade log 'k:/MostFrequentlyNeeded___2014/Education2011/2015_2016/SecondSemester/CR/AulasTeoricas/Aula7_4April2016/Exemplos2016/ROM_multiplier/ROM_multiplier.srcs/sources_1/ip/blk_mem_gen_0/blk_mem_gen_0.upgrade_log', and verify that the upgraded IP is correctly configured.
upgrade_ip: Time (s): cpu = 00:00:47 ; elapsed = 00:00:46 . Memory (MB): peak = 921.684 ; gain = 0.000
INFO: [Common 17-681] Processing pending cancel.
convert_ips [get_files  K:/MostFrequentlyNeeded___2014/Education2011/2015_2016/SecondSemester/CR/AulasTeoricas/Aula7_4April2016/Exemplos2016/ROM_multiplier/ROM_multiplier.srcs/sources_1/ip/blk_mem_gen_1/blk_mem_gen_1.xci]
INFO: [filemgmt 56-106] Converting IP 'blk_mem_gen_1' into core container format.
ERROR: [filemgmt 56-158] IP 'blk_mem_gen_1' is locked. You can not convert this IP to a core container.
upgrade_ip -srcset blk_mem_gen_1 [get_ips  {blk_mem_gen_1 dist_mem_gen_0}]
Upgrading 'blk_mem_gen_1'
INFO: [Project 1-386] Moving file 'K:/MostFrequentlyNeeded___2014/Education2011/2015_2016/SecondSemester/CR/AulasTeoricas/Aula7_4April2016/Exemplos2016/ROM_multiplier/ROM_multiplier.srcs/sources_1/ip/blk_mem_gen_1/blk_mem_gen_1.xci' from fileset 'blk_mem_gen_1' to fileset 'sources_1'.
WARNING: [IP_Flow 19-3501] Upgraded blk_mem_gen_1 from Block Memory Generator 8.2 to Block Memory Generator 8.3, with warnings. Please review the upgrade log 'k:/MostFrequentlyNeeded___2014/Education2011/2015_2016/SecondSemester/CR/AulasTeoricas/Aula7_4April2016/Exemplos2016/ROM_multiplier/ROM_multiplier.srcs/sources_1/ip/blk_mem_gen_1/blk_mem_gen_1.upgrade_log'.
INFO: [IP_Flow 19-3471] Wrote upgrade log to 'k:/MostFrequentlyNeeded___2014/Education2011/2015_2016/SecondSemester/CR/AulasTeoricas/Aula7_4April2016/Exemplos2016/ROM_multiplier/ROM_multiplier.srcs/sources_1/ip/blk_mem_gen_1/blk_mem_gen_1.upgrade_log'.
INFO: [IP_Flow 19-1686] Generating 'Instantiation Template' target for IP 'blk_mem_gen_1'...
CRITICAL WARNING: [Coretcl 2-1279] The upgrade of IP instance 'blk_mem_gen_1' has identified issues that may require user intervention. Please review the upgrade log 'k:/MostFrequentlyNeeded___2014/Education2011/2015_2016/SecondSemester/CR/AulasTeoricas/Aula7_4April2016/Exemplos2016/ROM_multiplier/ROM_multiplier.srcs/sources_1/ip/blk_mem_gen_1/blk_mem_gen_1.upgrade_log', and verify that the upgraded IP is correctly configured.
Upgrading 'dist_mem_gen_0'
INFO: [Project 1-386] Moving file 'K:/MostFrequentlyNeeded___2014/Education2011/2015_2016/SecondSemester/CR/AulasTeoricas/Aula7_4April2016/Exemplos2016/ROM_multiplier/ROM_multiplier.srcs/sources_1/ip/dist_mem_gen_0/dist_mem_gen_0.xci' from fileset 'dist_mem_gen_0' to fileset 'sources_1'.
CRITICAL WARNING: [IP_Flow 19-3421] Upgrade of 'dist_mem_gen_0' (Distributed Memory Generator 8.0) from revision 7 to revision 9 has resulted in an incomplete parameterization. Please review the upgrade log 'k:/MostFrequentlyNeeded___2014/Education2011/2015_2016/SecondSemester/CR/AulasTeoricas/Aula7_4April2016/Exemplos2016/ROM_multiplier/ROM_multiplier.srcs/sources_1/ip/dist_mem_gen_0/dist_mem_gen_0.upgrade_log', and recustomize this instance before continuing with your design.
CRITICAL WARNING: [IP_Flow 19-3298] Detected external port differences while upgrading IP 'dist_mem_gen_0'. These changes may impact your design.
INFO: [IP_Flow 19-3471] Wrote upgrade log to 'k:/MostFrequentlyNeeded___2014/Education2011/2015_2016/SecondSemester/CR/AulasTeoricas/Aula7_4April2016/Exemplos2016/ROM_multiplier/ROM_multiplier.srcs/sources_1/ip/dist_mem_gen_0/dist_mem_gen_0.upgrade_log'.
INFO: [IP_Flow 19-1686] Generating 'Instantiation Template' target for IP 'dist_mem_gen_0'...
CRITICAL WARNING: [Coretcl 2-1279] The upgrade of IP instance 'dist_mem_gen_0' has identified issues that may require user intervention. Please review the upgrade log 'k:/MostFrequentlyNeeded___2014/Education2011/2015_2016/SecondSemester/CR/AulasTeoricas/Aula7_4April2016/Exemplos2016/ROM_multiplier/ROM_multiplier.srcs/sources_1/ip/dist_mem_gen_0/dist_mem_gen_0.upgrade_log', and verify that the upgraded IP is correctly configured.
upgrade_ip: Time (s): cpu = 00:00:08 ; elapsed = 00:00:07 . Memory (MB): peak = 925.305 ; gain = 3.621
convert_ips [get_files  {K:/MostFrequentlyNeeded___2014/Education2011/2015_2016/SecondSemester/CR/AulasTeoricas/Aula7_4April2016/Exemplos2016/ROM_multiplier/ROM_multiplier.srcs/sources_1/ip/blk_mem_gen_1/blk_mem_gen_1.xci K:/MostFrequentlyNeeded___2014/Education2011/2015_2016/SecondSemester/CR/AulasTeoricas/Aula7_4April2016/Exemplos2016/ROM_multiplier/ROM_multiplier.srcs/sources_1/ip/dist_mem_gen_0/dist_mem_gen_0.xci}]
INFO: [filemgmt 56-106] Converting IP 'blk_mem_gen_1' into core container format.
INFO: [filemgmt 56-101] Creating core container 'K:/MostFrequentlyNeeded___2014/Education2011/2015_2016/SecondSemester/CR/AulasTeoricas/Aula7_4April2016/Exemplos2016/ROM_multiplier/ROM_multiplier.srcs/sources_1/ip/blk_mem_gen_1.xcix' for IP 'blk_mem_gen_1'
INFO: [filemgmt 56-106] Converting IP 'dist_mem_gen_0' into core container format.
INFO: [filemgmt 56-101] Creating core container 'K:/MostFrequentlyNeeded___2014/Education2011/2015_2016/SecondSemester/CR/AulasTeoricas/Aula7_4April2016/Exemplos2016/ROM_multiplier/ROM_multiplier.srcs/sources_1/ip/dist_mem_gen_0.xcix' for IP 'dist_mem_gen_0'
export_ip_user_files -of_objects  [get_files  {K:/MostFrequentlyNeeded___2014/Education2011/2015_2016/SecondSemester/CR/AulasTeoricas/Aula7_4April2016/Exemplos2016/ROM_multiplier/ROM_multiplier.srcs/sources_1/ip/blk_mem_gen_1/blk_mem_gen_1.xci K:/MostFrequentlyNeeded___2014/Education2011/2015_2016/SecondSemester/CR/AulasTeoricas/Aula7_4April2016/Exemplos2016/ROM_multiplier/ROM_multiplier.srcs/sources_1/ip/dist_mem_gen_0/dist_mem_gen_0.xci}] -sync -force -quiet
set_property coreContainer.enable 1 [current_project]
generate_target all [get_files  {K:/MostFrequentlyNeeded___2014/Education2011/2015_2016/SecondSemester/CR/AulasTeoricas/Aula7_4April2016/Exemplos2016/ROM_multiplier/ROM_multiplier.srcs/sources_1/ip/blk_mem_gen_1/blk_mem_gen_1.xci K:/MostFrequentlyNeeded___2014/Education2011/2015_2016/SecondSemester/CR/AulasTeoricas/Aula7_4April2016/Exemplos2016/ROM_multiplier/ROM_multiplier.srcs/sources_1/ip/dist_mem_gen_0/dist_mem_gen_0.xci}]
INFO: [IP_Flow 19-1686] Generating 'Synthesis' target for IP 'blk_mem_gen_1'...
INFO: [IP_Flow 19-1686] Generating 'Simulation' target for IP 'blk_mem_gen_1'...
INFO: [IP_Flow 19-1686] Generating 'Miscellaneous' target for IP 'blk_mem_gen_1'...
INFO: [IP_Flow 19-1686] Generating 'Change Log' target for IP 'blk_mem_gen_1'...
INFO: [IP_Flow 19-1686] Generating 'Synthesis' target for IP 'dist_mem_gen_0'...
INFO: [IP_Flow 19-1686] Generating 'Simulation' target for IP 'dist_mem_gen_0'...
INFO: [IP_Flow 19-1686] Generating 'Change Log' target for IP 'dist_mem_gen_0'...
export_ip_user_files -of_objects [get_files K:/MostFrequentlyNeeded___2014/Education2011/2015_2016/SecondSemester/CR/AulasTeoricas/Aula7_4April2016/Exemplos2016/ROM_multiplier/ROM_multiplier.srcs/sources_1/ip/blk_mem_gen_1/blk_mem_gen_1.xci] -no_script -force -quiet
export_ip_user_files -of_objects [get_files K:/MostFrequentlyNeeded___2014/Education2011/2015_2016/SecondSemester/CR/AulasTeoricas/Aula7_4April2016/Exemplos2016/ROM_multiplier/ROM_multiplier.srcs/sources_1/ip/dist_mem_gen_0/dist_mem_gen_0.xci] -no_script -force -quiet
create_ip_run [get_files -of_objects [get_fileset sources_1] K:/MostFrequentlyNeeded___2014/Education2011/2015_2016/SecondSemester/CR/AulasTeoricas/Aula7_4April2016/Exemplos2016/ROM_multiplier/ROM_multiplier.srcs/sources_1/ip/blk_mem_gen_1/blk_mem_gen_1.xci]
create_ip_run [get_files -of_objects [get_fileset sources_1] K:/MostFrequentlyNeeded___2014/Education2011/2015_2016/SecondSemester/CR/AulasTeoricas/Aula7_4April2016/Exemplos2016/ROM_multiplier/ROM_multiplier.srcs/sources_1/ip/dist_mem_gen_0/dist_mem_gen_0.xci]
launch_run -jobs 4 {blk_mem_gen_1_synth_1 dist_mem_gen_0_synth_1}
[Sun Apr 03 19:21:15 2016] Launched blk_mem_gen_1_synth_1, dist_mem_gen_0_synth_1...
Run output will be captured here:
blk_mem_gen_1_synth_1: K:/MostFrequentlyNeeded___2014/Education2011/2015_2016/SecondSemester/CR/AulasTeoricas/Aula7_4April2016/Exemplos2016/ROM_multiplier/ROM_multiplier.runs/blk_mem_gen_1_synth_1/runme.log
dist_mem_gen_0_synth_1: K:/MostFrequentlyNeeded___2014/Education2011/2015_2016/SecondSemester/CR/AulasTeoricas/Aula7_4April2016/Exemplos2016/ROM_multiplier/ROM_multiplier.runs/dist_mem_gen_0_synth_1/runme.log
export_simulation -of_objects [get_files K:/MostFrequentlyNeeded___2014/Education2011/2015_2016/SecondSemester/CR/AulasTeoricas/Aula7_4April2016/Exemplos2016/ROM_multiplier/ROM_multiplier.srcs/sources_1/ip/blk_mem_gen_1/blk_mem_gen_1.xci] -directory K:/MostFrequentlyNeeded___2014/Education2011/2015_2016/SecondSemester/CR/AulasTeoricas/Aula7_4April2016/Exemplos2016/ROM_multiplier/ROM_multiplier.ip_user_files/sim_scripts -force -quiet
export_simulation -of_objects [get_files K:/MostFrequentlyNeeded___2014/Education2011/2015_2016/SecondSemester/CR/AulasTeoricas/Aula7_4April2016/Exemplos2016/ROM_multiplier/ROM_multiplier.srcs/sources_1/ip/dist_mem_gen_0/dist_mem_gen_0.xci] -directory K:/MostFrequentlyNeeded___2014/Education2011/2015_2016/SecondSemester/CR/AulasTeoricas/Aula7_4April2016/Exemplos2016/ROM_multiplier/ROM_multiplier.ip_user_files/sim_scripts -force -quiet
remove_files {K:/MostFrequentlyNeeded___2014/Education2011/2015_2016/SecondSemester/CR/AulasTeoricas/Aula7_4April2016/5/embedded_memory/ROM_coe.coe K:/MostFrequentlyNeeded___2014/Education2011/2015_2016/SecondSemester/CR/AulasTeoricas/Aula7_4April2016/Exemplos2016/Java/coe_for_multiplication.coe K:/MostFrequentlyNeeded___2014/Education2011/2015_2016/SecondSemester/CR/AulasTeoricas/Aula7_4April2016/Exemplos2016/coe_for_multiplication.coe K:/MostFrequentlyNeeded___2014/Education2011/2015_2016/SecondSemester/CR/AulasTeoricas/Aula7_4April2016/5/embedded_memory/coe_from_java.coe K:/MostFrequentlyNeeded___2014/Education2011/2015_2016/SecondSemester/CR/AulasTeoricas/Aula7_4April2016/Exemplos2016/coe_from_java.coe K:/MostFrequentlyNeeded___2014/Education2011/2015_2016/SecondSemester/CR/AulasTeoricas/Aula7_4April2016/5/embedded_memory/coe_from_java1.coe K:/MostFrequentlyNeeded___2014/Education2011/2015_2016/SecondSemester/CR/AulasTeoricas/Aula7_4April2016/Exemplos2016/coe_from_java2048.coe K:/MostFrequentlyNeeded___2014/Education2011/2015_2016/SecondSemester/CR/AulasTeoricas/Aula7_4April2016/Exemplos2016/coe_from_java32.coe K:/MostFrequentlyNeeded___2014/Education2011/2015_2016/SecondSemester/CR/AulasTeoricas/Aula7_4April2016/Exemplos2016/coe_from_java64.coe}
WARNING: [IP_Flow 19-4067] Ignoring invalid widget type specified checkbox.Providing a default widget
WARNING: [IP_Flow 19-4067] Ignoring invalid widget type specified checkbox.Providing a default widget
WARNING: [IP_Flow 19-4067] Ignoring invalid widget type specified checkbox.Providing a default widget
WARNING: [IP_Flow 19-4067] Ignoring invalid widget type specified checkbox.Providing a default widget
WARNING: [IP_Flow 19-4067] Ignoring invalid widget type specified checkbox.Providing a default widget
WARNING: [IP_Flow 19-4067] Ignoring invalid widget type specified checkbox.Providing a default widget
WARNING: [IP_Flow 19-4067] Ignoring invalid widget type specified checkbox.Providing a default widget
WARNING: [IP_Flow 19-4067] Ignoring invalid widget type specified checkbox.Providing a default widget
set_property -dict [list CONFIG.Load_Init_File {true} CONFIG.Coe_File {K:/MostFrequentlyNeeded___2014/Education2011/2015_2016/SecondSemester/CR/AulasTeoricas/Aula7_4April2016/Exemplos2016/ROM_multiplier/coe_for_multiplication.coe}] [get_ips blk_mem_gen_1]
INFO: [IP_Flow 19-3484] Absolute path of file 'k:/MostFrequentlyNeeded___2014/Education2011/2015_2016/SecondSemester/CR/AulasTeoricas/Aula7_4April2016/Exemplos2016/ROM_multiplier/coe_for_multiplication.coe' provided. It will be converted relative to IP Instance files '../../../../coe_for_multiplication.coe'
generate_target all [get_files  K:/MostFrequentlyNeeded___2014/Education2011/2015_2016/SecondSemester/CR/AulasTeoricas/Aula7_4April2016/Exemplos2016/ROM_multiplier/ROM_multiplier.srcs/sources_1/ip/blk_mem_gen_1/blk_mem_gen_1.xci]
INFO: [IP_Flow 19-1686] Generating 'Instantiation Template' target for IP 'blk_mem_gen_1'...
INFO: [IP_Flow 19-1686] Generating 'Synthesis' target for IP 'blk_mem_gen_1'...
INFO: [IP_Flow 19-1686] Generating 'Simulation' target for IP 'blk_mem_gen_1'...
INFO: [IP_Flow 19-1686] Generating 'Miscellaneous' target for IP 'blk_mem_gen_1'...
INFO: [IP_Flow 19-1686] Generating 'Change Log' target for IP 'blk_mem_gen_1'...
generate_target: Time (s): cpu = 00:00:03 ; elapsed = 00:00:09 . Memory (MB): peak = 957.203 ; gain = 0.000
export_ip_user_files -of_objects [get_files K:/MostFrequentlyNeeded___2014/Education2011/2015_2016/SecondSemester/CR/AulasTeoricas/Aula7_4April2016/Exemplos2016/ROM_multiplier/ROM_multiplier.srcs/sources_1/ip/blk_mem_gen_1/blk_mem_gen_1.xci] -no_script -force -quiet
reset_run blk_mem_gen_1_synth_1
launch_run -jobs 4 blk_mem_gen_1_synth_1
[Sun Apr 03 19:24:10 2016] Launched blk_mem_gen_1_synth_1...
Run output will be captured here: K:/MostFrequentlyNeeded___2014/Education2011/2015_2016/SecondSemester/CR/AulasTeoricas/Aula7_4April2016/Exemplos2016/ROM_multiplier/ROM_multiplier.runs/blk_mem_gen_1_synth_1/runme.log
launch_runs: Time (s): cpu = 00:00:01 ; elapsed = 00:00:07 . Memory (MB): peak = 957.203 ; gain = 0.000
export_simulation -of_objects [get_files K:/MostFrequentlyNeeded___2014/Education2011/2015_2016/SecondSemester/CR/AulasTeoricas/Aula7_4April2016/Exemplos2016/ROM_multiplier/ROM_multiplier.srcs/sources_1/ip/blk_mem_gen_1/blk_mem_gen_1.xci] -directory K:/MostFrequentlyNeeded___2014/Education2011/2015_2016/SecondSemester/CR/AulasTeoricas/Aula7_4April2016/Exemplos2016/ROM_multiplier/ROM_multiplier.ip_user_files/sim_scripts -force -quiet
import_files -norecurse K:/MostFrequentlyNeeded___2014/Education2011/2015_2016/SecondSemester/CR/AulasTeoricas/Aula7_4April2016/Exemplos2016/ROM_multiplier/ROM_multiplier.srcs/sources_1/new/use_display_control.vhd
import_files -norecurse {{K:/MostFrequentlyNeeded___2014/Education2011/2014_2015/SecondSemester/CR/AllProjectsThat were_Used_for_CR_in_2014_2015/New_SDR_P/SDR_P/6/Binary_to_BCD16.vhd}}
import_files -norecurse {{K:/MostFrequentlyNeeded___2014/Education2011/2014_2015/SecondSemester/CR/AllProjectsThat were_Used_for_CR_in_2014_2015/New_SDR_P/SDR_P/1/UsingSegmentDisplays/UsingSegmentDisplays.srcs/sources_1/imports/Binario_BCD/DidplayControl.vhd}}
reset_run synth_1
launch_runs impl_1 -to_step write_bitstream -jobs 4
INFO: [IP_Flow 19-1686] Generating 'Instantiation Template' target for IP 'blk_mem_gen_0'...
INFO: [IP_Flow 19-1686] Generating 'Synthesis' target for IP 'blk_mem_gen_0'...
INFO: [IP_Flow 19-1686] Generating 'Simulation' target for IP 'blk_mem_gen_0'...
INFO: [IP_Flow 19-1686] Generating 'Miscellaneous' target for IP 'blk_mem_gen_0'...
INFO: [IP_Flow 19-1686] Generating 'Change Log' target for IP 'blk_mem_gen_0'...
[Sun Apr 03 19:27:32 2016] Launched blk_mem_gen_0_synth_1, synth_1...
Run output will be captured here:
blk_mem_gen_0_synth_1: K:/MostFrequentlyNeeded___2014/Education2011/2015_2016/SecondSemester/CR/AulasTeoricas/Aula7_4April2016/Exemplos2016/ROM_multiplier/ROM_multiplier.runs/blk_mem_gen_0_synth_1/runme.log
synth_1: K:/MostFrequentlyNeeded___2014/Education2011/2015_2016/SecondSemester/CR/AulasTeoricas/Aula7_4April2016/Exemplos2016/ROM_multiplier/ROM_multiplier.runs/synth_1/runme.log
[Sun Apr 03 19:27:32 2016] Launched impl_1...
Run output will be captured here: K:/MostFrequentlyNeeded___2014/Education2011/2015_2016/SecondSemester/CR/AulasTeoricas/Aula7_4April2016/Exemplos2016/ROM_multiplier/ROM_multiplier.runs/impl_1/runme.log
import_files -norecurse {{K:/MostFrequentlyNeeded___2014/Education2011/2014_2015/SecondSemester/CR/AllProjectsThat were_Used_for_CR_in_2014_2015/New_SDR_P/SDR_P/1/UsingSegmentDisplays/UsingSegmentDisplays.srcs/sources_1/imports/Binario_BCD/SegmentDecoder.vhd}}
reset_run synth_1
launch_runs impl_1 -to_step write_bitstream -jobs 4
[Sun Apr 03 19:37:28 2016] Launched synth_1...
Run output will be captured here: K:/MostFrequentlyNeeded___2014/Education2011/2015_2016/SecondSemester/CR/AulasTeoricas/Aula7_4April2016/Exemplos2016/ROM_multiplier/ROM_multiplier.runs/synth_1/runme.log
[Sun Apr 03 19:37:28 2016] Launched impl_1...
Run output will be captured here: K:/MostFrequentlyNeeded___2014/Education2011/2015_2016/SecondSemester/CR/AulasTeoricas/Aula7_4April2016/Exemplos2016/ROM_multiplier/ROM_multiplier.runs/impl_1/runme.log
remove_files {K:/MostFrequentlyNeeded___2014/Education2011/2015_2016/SecondSemester/CR/AulasTeoricas/Aula7_4April2016/Exemplos2016/Binary_to_BCD16.vhd K:/MostFrequentlyNeeded___2014/Education2011/2015_2016/SecondSemester/CR/AulasTeoricas/Aula7_4April2016/Exemplos2016/Binary_to_BCD8.vhd K:/MostFrequentlyNeeded___2014/Education2011/2015_2016/SecondSemester/CR/AulasTeoricas/Aula7_4April2016/1/UsingSegmentDisplays/UsingSegmentDisplays.srcs/sources_1/imports/Binario_BCD/Clock_divider.vhd K:/MostFrequentlyNeeded___2014/Education2011/2015_2016/SecondSemester/CR/AulasTeoricas/Aula7_4April2016/5/display_control/display_control.srcs/sources_1/new/disp.vhd K:/MostFrequentlyNeeded___2014/Education2011/2015_2016/SecondSemester/CR/AulasTeoricas/Aula7_4April2016/5/display_control/display_control.srcs/sources_1/new/segment_decoder.vhd}
reset_run synth_1
launch_runs impl_1 -to_step write_bitstream -jobs 4
[Sun Apr 03 19:39:49 2016] Launched synth_1...
Run output will be captured here: K:/MostFrequentlyNeeded___2014/Education2011/2015_2016/SecondSemester/CR/AulasTeoricas/Aula7_4April2016/Exemplos2016/ROM_multiplier/ROM_multiplier.runs/synth_1/runme.log
[Sun Apr 03 19:39:49 2016] Launched impl_1...
Run output will be captured here: K:/MostFrequentlyNeeded___2014/Education2011/2015_2016/SecondSemester/CR/AulasTeoricas/Aula7_4April2016/Exemplos2016/ROM_multiplier/ROM_multiplier.runs/impl_1/runme.log
open_hw
connect_hw_server
INFO: [Labtools 27-2285] Connecting to hw_server url TCP:localhost:3121
open_hw_target
INFO: [Labtoolstcl 44-466] Opening hw_target localhost:3121/xilinx_tcf/Digilent/210274505160A
set_property PROGRAM.FILE {K:/MostFrequentlyNeeded___2014/Education2011/2015_2016/SecondSemester/CR/AulasTeoricas/Aula7_4April2016/Exemplos2016/ROM_multiplier/ROM_multiplier.runs/impl_1/Multiplier_ROM.bit} [lindex [get_hw_devices] 0]
set_property PROBES.FILE {K:/MostFrequentlyNeeded___2014/Education2011/2015_2016/SecondSemester/CR/AulasTeoricas/Aula7_4April2016/Exemplos2016/ROM_multiplier/ROM_multiplier.runs/impl_1/debug_nets.ltx} [lindex [get_hw_devices] 0]
current_hw_device [lindex [get_hw_devices] 0]
refresh_hw_device -update_hw_probes false [lindex [get_hw_devices] 0]
INFO: [Labtools 27-1435] Device xc7a100t (JTAG device index = 0) is not programmed (DONE status = 0).
set_property PROBES.FILE {K:/MostFrequentlyNeeded___2014/Education2011/2015_2016/SecondSemester/CR/AulasTeoricas/Aula7_4April2016/Exemplos2016/ROM_multiplier/ROM_multiplier.runs/impl_1/debug_nets.ltx} [lindex [get_hw_devices] 0]
set_property PROGRAM.FILE {K:/MostFrequentlyNeeded___2014/Education2011/2015_2016/SecondSemester/CR/AulasTeoricas/Aula7_4April2016/Exemplos2016/ROM_multiplier/ROM_multiplier.runs/impl_1/Multiplier_ROM.bit} [lindex [get_hw_devices] 0]
program_hw_devices [lindex [get_hw_devices] 0]
INFO: [Labtools 27-3164] End of startup status: HIGH
refresh_hw_device [lindex [get_hw_devices] 0]
INFO: [Labtools 27-1434] Device xc7a100t (JTAG device index = 0) is programmed with a design that has no supported debug core(s) in it.
WARNING: [Labtools 27-3123] The debug hub core was not detected at User Scan Chain 1 or 3.
Resolution: 
1. Make sure the clock connected to the debug hub (dbg_hub) core is a free running clock and is active OR
2. Manually launch hw_server with -e "set xsdb-user-bscan <C_USER_SCAN_CHAIN scan_chain_number>" to detect the debug hub at User Scan Chain of 2 or 4. To determine the user scan chain setting, open the implemented design and use: get_property C_USER_SCAN_CHAIN [get_debug_cores dbg_hub].
set_property PROBES.FILE {K:/MostFrequentlyNeeded___2014/Education2011/2015_2016/SecondSemester/CR/AulasTeoricas/Aula7_4April2016/Exemplos2016/ROM_multiplier/ROM_multiplier.runs/impl_1/debug_nets.ltx} [lindex [get_hw_devices] 0]
set_property PROGRAM.FILE {K:/MostFrequentlyNeeded___2014/Education2011/2015_2016/SecondSemester/CR/AulasTeoricas/Aula7_4April2016/Exemplos2016/ROM_multiplier/ROM_multiplier.runs/impl_1/Multiplier_ROM.bit} [lindex [get_hw_devices] 0]
program_hw_devices [lindex [get_hw_devices] 0]
INFO: [Labtools 27-3164] End of startup status: HIGH
refresh_hw_device [lindex [get_hw_devices] 0]
INFO: [Labtools 27-1434] Device xc7a100t (JTAG device index = 0) is programmed with a design that has no supported debug core(s) in it.
WARNING: [Labtools 27-3123] The debug hub core was not detected at User Scan Chain 1 or 3.
Resolution: 
1. Make sure the clock connected to the debug hub (dbg_hub) core is a free running clock and is active OR
2. Manually launch hw_server with -e "set xsdb-user-bscan <C_USER_SCAN_CHAIN scan_chain_number>" to detect the debug hub at User Scan Chain of 2 or 4. To determine the user scan chain setting, open the implemented design and use: get_property C_USER_SCAN_CHAIN [get_debug_cores dbg_hub].
WARNING: [IP_Flow 19-4067] Ignoring invalid widget type specified checkbox.Providing a default widget
WARNING: [IP_Flow 19-4067] Ignoring invalid widget type specified checkbox.Providing a default widget
set_property -dict [list CONFIG.Coe_File {K:/MostFrequentlyNeeded___2014/Education2011/2015_2016/SecondSemester/CR/AulasTeoricas/Aula7_4April2016/Exemplos2016/ROM_multiplier/coe_for_multiplication.coe}] [get_ips blk_mem_gen_1]
INFO: [IP_Flow 19-3484] Absolute path of file 'k:/MostFrequentlyNeeded___2014/Education2011/2015_2016/SecondSemester/CR/AulasTeoricas/Aula7_4April2016/Exemplos2016/ROM_multiplier/coe_for_multiplication.coe' provided. It will be converted relative to IP Instance files '../../../../coe_for_multiplication.coe'
generate_target all [get_files  K:/MostFrequentlyNeeded___2014/Education2011/2015_2016/SecondSemester/CR/AulasTeoricas/Aula7_4April2016/Exemplos2016/ROM_multiplier/ROM_multiplier.srcs/sources_1/ip/blk_mem_gen_1/blk_mem_gen_1.xci]
INFO: [IP_Flow 19-1686] Generating 'Instantiation Template' target for IP 'blk_mem_gen_1'...
INFO: [IP_Flow 19-1686] Generating 'Synthesis' target for IP 'blk_mem_gen_1'...
INFO: [IP_Flow 19-1686] Generating 'Simulation' target for IP 'blk_mem_gen_1'...
INFO: [IP_Flow 19-1686] Generating 'Miscellaneous' target for IP 'blk_mem_gen_1'...
INFO: [IP_Flow 19-1686] Generating 'Change Log' target for IP 'blk_mem_gen_1'...
generate_target: Time (s): cpu = 00:00:09 ; elapsed = 00:00:17 . Memory (MB): peak = 1169.348 ; gain = 0.000
export_ip_user_files -of_objects [get_files K:/MostFrequentlyNeeded___2014/Education2011/2015_2016/SecondSemester/CR/AulasTeoricas/Aula7_4April2016/Exemplos2016/ROM_multiplier/ROM_multiplier.srcs/sources_1/ip/blk_mem_gen_1/blk_mem_gen_1.xci] -no_script -force -quiet
reset_run blk_mem_gen_1_synth_1
launch_run -jobs 4 blk_mem_gen_1_synth_1
[Sun Apr 03 19:46:37 2016] Launched blk_mem_gen_1_synth_1...
Run output will be captured here: K:/MostFrequentlyNeeded___2014/Education2011/2015_2016/SecondSemester/CR/AulasTeoricas/Aula7_4April2016/Exemplos2016/ROM_multiplier/ROM_multiplier.runs/blk_mem_gen_1_synth_1/runme.log
launch_runs: Time (s): cpu = 00:00:02 ; elapsed = 00:00:07 . Memory (MB): peak = 1169.348 ; gain = 0.000
export_simulation -of_objects [get_files K:/MostFrequentlyNeeded___2014/Education2011/2015_2016/SecondSemester/CR/AulasTeoricas/Aula7_4April2016/Exemplos2016/ROM_multiplier/ROM_multiplier.srcs/sources_1/ip/blk_mem_gen_1/blk_mem_gen_1.xci] -directory K:/MostFrequentlyNeeded___2014/Education2011/2015_2016/SecondSemester/CR/AulasTeoricas/Aula7_4April2016/Exemplos2016/ROM_multiplier/ROM_multiplier.ip_user_files/sim_scripts -force -quiet
reset_run synth_1
launch_runs impl_1 -to_step write_bitstream -jobs 4
[Sun Apr 03 19:46:47 2016] Launched blk_mem_gen_1_synth_1, synth_1...
Run output will be captured here:
blk_mem_gen_1_synth_1: K:/MostFrequentlyNeeded___2014/Education2011/2015_2016/SecondSemester/CR/AulasTeoricas/Aula7_4April2016/Exemplos2016/ROM_multiplier/ROM_multiplier.runs/blk_mem_gen_1_synth_1/runme.log
synth_1: K:/MostFrequentlyNeeded___2014/Education2011/2015_2016/SecondSemester/CR/AulasTeoricas/Aula7_4April2016/Exemplos2016/ROM_multiplier/ROM_multiplier.runs/synth_1/runme.log
[Sun Apr 03 19:46:47 2016] Launched impl_1...
Run output will be captured here: K:/MostFrequentlyNeeded___2014/Education2011/2015_2016/SecondSemester/CR/AulasTeoricas/Aula7_4April2016/Exemplos2016/ROM_multiplier/ROM_multiplier.runs/impl_1/runme.log
ERROR: [Labtoolstcl 44-513] HW Target shutdown. Closing target: localhost:3121/xilinx_tcf/Digilent/210274505160A
disconnect_hw_server localhost:3121
connect_hw_server
INFO: [Labtools 27-2285] Connecting to hw_server url TCP:localhost:3121
open_hw_target
INFO: [Labtoolstcl 44-466] Opening hw_target localhost:3121/xilinx_tcf/Digilent/210274505160A
set_property PROGRAM.FILE {K:/MostFrequentlyNeeded___2014/Education2011/2015_2016/SecondSemester/CR/AulasTeoricas/Aula7_4April2016/Exemplos2016/ROM_multiplier/ROM_multiplier.runs/impl_1/Multiplier_ROM.bit} [lindex [get_hw_devices] 0]
set_property PROBES.FILE {K:/MostFrequentlyNeeded___2014/Education2011/2015_2016/SecondSemester/CR/AulasTeoricas/Aula7_4April2016/Exemplos2016/ROM_multiplier/ROM_multiplier.runs/impl_1/debug_nets.ltx} [lindex [get_hw_devices] 0]
current_hw_device [lindex [get_hw_devices] 0]
refresh_hw_device -update_hw_probes false [lindex [get_hw_devices] 0]
INFO: [Labtools 27-1435] Device xc7a100t (JTAG device index = 0) is not programmed (DONE status = 0).
set_property PROBES.FILE {K:/MostFrequentlyNeeded___2014/Education2011/2015_2016/SecondSemester/CR/AulasTeoricas/Aula7_4April2016/Exemplos2016/ROM_multiplier/ROM_multiplier.runs/impl_1/debug_nets.ltx} [lindex [get_hw_devices] 0]
set_property PROGRAM.FILE {K:/MostFrequentlyNeeded___2014/Education2011/2015_2016/SecondSemester/CR/AulasTeoricas/Aula7_4April2016/Exemplos2016/ROM_multiplier/ROM_multiplier.runs/impl_1/Multiplier_ROM.bit} [lindex [get_hw_devices] 0]
program_hw_devices [lindex [get_hw_devices] 0]
INFO: [Labtools 27-3164] End of startup status: HIGH
refresh_hw_device [lindex [get_hw_devices] 0]
INFO: [Labtools 27-1434] Device xc7a100t (JTAG device index = 0) is programmed with a design that has no supported debug core(s) in it.
WARNING: [Labtools 27-3123] The debug hub core was not detected at User Scan Chain 1 or 3.
Resolution: 
1. Make sure the clock connected to the debug hub (dbg_hub) core is a free running clock and is active OR
2. Manually launch hw_server with -e "set xsdb-user-bscan <C_USER_SCAN_CHAIN scan_chain_number>" to detect the debug hub at User Scan Chain of 2 or 4. To determine the user scan chain setting, open the implemented design and use: get_property C_USER_SCAN_CHAIN [get_debug_cores dbg_hub].
reset_run synth_1
launch_runs impl_1 -to_step write_bitstream -jobs 4
[Sun Apr 03 19:52:00 2016] Launched synth_1...
Run output will be captured here: K:/MostFrequentlyNeeded___2014/Education2011/2015_2016/SecondSemester/CR/AulasTeoricas/Aula7_4April2016/Exemplos2016/ROM_multiplier/ROM_multiplier.runs/synth_1/runme.log
[Sun Apr 03 19:52:00 2016] Launched impl_1...
Run output will be captured here: K:/MostFrequentlyNeeded___2014/Education2011/2015_2016/SecondSemester/CR/AulasTeoricas/Aula7_4April2016/Exemplos2016/ROM_multiplier/ROM_multiplier.runs/impl_1/runme.log
set_property PROBES.FILE {K:/MostFrequentlyNeeded___2014/Education2011/2015_2016/SecondSemester/CR/AulasTeoricas/Aula7_4April2016/Exemplos2016/ROM_multiplier/ROM_multiplier.runs/impl_1/debug_nets.ltx} [lindex [get_hw_devices] 0]
set_property PROGRAM.FILE {K:/MostFrequentlyNeeded___2014/Education2011/2015_2016/SecondSemester/CR/AulasTeoricas/Aula7_4April2016/Exemplos2016/ROM_multiplier/ROM_multiplier.runs/impl_1/Multiplier_ROM.bit} [lindex [get_hw_devices] 0]
program_hw_devices [lindex [get_hw_devices] 0]
INFO: [Labtools 27-3164] End of startup status: HIGH
refresh_hw_device [lindex [get_hw_devices] 0]
INFO: [Labtools 27-1434] Device xc7a100t (JTAG device index = 0) is programmed with a design that has no supported debug core(s) in it.
WARNING: [Labtools 27-3123] The debug hub core was not detected at User Scan Chain 1 or 3.
Resolution: 
1. Make sure the clock connected to the debug hub (dbg_hub) core is a free running clock and is active OR
2. Manually launch hw_server with -e "set xsdb-user-bscan <C_USER_SCAN_CHAIN scan_chain_number>" to detect the debug hub at User Scan Chain of 2 or 4. To determine the user scan chain setting, open the implemented design and use: get_property C_USER_SCAN_CHAIN [get_debug_cores dbg_hub].
open_project K:/MostFrequentlyNeeded___2014/Education2011/2015_2016/SecondSemester/CR/AulasTeoricas/Aula7_4April2016/Exemplos2016/Max_network/Max_network.xpr
INFO: [ProjectBase 1-489] The host OS only allows 260 characters in a normal path. The project is stored in a path with more than 80 characters. If you experience issues with IP, Block Designs, or files not being found, please consider moving the project to a location with a shorter path. Alternately consider using the OS subst command to map part of the path to a drive letter.
Current project path is 'K:/MostFrequentlyNeeded___2014/Education2011/2015_2016/SecondSemester/CR/AulasTeoricas/Aula7_4April2016/Exemplos2016/Max_network'
INFO: [Project 1-313] Project file moved from 'I:/SDR_P/6/Max_network' since last save.
CRITICAL WARNING: [Project 1-311] Could not find the file 'K:/MostFrequentlyNeeded___2014/Education2011/2015_2016/SecondSemester/CR/AulasTeoricas/Aula7_4April2016/5/display_control/display_control.srcs/sources_1/new/segment_decoder.vhd', nor could it be found using path 'I:/SDR_P/5/display_control/display_control.srcs/sources_1/new/segment_decoder.vhd'.
CRITICAL WARNING: [Project 1-311] Could not find the file 'K:/MostFrequentlyNeeded___2014/Education2011/2015_2016/SecondSemester/CR/AulasTeoricas/Aula7_4April2016/5/display_control/display_control.srcs/sources_1/new/disp.vhd', nor could it be found using path 'I:/SDR_P/5/display_control/display_control.srcs/sources_1/new/disp.vhd'.
CRITICAL WARNING: [Project 1-311] Could not find the file 'K:/MostFrequentlyNeeded___2014/Education2011/2015_2016/SecondSemester/CR/AulasTeoricas/Aula7_4April2016/Exemplos2016/Binary_to_BCD16.vhd', nor could it be found using path 'I:/SDR_P/6/Binary_to_BCD16.vhd'.
CRITICAL WARNING: [Project 1-311] Could not find the file 'K:/MostFrequentlyNeeded___2014/Education2011/2015_2016/SecondSemester/CR/AulasTeoricas/Aula7_4April2016/5/embedded_memory/ROM_coe.coe', nor could it be found using path 'I:/SDR_P/5/embedded_memory/ROM_coe.coe'.
CRITICAL WARNING: [Project 1-311] Could not find the file 'K:/MostFrequentlyNeeded___2014/Education2011/2015_2016/SecondSemester/CR/AulasTeoricas/Aula7_4April2016/5/embedded_memory/coe_from_java.coe', nor could it be found using path 'I:/SDR_P/5/embedded_memory/coe_from_java.coe'.
CRITICAL WARNING: [Project 1-311] Could not find the file 'K:/MostFrequentlyNeeded___2014/Education2011/2015_2016/SecondSemester/CR/AulasTeoricas/Aula7_4April2016/5/embedded_memory/coe_from_java1.coe', nor could it be found using path 'I:/SDR_P/5/embedded_memory/coe_from_java1.coe'.
CRITICAL WARNING: [Project 1-311] Could not find the file 'K:/MostFrequentlyNeeded___2014/Education2011/2015_2016/SecondSemester/CR/AulasTeoricas/Aula7_4April2016/Exemplos2016/Binary_to_BCD8.vhd', nor could it be found using path 'I:/SDR_P/6/Binary_to_BCD8.vhd'.
CRITICAL WARNING: [Project 1-311] Could not find the file 'K:/MostFrequentlyNeeded___2014/Education2011/2015_2016/SecondSemester/CR/AulasTeoricas/Aula7_4April2016/Exemplos2016/coe_from_java2048.coe', nor could it be found using path 'I:/SDR_P/6/coe_from_java2048.coe'.
CRITICAL WARNING: [Project 1-311] Could not find the file 'K:/MostFrequentlyNeeded___2014/Education2011/2015_2016/SecondSemester/CR/AulasTeoricas/Aula7_4April2016/Exemplos2016/coe_for_multiplication.coe', nor could it be found using path 'I:/SDR_P/6/coe_for_multiplication.coe'.
CRITICAL WARNING: [Project 1-311] Could not find the file 'K:/MostFrequentlyNeeded___2014/Education2011/2015_2016/SecondSemester/CR/AulasTeoricas/Aula7_4April2016/Java/coe_for_max.coe', nor could it be found using path 'I:/SDR_P/Java/coe_for_max.coe'.
CRITICAL WARNING: [Project 1-311] Could not find the file 'K:/MostFrequentlyNeeded___2014/Education2011/2015_2016/SecondSemester/CR/AulasTeoricas/Aula7_4April2016/5/FSM_number_of_ones/FSM_number_of_ones.srcs/sim_1/new/stimMax.vhd', nor could it be found using path 'I:/SDR_P/5/FSM_number_of_ones/FSM_number_of_ones.srcs/sim_1/new/stimMax.vhd'.
CRITICAL WARNING: [Project 1-311] Could not find the file 'K:/MostFrequentlyNeeded___2014/Education2011/2015_2016/SecondSemester/CR/AulasTeoricas/Aula7_4April2016/5/FSM_number_of_ones/FSM_number_of_ones.srcs/sim_1/new/stimulos.vhd', nor could it be found using path 'I:/SDR_P/5/FSM_number_of_ones/FSM_number_of_ones.srcs/sim_1/new/stimulos.vhd'.
Scanning sources...
Finished scanning sources
INFO: [Project 1-230] Project 'Max_network.xpr' upgraded for this version of Vivado.
INFO: [IP_Flow 19-234] Refreshing IP repositories
WARNING: [IP_Flow 19-3685] Ignored loading user repository 'k:/MostFrequentlyNeeded___2014/Education2011/2015_2016/SecondSemester/CR/AulasTeoricas/Aula7_4April2016/Exemplos2016/Max_network/Max_network.srcs/sources_1/ip/blk_mem_gen_0'. The path is contained within another repository.
INFO: [IP_Flow 19-1700] Loaded user IP repository 'k:/MostFrequentlyNeeded___2014/Education2011/2015_2016/SecondSemester/CR/AulasTeoricas/Aula7_4April2016/Exemplos2016/Max_network/Max_network.srcs/sources_1/ip'.
INFO: [IP_Flow 19-2313] Loaded Vivado IP repository 'D:/Xilinx/Vivado/2015.4/data/ip'.
WARNING: [IP_Flow 19-2162] IP 'blk_mem_gen_0' is locked:
* IP definition 'Block Memory Generator (8.2)' for IP 'blk_mem_gen_0' has a newer minor version in the IP Catalog.
* IP definition 'Block Memory Generator (8.2)' for IP 'blk_mem_gen_0' has a different revision in the IP Catalog.
Please select 'Report IP Status' from the 'Tools/Report' menu or run Tcl command 'report_ip_status' for more information.
current_project ROM_multiplier
close_project
update_compile_order -fileset sources_1
update_compile_order -fileset sim_1
update_compile_order -fileset sim_1
update_compile_order -fileset sim_1
report_ip_status -name ip_status 
upgrade_ip -srcset blk_mem_gen_0 -vlnv xilinx.com:ip:blk_mem_gen:8.3 [get_ips  blk_mem_gen_0]
Upgrading 'blk_mem_gen_0'
INFO: [Project 1-386] Moving file 'K:/MostFrequentlyNeeded___2014/Education2011/2015_2016/SecondSemester/CR/AulasTeoricas/Aula7_4April2016/Exemplos2016/Max_network/Max_network.srcs/sources_1/ip/blk_mem_gen_0/blk_mem_gen_0.xci' from fileset 'blk_mem_gen_0' to fileset 'sources_1'.
WARNING: [IP_Flow 19-3501] Upgraded blk_mem_gen_0 from Block Memory Generator 8.2 to Block Memory Generator 8.3, with warnings. Please review the upgrade log 'k:/MostFrequentlyNeeded___2014/Education2011/2015_2016/SecondSemester/CR/AulasTeoricas/Aula7_4April2016/Exemplos2016/Max_network/Max_network.srcs/sources_1/ip/blk_mem_gen_0/blk_mem_gen_0.upgrade_log'.
INFO: [IP_Flow 19-3471] Wrote upgrade log to 'k:/MostFrequentlyNeeded___2014/Education2011/2015_2016/SecondSemester/CR/AulasTeoricas/Aula7_4April2016/Exemplos2016/Max_network/Max_network.srcs/sources_1/ip/blk_mem_gen_0/blk_mem_gen_0.upgrade_log'.
INFO: [IP_Flow 19-1686] Generating 'Instantiation Template' target for IP 'blk_mem_gen_0'...
CRITICAL WARNING: [Coretcl 2-1279] The upgrade of IP instance 'blk_mem_gen_0' has identified issues that may require user intervention. Please review the upgrade log 'k:/MostFrequentlyNeeded___2014/Education2011/2015_2016/SecondSemester/CR/AulasTeoricas/Aula7_4April2016/Exemplos2016/Max_network/Max_network.srcs/sources_1/ip/blk_mem_gen_0/blk_mem_gen_0.upgrade_log', and verify that the upgraded IP is correctly configured.
upgrade_ip: Time (s): cpu = 00:00:08 ; elapsed = 00:00:08 . Memory (MB): peak = 1200.285 ; gain = 0.000
convert_ips [get_files  K:/MostFrequentlyNeeded___2014/Education2011/2015_2016/SecondSemester/CR/AulasTeoricas/Aula7_4April2016/Exemplos2016/Max_network/Max_network.srcs/sources_1/ip/blk_mem_gen_0/blk_mem_gen_0.xci]
INFO: [filemgmt 56-106] Converting IP 'blk_mem_gen_0' into core container format.
INFO: [filemgmt 56-101] Creating core container 'K:/MostFrequentlyNeeded___2014/Education2011/2015_2016/SecondSemester/CR/AulasTeoricas/Aula7_4April2016/Exemplos2016/Max_network/Max_network.srcs/sources_1/ip/blk_mem_gen_0.xcix' for IP 'blk_mem_gen_0'
export_ip_user_files -of_objects  [get_files  K:/MostFrequentlyNeeded___2014/Education2011/2015_2016/SecondSemester/CR/AulasTeoricas/Aula7_4April2016/Exemplos2016/Max_network/Max_network.srcs/sources_1/ip/blk_mem_gen_0/blk_mem_gen_0.xci] -sync -force -quiet
set_property coreContainer.enable 1 [current_project]
update_compile_order -fileset sources_1
generate_target all [get_files  K:/MostFrequentlyNeeded___2014/Education2011/2015_2016/SecondSemester/CR/AulasTeoricas/Aula7_4April2016/Exemplos2016/Max_network/Max_network.srcs/sources_1/ip/blk_mem_gen_0/blk_mem_gen_0.xci]
INFO: [IP_Flow 19-1686] Generating 'Synthesis' target for IP 'blk_mem_gen_0'...
INFO: [IP_Flow 19-1686] Generating 'Simulation' target for IP 'blk_mem_gen_0'...
INFO: [IP_Flow 19-1686] Generating 'Miscellaneous' target for IP 'blk_mem_gen_0'...
INFO: [IP_Flow 19-1686] Generating 'Change Log' target for IP 'blk_mem_gen_0'...
export_ip_user_files -of_objects [get_files K:/MostFrequentlyNeeded___2014/Education2011/2015_2016/SecondSemester/CR/AulasTeoricas/Aula7_4April2016/Exemplos2016/Max_network/Max_network.srcs/sources_1/ip/blk_mem_gen_0/blk_mem_gen_0.xci] -no_script -force -quiet
create_ip_run [get_files -of_objects [get_fileset sources_1] K:/MostFrequentlyNeeded___2014/Education2011/2015_2016/SecondSemester/CR/AulasTeoricas/Aula7_4April2016/Exemplos2016/Max_network/Max_network.srcs/sources_1/ip/blk_mem_gen_0/blk_mem_gen_0.xci]
launch_run -jobs 4 blk_mem_gen_0_synth_1
[Sun Apr 03 19:56:39 2016] Launched blk_mem_gen_0_synth_1...
Run output will be captured here: K:/MostFrequentlyNeeded___2014/Education2011/2015_2016/SecondSemester/CR/AulasTeoricas/Aula7_4April2016/Exemplos2016/Max_network/Max_network.runs/blk_mem_gen_0_synth_1/runme.log
export_simulation -of_objects [get_files K:/MostFrequentlyNeeded___2014/Education2011/2015_2016/SecondSemester/CR/AulasTeoricas/Aula7_4April2016/Exemplos2016/Max_network/Max_network.srcs/sources_1/ip/blk_mem_gen_0/blk_mem_gen_0.xci] -directory K:/MostFrequentlyNeeded___2014/Education2011/2015_2016/SecondSemester/CR/AulasTeoricas/Aula7_4April2016/Exemplos2016/Max_network/Max_network.ip_user_files/sim_scripts -force -quiet
WARNING: [IP_Flow 19-4067] Ignoring invalid widget type specified checkbox.Providing a default widget
WARNING: [IP_Flow 19-4067] Ignoring invalid widget type specified checkbox.Providing a default widget
exit
INFO: [Common 17-206] Exiting Vivado at Sun Apr 03 20:04:57 2016...
