Vivado Simulator 2014.4
Copyright 1986-1999, 2001-2014 Xilinx, Inc. All Rights Reserved.
Running: C:/Xilinx/Vivado/2014.4/bin/unwrapped/win64.o/xelab.exe -wto 65b704423b274ecd8baeec2953226e0a --debug typical --relax -L blk_mem_gen_v8_2 -L xil_defaultlib -L secureip --snapshot testbench_behav xil_defaultlib.testbench -log elaborate.log 
Multi-threading is on. Using 2 slave threads.
Starting static elaboration
Completed static elaboration
Starting simulation data flow analysis
Completed simulation data flow analysis
Time Resolution for simulation is 1ps
Compiling package std.standard
Compiling package ieee.std_logic_1164
Compiling package ieee.numeric_std
Compiling package std.textio
Compiling package ieee.std_logic_arith
Compiling package ieee.std_logic_unsigned
Compiling package synopsys.attributes
Compiling package ieee.std_logic_misc
Compiling package ieee.std_logic_textio
Compiling architecture output_stage_behavioral of entity blk_mem_gen_v8_2.BLK_MEM_GEN_v8_2_output_stage [\BLK_MEM_GEN_v8_2_output_stage("...]
Compiling architecture output_stage_behavioral of entity blk_mem_gen_v8_2.BLK_MEM_GEN_v8_2_output_stage [\BLK_MEM_GEN_v8_2_output_stage("...]
Compiling architecture softecc_output_reg_stage_behavioral of entity blk_mem_gen_v8_2.BLK_MEM_GEN_v8_2_softecc_output_reg_stage [\BLK_MEM_GEN_v8_2_softecc_output...]
Compiling architecture mem_module_behavioral of entity blk_mem_gen_v8_2.BLK_MEM_GEN_v8_2_mem_module [\BLK_MEM_GEN_v8_2_mem_module("bl...]
Compiling architecture behavioral of entity blk_mem_gen_v8_2.blk_mem_gen_v8_2 [\blk_mem_gen_v8_2("blk_mem_gen_v...]
Compiling architecture blk_mem_gen_0_arch of entity xil_defaultlib.blk_mem_gen_0 [blk_mem_gen_0_default]
Compiling architecture behavioral of entity xil_defaultlib.nivel_topo [nivel_topo_default]
Compiling architecture behavior of entity xil_defaultlib.testbench
Waiting for 2 sub-compilation(s) to finish...
Built simulation snapshot testbench_behav
