#
# A fatal error has been detected by the Java Runtime Environment:
#
#  EXCEPTION_ACCESS_VIOLATION (0xc0000005) at pc=0x000007fed3aa6093, pid=5820, tid=1676
#
# JRE version: Java(TM) SE Runtime Environment (8.0_45-b15) (build 1.8.0_45-b15)
# Java VM: Java HotSpot(TM) 64-Bit Server VM (25.45-b02 mixed mode windows-amd64 compressed oops)
# Problematic frame:
# C  [librdi_coregen.dll+0x686093]
#
# Failed to write core dump. Minidumps are not enabled by default on client versions of Windows
#
# If you would like to submit a bug report, please visit:
#   http://bugreport.java.com/bugreport/crash.jsp
# The crash happened outside the Java Virtual Machine in native code.
# See problematic frame for where to report the bug.
#

---------------  T H R E A D  ---------------

Current thread (0x0000000006d4e800):  JavaThread "AWT-EventQueue-1" [_thread_in_native, id=1676, stack(0x0000000025830000,0x0000000025d30000)]

siginfo: ExceptionCode=0xc0000005, reading address 0xffffffffffffffff

Registers:
RAX=0x000000002e4e8a08, RBX=0x000000003206fce0, RCX=0x000000002e4e7ee0, RDX=0x000000003206fce0
RSP=0x0000000025d2b800, RBP=0x0000000000000001, RSI=0x000000002e4e7ee0, RDI=0x0000000000000000
R8 =0x0000000000000000, R9 =0x0000000000000001, R10=0x000000003206fcc0, R11=0x000000003206fd00
R12=0x0000000000000001, R13=0x000000003206fce0, R14=0x0000000000000000, R15=0x0000000025d2b9d0
RIP=0x000007fed3aa6093, EFLAGS=0x0000000000010202

Top of Stack: (sp=0x0000000025d2b800)
0x0000000025d2b800:   0000000000000000 0000000000000020
0x0000000025d2b810:   0000000011cc72b0 000007fed3422eb5
0x0000000025d2b820:   fffffffffffffffe 000000000a91808d
0x0000000025d2b830:   0000000001d60020 0000000000000028
0x0000000025d2b840:   ffffffff00000000 00009c3e12e33cfa
0x0000000025d2b850:   0000000000000000 000000002e4e7ee0
0x0000000025d2b860:   0000000025d2bb00 000007fed3a9beb0
0x0000000025d2b870:   0000000025d2b940 000007fed34249e3
0x0000000025d2b880:   000000003206fce0 0000000025d2b940
0x0000000025d2b890:   0000000011cc72b0 fffffffffffffffe
0x0000000025d2b8a0:   0000000011cc72b0 000007fed342a698
0x0000000025d2b8b0:   0000000000000000 0000000006d4e9f8
0x0000000025d2b8c0:   0000000025d2bb98 0000000031da77c0
0x0000000025d2b8d0:   0000000025d2b9d0 00000000060e5f60
0x0000000025d2b8e0:   0000000025d2bb78 000007fed3a9bba9
0x0000000025d2b8f0:   0000000025d2b9d0 000000002e4e7ee0 

Instructions: (pc=0x000007fed3aa6093)
0x000007fed3aa6073:   48 89 44 24 48 41 0f b6 e9 49 8b f8 48 8b da 48
0x000007fed3aa6083:   83 7a 10 00 75 07 32 c0 e9 cd 00 00 00 48 8b 01
0x000007fed3aa6093:   ff 50 20 48 8b f0 48 8b c8 e8 df 64 9f ff 84 c0
0x000007fed3aa60a3:   75 e4 48 8d 54 24 28 48 8b ce e8 0e 65 9f ff 90 


Register to memory mapping:

RAX=0x000000002e4e8a08 is an unknown value
RBX=0x000000003206fce0 is an unknown value
RCX=0x000000002e4e7ee0 is an unknown value
RDX=0x000000003206fce0 is an unknown value
RSP=0x0000000025d2b800 is pointing into the stack for thread: 0x0000000006d4e800
RBP=0x0000000000000001 is an unknown value
RSI=0x000000002e4e7ee0 is an unknown value
RDI=0x0000000000000000 is an unknown value
R8 =0x0000000000000000 is an unknown value
R9 =0x0000000000000001 is an unknown value
R10=0x000000003206fcc0 is an unknown value
R11=0x000000003206fd00 is an unknown value
R12=0x0000000000000001 is an unknown value
R13=0x000000003206fce0 is an unknown value
R14=0x0000000000000000 is an unknown value
R15=0x0000000025d2b9d0 is pointing into the stack for thread: 0x0000000006d4e800


Stack: [0x0000000025830000,0x0000000025d30000],  sp=0x0000000025d2b800,  free space=5102k
Native frames: (J=compiled Java code, j=interpreted, Vv=VM code, C=native code)
C  [librdi_coregen.dll+0x686093]
C  [librdi_coregen.dll+0x67beb0]
C  [librdi_coregen.dll+0x67bba9]
C  [librdi_coregen.dll+0x67b9c8]
C  [librdi_coregen.dll+0x1c7312]
C  0x0000000012285e34

Java frames: (J=compiled Java code, j=interpreted, Vv=VM code)
j  ui.data.coregen.ipmgri.IPMgr_findIPData(JLjava/lang/String;)J+0
j  ui.data.coregen.bX.iL(Ljava/lang/String;)Lui/data/coregen/bH;+5
j  ui.views.K.gq.customizeStyledLabel(Ljavax/swing/JTree;Ljava/lang/Object;ZZZIZ)V+143
J 6626 C1 com.jidesoft.tree.StyledTreeCellRenderer.getTreeCellRendererComponent(Ljavax/swing/JTree;Ljava/lang/Object;ZZZIZ)Ljava/awt/Component; (174 bytes) @ 0x00000000135450f4 [0x0000000013543500+0x1bf4]
J 8272 C1 ui.g.k.x.U.getTreeCellRendererComponent(Ljavax/swing/JTree;Ljava/lang/Object;ZZZIZ)Ljava/awt/Component; (112 bytes) @ 0x0000000012f4e20c [0x0000000012f4e120+0xec]
j  ui.views.K.gq.getTreeCellRendererComponent(Ljavax/swing/JTree;Ljava/lang/Object;ZZZIZ)Ljava/awt/Component;+60
J 8667 C2 javax.swing.plaf.basic.BasicTreeUI.getPathBounds(Ljavax/swing/tree/TreePath;Ljava/awt/Insets;Ljava/awt/Rectangle;)Ljava/awt/Rectangle; (78 bytes) @ 0x0000000013bdb794 [0x0000000013bd9d20+0x1a74]
J 7534 C1 javax.swing.plaf.basic.BasicTreeUI.getPathBounds(Ljavax/swing/JTree;Ljavax/swing/tree/TreePath;)Ljava/awt/Rectangle; (30 bytes) @ 0x00000000138aee14 [0x00000000138ae8a0+0x574]
j  javax.swing.plaf.basic.BasicTreeUI.paintVerticalPartOfLeg(Ljava/awt/Graphics;Ljava/awt/Rectangle;Ljava/awt/Insets;Ljavax/swing/tree/TreePath;)V+169
J 8791 C1 javax.swing.plaf.basic.BasicTreeUI.paint(Ljava/awt/Graphics;Ljavax/swing/JComponent;)V (483 bytes) @ 0x000000001273ea8c [0x000000001273ce00+0x1c8c]
J 7778 C2 javax.swing.plaf.ComponentUI.update(Ljava/awt/Graphics;Ljavax/swing/JComponent;)V (36 bytes) @ 0x00000000139e2474 [0x00000000139e2400+0x74]
J 7732 C2 javax.swing.JComponent.paintComponent(Ljava/awt/Graphics;)V (44 bytes) @ 0x00000000139af9c0 [0x00000000139af7a0+0x220]
j  ui.g.k.x.k.paintComponent(Ljava/awt/Graphics;)V+6
J 9635 C2 javax.swing.JComponent.paint(Ljava/awt/Graphics;)V (409 bytes) @ 0x0000000013eb2e84 [0x0000000013eb2560+0x924]
J 9650 C2 javax.swing.JComponent.paintChildren(Ljava/awt/Graphics;)V (669 bytes) @ 0x0000000013ecf094 [0x0000000013ecec40+0x454]
J 9635 C2 javax.swing.JComponent.paint(Ljava/awt/Graphics;)V (409 bytes) @ 0x0000000013eb2eb0 [0x0000000013eb2560+0x950]
j  javax.swing.JViewport.paint(Ljava/awt/Graphics;)V+205
J 9650 C2 javax.swing.JComponent.paintChildren(Ljava/awt/Graphics;)V (669 bytes) @ 0x0000000013ecf094 [0x0000000013ecec40+0x454]
J 9635 C2 javax.swing.JComponent.paint(Ljava/awt/Graphics;)V (409 bytes) @ 0x0000000013eb2eb0 [0x0000000013eb2560+0x950]
J 9650 C2 javax.swing.JComponent.paintChildren(Ljava/awt/Graphics;)V (669 bytes) @ 0x0000000013ecf094 [0x0000000013ecec40+0x454]
J 9635 C2 javax.swing.JComponent.paint(Ljava/awt/Graphics;)V (409 bytes) @ 0x0000000013eb2eb0 [0x0000000013eb2560+0x950]
J 9650 C2 javax.swing.JComponent.paintChildren(Ljava/awt/Graphics;)V (669 bytes) @ 0x0000000013ecf094 [0x0000000013ecec40+0x454]
J 9635 C2 javax.swing.JComponent.paint(Ljava/awt/Graphics;)V (409 bytes) @ 0x0000000013eb2eb0 [0x0000000013eb2560+0x950]
J 6980 C1 javax.swing.JComponent.paintToOffscreen(Ljava/awt/Graphics;IIIIII)V (108 bytes) @ 0x00000000136d1ea4 [0x00000000136d1b40+0x364]
J 7690 C1 javax.swing.RepaintManager$PaintManager.paintDoubleBuffered(Ljavax/swing/JComponent;Ljava/awt/Image;Ljava/awt/Graphics;IIII)V (294 bytes) @ 0x0000000013962934 [0x00000000139621e0+0x754]
J 6979 C1 javax.swing.RepaintManager$PaintManager.paint(Ljavax/swing/JComponent;Ljavax/swing/JComponent;Ljava/awt/Graphics;IIII)Z (189 bytes) @ 0x00000000136cfdd4 [0x00000000136cef20+0xeb4]
J 7697 C1 javax.swing.RepaintManager.paint(Ljavax/swing/JComponent;Ljavax/swing/JComponent;Ljava/awt/Graphics;IIII)V (93 bytes) @ 0x000000001395e27c [0x000000001395dda0+0x4dc]
J 6803 C1 javax.swing.JComponent._paintImmediately(IIII)V (891 bytes) @ 0x000000001361c7dc [0x0000000013619400+0x33dc]
J 8424 C1 javax.swing.JComponent.paintImmediately(IIII)V (155 bytes) @ 0x0000000012f837dc [0x0000000012f829e0+0xdfc]
J 7615 C1 javax.swing.RepaintManager$4.run()Ljava/lang/Void; (278 bytes) @ 0x00000000138ec354 [0x00000000138ebca0+0x6b4]
J 6932 C1 javax.swing.RepaintManager$4.run()Ljava/lang/Object; (5 bytes) @ 0x00000000136a1e4c [0x00000000136a1dc0+0x8c]
v  ~StubRoutines::call_stub
J 1516  java.security.AccessController.doPrivileged(Ljava/security/PrivilegedAction;Ljava/security/AccessControlContext;)Ljava/lang/Object; (0 bytes) @ 0x00000000127860e6 [0x0000000012786080+0x66]
J 7579 C1 javax.swing.RepaintManager.paintDirtyRegions(Ljava/util/Map;)V (196 bytes) @ 0x00000000138d3984 [0x00000000138d2420+0x1564]
J 8805 C1 javax.swing.RepaintManager.paintDirtyRegions()V (50 bytes) @ 0x000000001273a8c4 [0x000000001273a640+0x284]
J 8804 C1 javax.swing.RepaintManager.prePaintDirtyRegions()V (91 bytes) @ 0x000000001238952c [0x0000000012388f00+0x62c]
J 7338 C1 javax.swing.RepaintManager$ProcessingRunnable.run()V (41 bytes) @ 0x0000000012d1cbbc [0x0000000012d1c960+0x25c]
J 6073 C1 java.awt.event.InvocationEvent.dispatch()V (69 bytes) @ 0x000000001276fc54 [0x000000001276fa40+0x214]
J 6101 C1 java.awt.EventQueue.dispatchEventImpl(Ljava/awt/AWTEvent;Ljava/lang/Object;)V (149 bytes) @ 0x000000001264d284 [0x000000001264b780+0x1b04]
J 6087 C1 java.awt.EventQueue$3.run()Ljava/lang/Void; (60 bytes) @ 0x0000000012c9529c [0x0000000012c95080+0x21c]
J 6086 C1 java.awt.EventQueue$3.run()Ljava/lang/Object; (5 bytes) @ 0x000000001275897c [0x0000000012758900+0x7c]
v  ~StubRoutines::call_stub
J 1516  java.security.AccessController.doPrivileged(Ljava/security/PrivilegedAction;Ljava/security/AccessControlContext;)Ljava/lang/Object; (0 bytes) @ 0x00000000127860e6 [0x0000000012786080+0x66]
J 6082 C1 java.awt.EventQueue.dispatchEvent(Ljava/awt/AWTEvent;)V (80 bytes) @ 0x0000000012c9628c [0x0000000012c959c0+0x8cc]
J 6102 C1 ui.frmwork.a.e.dispatchEvent(Ljava/awt/AWTEvent;)V (30 bytes) @ 0x0000000012d168d4 [0x0000000012d167e0+0xf4]
J 4112 C1 java.awt.EventDispatchThread.pumpOneEventForFilters(I)V (295 bytes) @ 0x0000000012fdb354 [0x0000000012fd9540+0x1e14]
j  java.awt.EventDispatchThread.pumpEventsForFilter(ILjava/awt/Conditional;Ljava/awt/EventFilter;)V+35
j  java.awt.EventDispatchThread.pumpEventsForHierarchy(ILjava/awt/Conditional;Ljava/awt/Component;)V+11
j  java.awt.EventDispatchThread.pumpEvents(ILjava/awt/Conditional;)V+4
j  java.awt.EventDispatchThread.pumpEvents(Ljava/awt/Conditional;)V+3
j  java.awt.EventDispatchThread.run()V+9
v  ~StubRoutines::call_stub

---------------  P R O C E S S  ---------------

Java Threads: ( => current thread )
  0x000000003281f800 JavaThread "Refresh IP Repository" [_thread_in_native, id=4852, stack(0x00000000394a0000,0x00000000399a0000)]
  0x000000002fa1d000 JavaThread "hw_ila_monitor" [_thread_blocked, id=5340, stack(0x0000000030220000,0x0000000030720000)]
  0x000000002f9cb800 JavaThread "Update Runs" [_thread_blocked, id=3904, stack(0x000000002fc60000,0x0000000030160000)]
  0x00000000073e1800 JavaThread "Refresh Filesets" [_thread_blocked, id=4224, stack(0x000000002f2c0000,0x000000002f7c0000)]
  0x0000000028f82000 JavaThread "Swing-Shell" daemon [_thread_blocked, id=3516, stack(0x000000002a380000,0x000000002a880000)]
  0x00000000272c3800 JavaThread "Monitor File Timestamp" [_thread_blocked, id=4768, stack(0x00000000294c0000,0x00000000299c0000)]
  0x0000000022f67000 JavaThread "Image Fetcher 3" daemon [_thread_blocked, id=4200, stack(0x0000000027e20000,0x0000000028320000)]
  0x00000000251c1800 JavaThread "Image Fetcher 2" daemon [_thread_blocked, id=5260, stack(0x00000000278e0000,0x0000000027de0000)]
  0x00000000257c3800 JavaThread "Image Fetcher 1" daemon [_thread_blocked, id=5440, stack(0x00000000273b0000,0x00000000278b0000)]
  0x00000000244a7800 JavaThread "Image Fetcher 0" daemon [_thread_blocked, id=1940, stack(0x0000000026ac0000,0x0000000026fc0000)]
=>0x0000000006d4e800 JavaThread "AWT-EventQueue-1" [_thread_in_native, id=1676, stack(0x0000000025830000,0x0000000025d30000)]
  0x0000000006d4f800 JavaThread "Process Messages" [_thread_blocked, id=5468, stack(0x0000000025230000,0x0000000025730000)]
  0x0000000004bf9000 JavaThread "Thread-3" [_thread_in_native, id=5716, stack(0x00000000026c0000,0x0000000003ac0000)]
  0x0000000022bb0800 JavaThread "AWT-EventQueue-0" [_thread_blocked, id=3696, stack(0x0000000024bd0000,0x00000000250d0000)]
  0x0000000022ea2800 JavaThread "AWT-Windows" daemon [_thread_in_native, id=4716, stack(0x00000000244f0000,0x00000000249f0000)]
  0x0000000022ea4000 JavaThread "AWT-Shutdown" [_thread_blocked, id=996, stack(0x0000000023ed0000,0x00000000243d0000)]
  0x0000000022ea5000 JavaThread "Java2D Disposer" daemon [_thread_blocked, id=5868, stack(0x00000000237e0000,0x0000000023ce0000)]
  0x000000000464f800 JavaThread "TimerQueue" daemon [_thread_blocked, id=4772, stack(0x0000000021e10000,0x0000000022310000)]
  0x0000000009ca6000 JavaThread "Service Thread" daemon [_thread_blocked, id=5284, stack(0x0000000021350000,0x0000000021850000)]
  0x0000000009cb5800 JavaThread "C1 CompilerThread3" daemon [_thread_blocked, id=4956, stack(0x0000000010a00000,0x0000000010b00000)]
  0x0000000009cb7000 JavaThread "C2 CompilerThread2" daemon [_thread_blocked, id=5400, stack(0x000000000a7d0000,0x000000000a8d0000)]
  0x0000000009cb8800 JavaThread "C2 CompilerThread1" daemon [_thread_blocked, id=3104, stack(0x000000000a620000,0x000000000a720000)]
  0x0000000009cba800 JavaThread "C2 CompilerThread0" daemon [_thread_blocked, id=3616, stack(0x000000000a4f0000,0x000000000a5f0000)]
  0x0000000009cbc000 JavaThread "Attach Listener" daemon [_thread_blocked, id=5796, stack(0x0000000011660000,0x0000000011b60000)]
  0x0000000009cbd800 JavaThread "Signal Dispatcher" daemon [_thread_blocked, id=4148, stack(0x0000000011100000,0x0000000011600000)]
  0x0000000009a1b000 JavaThread "Finalizer" daemon [_thread_blocked, id=5960, stack(0x0000000010b00000,0x0000000011000000)]
  0x0000000009a11000 JavaThread "Reference Handler" daemon [_thread_blocked, id=5628, stack(0x0000000009ed0000,0x000000000a3d0000)]
  0x0000000006d76000 JavaThread "main" [_thread_blocked, id=2720, stack(0x0000000006e40000,0x0000000006f40000)]

Other Threads:
  0x0000000008aa1000 VMThread [stack: 0x0000000009da0000,0x0000000009ea0000] [id=5052]
  0x0000000009ca5000 WatcherThread [stack: 0x0000000011b70000,0x0000000011c70000] [id=4108]

VM state:not at safepoint (normal execution)

VM Mutex/Monitor currently owned by a thread: None

Heap:
 PSYoungGen      total 47104K, used 25064K [0x00000007bc400000, 0x00000007c0000000, 0x00000007c0000000)
  eden space 36864K, 41% used [0x00000007bc400000,0x00000007bd2c3430,0x00000007be800000)
  from space 10240K, 97% used [0x00000007be800000,0x00000007bf1b6e78,0x00000007bf200000)
  to   space 13312K, 0% used [0x00000007bf300000,0x00000007bf300000,0x00000007c0000000)
 ParOldGen       total 153600K, used 35386K [0x0000000700000000, 0x0000000709600000, 0x00000007bc400000)
  object space 153600K, 23% used [0x0000000700000000,0x000000070228e968,0x0000000709600000)
 Metaspace       used 54363K, capacity 54683K, committed 55216K, reserved 1095680K
  class space    used 7899K, capacity 7991K, committed 8112K, reserved 1048576K

Card table byte_map: [0x0000000007400000,0x0000000007a10000] byte_map_base: 0x0000000003c00000

Marking Bits: (ParMarkBitMap*) 0x0000000063424040
 Begin Bits: [0x000000000a990000, 0x000000000d990000)
 End Bits:   [0x000000000d990000, 0x0000000010990000)

Polling page: 0x00000000001e0000

CodeCache: size=245760Kb used=29068Kb max_used=29083Kb free=216691Kb
 bounds [0x0000000012270000, 0x0000000013f10000, 0x0000000021270000]
 total_blobs=8831 nmethods=7944 adapters=793
 compilation: enabled

Compilation events (10 events):
Event: 21.681 Thread 0x0000000009cb5800 9722       3       com.sun.java.swing.plaf.windows.WindowsLookAndFeel$SkinIcon::getIconHeight (27 bytes)
Event: 21.682 Thread 0x0000000009cb5800 nmethod 9722 0x0000000013eea4d0 code [0x0000000013eea660, 0x0000000013eea9a8]
Event: 21.682 Thread 0x0000000009cb5800 9725       1       javax.swing.JTable::getFillsViewportHeight (5 bytes)
Event: 21.682 Thread 0x0000000009cb5800 nmethod 9725 0x0000000013eea210 code [0x0000000013eea360, 0x0000000013eea470]
Event: 21.682 Thread 0x0000000009cb5800 9728       3       java.awt.geom.Path2D::append (13 bytes)
Event: 21.682 Thread 0x0000000009cb5800 nmethod 9728 0x0000000013ee9cd0 code [0x0000000013ee9e40, 0x0000000013eea138]
Event: 21.686 Thread 0x0000000009cb5800 9729       3       com.sun.java.swing.plaf.windows.WindowsTableHeaderUI$XPDefaultRenderer::getTableCellRendererComponent (390 bytes)
Event: 21.686 Thread 0x0000000009cb8800 nmethod 9723 0x0000000013ee7b10 code [0x0000000013ee7c80, 0x0000000013ee8568]
Event: 21.687 Thread 0x0000000009cb5800 nmethod 9729 0x0000000013ef7610 code [0x0000000013ef7a20, 0x0000000013ef9cd8]
Event: 21.687 Thread 0x0000000009cb5800 9730       3       sun.swing.table.DefaultTableCellHeaderRenderer::getTableCellRendererComponent (296 bytes)

GC Heap History (10 events):
Event: 13.724 GC heap before
{Heap before GC invocations=26 (full 3):
 PSYoungGen      total 47104K, used 36569K [0x00000007bc400000, 0x00000007c0000000, 0x00000007c0000000)
  eden space 31744K, 100% used [0x00000007bc400000,0x00000007be300000,0x00000007be300000)
  from space 15360K, 31% used [0x00000007bf100000,0x00000007bf5b6480,0x00000007c0000000)
  to   space 14336K, 0% used [0x00000007be300000,0x00000007be300000,0x00000007bf100000)
 ParOldGen       total 153600K, used 35346K [0x0000000700000000, 0x0000000709600000, 0x00000007bc400000)
  object space 153600K, 23% used [0x0000000700000000,0x0000000702284968,0x0000000709600000)
 Metaspace       used 52418K, capacity 52731K, committed 53296K, reserved 1095680K
  class space    used 7623K, capacity 7703K, committed 7728K, reserved 1048576K
Event: 13.736 GC heap after
Heap after GC invocations=26 (full 3):
 PSYoungGen      total 46080K, used 4953K [0x00000007bc400000, 0x00000007c0000000, 0x00000007c0000000)
  eden space 31744K, 0% used [0x00000007bc400000,0x00000007bc400000,0x00000007be300000)
  from space 14336K, 34% used [0x00000007be300000,0x00000007be7d67d8,0x00000007bf100000)
  to   space 13824K, 0% used [0x00000007bf280000,0x00000007bf280000,0x00000007c0000000)
 ParOldGen       total 153600K, used 35354K [0x0000000700000000, 0x0000000709600000, 0x00000007bc400000)
  object space 153600K, 23% used [0x0000000700000000,0x0000000702286968,0x0000000709600000)
 Metaspace       used 52418K, capacity 52731K, committed 53296K, reserved 1095680K
  class space    used 7623K, capacity 7703K, committed 7728K, reserved 1048576K
}
Event: 15.079 GC heap before
{Heap before GC invocations=27 (full 3):
 PSYoungGen      total 46080K, used 36697K [0x00000007bc400000, 0x00000007c0000000, 0x00000007c0000000)
  eden space 31744K, 100% used [0x00000007bc400000,0x00000007be300000,0x00000007be300000)
  from space 14336K, 34% used [0x00000007be300000,0x00000007be7d67d8,0x00000007bf100000)
  to   space 13824K, 0% used [0x00000007bf280000,0x00000007bf280000,0x00000007c0000000)
 ParOldGen       total 153600K, used 35354K [0x0000000700000000, 0x0000000709600000, 0x00000007bc400000)
  object space 153600K, 23% used [0x0000000700000000,0x0000000702286968,0x0000000709600000)
 Metaspace       used 52443K, capacity 52795K, committed 53296K, reserved 1095680K
  class space    used 7624K, capacity 7703K, committed 7728K, reserved 1048576K
Event: 15.084 GC heap after
Heap after GC invocations=27 (full 3):
 PSYoungGen      total 48640K, used 4610K [0x00000007bc400000, 0x00000007c0000000, 0x00000007c0000000)
  eden space 34816K, 0% used [0x00000007bc400000,0x00000007bc400000,0x00000007be600000)
  from space 13824K, 33% used [0x00000007bf280000,0x00000007bf700b58,0x00000007c0000000)
  to   space 12800K, 0% used [0x00000007be600000,0x00000007be600000,0x00000007bf280000)
 ParOldGen       total 153600K, used 35362K [0x0000000700000000, 0x0000000709600000, 0x00000007bc400000)
  object space 153600K, 23% used [0x0000000700000000,0x0000000702288968,0x0000000709600000)
 Metaspace       used 52443K, capacity 52795K, committed 53296K, reserved 1095680K
  class space    used 7624K, capacity 7703K, committed 7728K, reserved 1048576K
}
Event: 15.285 GC heap before
{Heap before GC invocations=28 (full 3):
 PSYoungGen      total 48640K, used 39426K [0x00000007bc400000, 0x00000007c0000000, 0x00000007c0000000)
  eden space 34816K, 100% used [0x00000007bc400000,0x00000007be600000,0x00000007be600000)
  from space 13824K, 33% used [0x00000007bf280000,0x00000007bf700b58,0x00000007c0000000)
  to   space 12800K, 0% used [0x00000007be600000,0x00000007be600000,0x00000007bf280000)
 ParOldGen       total 153600K, used 35362K [0x0000000700000000, 0x0000000709600000, 0x00000007bc400000)
  object space 153600K, 23% used [0x0000000700000000,0x0000000702288968,0x0000000709600000)
 Metaspace       used 52454K, capacity 52795K, committed 53296K, reserved 1095680K
  class space    used 7624K, capacity 7703K, committed 7728K, reserved 1048576K
Event: 15.291 GC heap after
Heap after GC invocations=28 (full 3):
 PSYoungGen      total 47616K, used 4543K [0x00000007bc400000, 0x00000007c0000000, 0x00000007c0000000)
  eden space 34816K, 0% used [0x00000007bc400000,0x00000007bc400000,0x00000007be600000)
  from space 12800K, 35% used [0x00000007be600000,0x00000007bea6fc28,0x00000007bf280000)
  to   space 12288K, 0% used [0x00000007bf400000,0x00000007bf400000,0x00000007c0000000)
 ParOldGen       total 153600K, used 35370K [0x0000000700000000, 0x0000000709600000, 0x00000007bc400000)
  object space 153600K, 23% used [0x0000000700000000,0x000000070228a968,0x0000000709600000)
 Metaspace       used 52454K, capacity 52795K, committed 53296K, reserved 1095680K
  class space    used 7624K, capacity 7703K, committed 7728K, reserved 1048576K
}
Event: 16.216 GC heap before
{Heap before GC invocations=29 (full 3):
 PSYoungGen      total 47616K, used 39359K [0x00000007bc400000, 0x00000007c0000000, 0x00000007c0000000)
  eden space 34816K, 100% used [0x00000007bc400000,0x00000007be600000,0x00000007be600000)
  from space 12800K, 35% used [0x00000007be600000,0x00000007bea6fc28,0x00000007bf280000)
  to   space 12288K, 0% used [0x00000007bf400000,0x00000007bf400000,0x00000007c0000000)
 ParOldGen       total 153600K, used 35370K [0x0000000700000000, 0x0000000709600000, 0x00000007bc400000)
  object space 153600K, 23% used [0x0000000700000000,0x000000070228a968,0x0000000709600000)
 Metaspace       used 53311K, capacity 53627K, committed 54064K, reserved 1095680K
  class space    used 7815K, capacity 7895K, committed 7984K, reserved 1048576K
Event: 16.224 GC heap after
Heap after GC invocations=29 (full 3):
 PSYoungGen      total 49152K, used 7661K [0x00000007bc400000, 0x00000007c0000000, 0x00000007c0000000)
  eden space 36864K, 0% used [0x00000007bc400000,0x00000007bc400000,0x00000007be800000)
  from space 12288K, 62% used [0x00000007bf400000,0x00000007bfb7b4a8,0x00000007c0000000)
  to   space 12288K, 0% used [0x00000007be800000,0x00000007be800000,0x00000007bf400000)
 ParOldGen       total 153600K, used 35378K [0x0000000700000000, 0x0000000709600000, 0x00000007bc400000)
  object space 153600K, 23% used [0x0000000700000000,0x000000070228c968,0x0000000709600000)
 Metaspace       used 53311K, capacity 53627K, committed 54064K, reserved 1095680K
  class space    used 7815K, capacity 7895K, committed 7984K, reserved 1048576K
}
Event: 21.538 GC heap before
{Heap before GC invocations=30 (full 3):
 PSYoungGen      total 49152K, used 44525K [0x00000007bc400000, 0x00000007c0000000, 0x00000007c0000000)
  eden space 36864K, 100% used [0x00000007bc400000,0x00000007be800000,0x00000007be800000)
  from space 12288K, 62% used [0x00000007bf400000,0x00000007bfb7b4a8,0x00000007c0000000)
  to   space 12288K, 0% used [0x00000007be800000,0x00000007be800000,0x00000007bf400000)
 ParOldGen       total 153600K, used 35378K [0x0000000700000000, 0x0000000709600000, 0x00000007bc400000)
  object space 153600K, 23% used [0x0000000700000000,0x000000070228c968,0x0000000709600000)
 Metaspace       used 54318K, capacity 54683K, committed 55216K, reserved 1095680K
  class space    used 7897K, capacity 7991K, committed 8112K, reserved 1048576K
Event: 21.548 GC heap after
Heap after GC invocations=30 (full 3):
 PSYoungGen      total 47104K, used 9947K [0x00000007bc400000, 0x00000007c0000000, 0x00000007c0000000)
  eden space 36864K, 0% used [0x00000007bc400000,0x00000007bc400000,0x00000007be800000)
  from space 10240K, 97% used [0x00000007be800000,0x00000007bf1b6e78,0x00000007bf200000)
  to   space 13312K, 0% used [0x00000007bf300000,0x00000007bf300000,0x00000007c0000000)
 ParOldGen       total 153600K, used 35386K [0x0000000700000000, 0x0000000709600000, 0x00000007bc400000)
  object space 153600K, 23% used [0x0000000700000000,0x000000070228e968,0x0000000709600000)
 Metaspace       used 54318K, capacity 54683K, committed 55216K, reserved 1095680K
  class space    used 7897K, capacity 7991K, committed 8112K, reserved 1048576K
}

Deoptimization events (10 events):
Event: 18.260 Thread 0x0000000006d4e800 Uncommon trap: reason=unstable_if action=reinterpret pc=0x0000000013739cd0 method=sun.java2d.pipe.AAShapePipe.renderTiles(Lsun/java2d/SunGraphics2D;Ljava/awt/Shape;Lsun/java2d/pipe/AATileGenerator;[I)V @ 148
Event: 18.321 Thread 0x0000000006d4e800 Uncommon trap: reason=bimorphic action=maybe_recompile pc=0x0000000013cfa398 method=com.jidesoft.grid.CellSpanTable.isCellSpanOn()Z @ 68
Event: 18.330 Thread 0x0000000006d4e800 Uncommon trap: reason=unstable_if action=reinterpret pc=0x0000000012c3c714 method=java.util.Vector.elementAt(I)Ljava/lang/Object; @ 5
Event: 18.525 Thread 0x0000000006d4e800 Uncommon trap: reason=bimorphic action=maybe_recompile pc=0x00000000129cb390 method=javax.swing.InputMap.allKeys()[Ljavax/swing/KeyStroke; @ 38
Event: 18.529 Thread 0x0000000006d4e800 Uncommon trap: reason=bimorphic action=maybe_recompile pc=0x000000001352f7f4 method=java.awt.Container.addImpl(Ljava/awt/Component;Ljava/lang/Object;I)V @ 339
Event: 18.532 Thread 0x0000000006d4e800 Uncommon trap: reason=unstable_if action=reinterpret pc=0x0000000012747bec method=java.awt.Toolkit$SelectiveAWTEventListener.eventDispatched(Ljava/awt/AWTEvent;)V @ 150
Event: 19.017 Thread 0x0000000006d4e800 Uncommon trap: reason=unstable_if action=reinterpret pc=0x000000001251cbe8 method=javax.swing.DefaultButtonModel.setArmed(Z)V @ 20
Event: 21.056 Thread 0x000000003281f800 Uncommon trap: reason=array_check action=maybe_recompile pc=0x0000000013e72e38 method=java.util.TimSort.reverseRange([Ljava/lang/Object;II)V @ 20
Event: 21.592 Thread 0x0000000006d4e800 Uncommon trap: reason=class_check action=maybe_recompile pc=0x0000000013a4d010 method=javax.swing.text.StyleContext.getFont(Ljava/lang/String;II)Ljava/awt/Font; @ 21
Event: 21.677 Thread 0x0000000006d4e800 Uncommon trap: reason=unstable_if action=reinterpret pc=0x0000000013d3407c method=com.jidesoft.grid.AbstractExpandable.getNumberOfVisibleExpandable()I @ 16

Internal exceptions (10 events):
Event: 11.840 Thread 0x0000000006d4e800 Exception <a 'java/lang/ArrayIndexOutOfBoundsException'> (0x00000007bd6026b8) thrown at [C:\re\workspace\8-2-build-windows-amd64-cygwin\jdk8u45\3627\hotspot\src\share\vm\runtime\sharedRuntime.cpp, line 605]
Event: 11.841 Thread 0x0000000006d4e800 Exception <a 'java/lang/ArrayIndexOutOfBoundsException'> (0x00000007bd630e70) thrown at [C:\re\workspace\8-2-build-windows-amd64-cygwin\jdk8u45\3627\hotspot\src\share\vm\runtime\sharedRuntime.cpp, line 605]
Event: 11.844 Thread 0x0000000006d4e800 Exception <a 'java/lang/ClassNotFoundException': javax/swing/JPanelCustomizer> (0x00000007bd683318) thrown at [C:\re\workspace\8-2-build-windows-amd64-cygwin\jdk8u45\3627\hotspot\src\share\vm\classfile\systemDictionary.cpp, line 210]
Event: 11.845 Thread 0x0000000006d4e800 Exception <a 'java/lang/ClassNotFoundException': org/jdesktop/swingx/JXPanelCustomizer> (0x00000007bd6addb0) thrown at [C:\re\workspace\8-2-build-windows-amd64-cygwin\jdk8u45\3627\hotspot\src\share\vm\classfile\systemDictionary.cpp, line 210]
Event: 11.846 Thread 0x0000000006d4e800 Exception <a 'java/lang/ClassNotFoundException': org/jdesktop/swingx/JXTitledPanelCustomizer> (0x00000007bd6eace0) thrown at [C:\re\workspace\8-2-build-windows-amd64-cygwin\jdk8u45\3627\hotspot\src\share\vm\classfile\systemDictionary.cpp, line 210]
Event: 11.848 Thread 0x0000000006d4e800 Exception <a 'java/lang/ClassNotFoundException': ui/g/k/p/OCustomizer> (0x00000007bd727690) thrown at [C:\re\workspace\8-2-build-windows-amd64-cygwin\jdk8u45\3627\hotspot\src\share\vm\classfile\systemDictionary.cpp, line 210]
Event: 11.851 Thread 0x0000000006d4e800 Implicit null exception at 0x0000000013646219 to 0x0000000013646881
Event: 12.207 Thread 0x0000000006d4e800 Implicit null exception at 0x0000000012fb6d03 to 0x0000000012fb8a99
Event: 16.154 Thread 0x0000000006d4e800 Implicit null exception at 0x000000001353d725 to 0x000000001353d791
Event: 16.355 Thread 0x0000000006d4e800 Implicit null exception at 0x00000000138f09d1 to 0x00000000138f0a4d

Events (10 events):
Event: 21.592 Thread 0x0000000006d4e800 DEOPT UNPACKING pc=0x00000000122b582a sp=0x0000000025d2d098 mode 2
Event: 21.676 loading class ui/views/e/t
Event: 21.676 loading class ui/views/e/t done
Event: 21.677 Thread 0x0000000006d4e800 Uncommon trap: trap_request=0xffffff65 fr.pc=0x0000000013d3407c
Event: 21.677 Thread 0x0000000006d4e800 DEOPT PACKING pc=0x0000000013d3407c sp=0x0000000025d2db40
Event: 21.677 Thread 0x0000000006d4e800 DEOPT UNPACKING pc=0x00000000122b582a sp=0x0000000025d2dab8 mode 2
Event: 21.677 loading class ui/views/e/ak
Event: 21.677 loading class ui/views/e/ak done
Event: 21.677 loading class ui/views/w/V
Event: 21.677 loading class ui/views/w/V done


Dynamic libraries:
0x000000013f3b0000 - 0x000000013f3e0000 	D:\Xilinx\Vivado\2015.4\bin\unwrapped\win64.o\vivado.exe
0x0000000077160000 - 0x0000000077309000 	C:\WINDOWS\SYSTEM32\ntdll.dll
0x0000000076cd0000 - 0x0000000076def000 	C:\WINDOWS\system32\kernel32.dll
0x000007fefd690000 - 0x000007fefd6fb000 	C:\WINDOWS\system32\KERNELBASE.dll
0x000000000a900000 - 0x000000000a98d000 	D:\Xilinx\Vivado\2015.4\lib\win64.o\SHSMP64.dll
0x0000000076bd0000 - 0x0000000076cca000 	C:\WINDOWS\system32\USER32.dll
0x000007fefdf10000 - 0x000007fefdf77000 	C:\WINDOWS\system32\GDI32.dll
0x000007feff3e0000 - 0x000007feff3ee000 	C:\WINDOWS\system32\LPK.dll
0x000007fefe0b0000 - 0x000007fefe179000 	C:\WINDOWS\system32\USP10.dll
0x000007fefe180000 - 0x000007fefe21f000 	C:\WINDOWS\system32\msvcrt.dll
0x000007feff300000 - 0x000007feff3db000 	C:\WINDOWS\system32\ADVAPI32.dll
0x000007fefd990000 - 0x000007fefd9af000 	C:\WINDOWS\SYSTEM32\sechost.dll
0x000007fefdf80000 - 0x000007fefe0ad000 	C:\WINDOWS\system32\RPCRT4.dll
0x000007fefc710000 - 0x000007fefc71c000 	C:\WINDOWS\system32\VERSION.dll
0x000007fef9be0000 - 0x000007fef9bf3000 	D:\Xilinx\Vivado\2015.4\lib\win64.o\libboost_signals.dll
0x000007fef80a0000 - 0x000007fef8147000 	C:\WINDOWS\system32\MSVCP110.dll
0x000007fef6560000 - 0x000007fef6634000 	C:\WINDOWS\system32\MSVCR110.dll
0x000007fee2970000 - 0x000007fee32fd000 	D:\Xilinx\Vivado\2015.4\lib\win64.o\librdi_common.dll
0x000007fef61f0000 - 0x000007fef655e000 	D:\Xilinx\Vivado\2015.4\lib\win64.o\libCOIN-all.dll
0x000007fef4560000 - 0x000007fef477e000 	D:\Xilinx\Vivado\2015.4\lib\win64.o\libXil_lmgr11.dll
0x000007fefad60000 - 0x000007fefad76000 	C:\WINDOWS\system32\NETAPI32.dll
0x000007fefca80000 - 0x000007fefca8c000 	C:\WINDOWS\system32\netutils.dll
0x000007fefd060000 - 0x000007fefd083000 	C:\WINDOWS\system32\srvcli.dll
0x000007fefacc0000 - 0x000007fefacd5000 	C:\WINDOWS\system32\wkscli.dll
0x000007feff260000 - 0x000007feff2f7000 	C:\WINDOWS\system32\COMDLG32.dll
0x000007fefdba0000 - 0x000007fefdc11000 	C:\WINDOWS\system32\SHLWAPI.dll
0x000007fef9360000 - 0x000007fef9400000 	C:\WINDOWS\WinSxS\amd64_microsoft.windows.common-controls_6595b64144ccf1df_5.82.7601.17514_none_a4d6a923711520a9\COMCTL32.dll
0x000007fefe4d0000 - 0x000007feff258000 	C:\WINDOWS\system32\SHELL32.dll
0x000007fef9080000 - 0x000007fef9089000 	C:\WINDOWS\system32\WSOCK32.dll
0x000007fefde70000 - 0x000007fefdebd000 	C:\WINDOWS\system32\WS2_32.dll
0x000007fefdc80000 - 0x000007fefdc88000 	C:\WINDOWS\system32\NSI.dll
0x000007fefd9b0000 - 0x000007fefda87000 	C:\WINDOWS\system32\OLEAUT32.dll
0x000007fefe220000 - 0x000007fefe423000 	C:\WINDOWS\system32\ole32.dll
0x000007fefd8b0000 - 0x000007fefd8ea000 	C:\WINDOWS\system32\WINTRUST.dll
0x000007fefd740000 - 0x000007fefd8ac000 	C:\WINDOWS\system32\CRYPT32.dll
0x000007fefd660000 - 0x000007fefd66f000 	C:\WINDOWS\system32\MSASN1.dll
0x000007fefaaf0000 - 0x000007fefab00000 	D:\Xilinx\Vivado\2015.4\lib\win64.o\libboost_date_time.dll
0x000007fef9bb0000 - 0x000007fef9bd2000 	D:\Xilinx\Vivado\2015.4\lib\win64.o\libboost_filesystem.dll
0x000007fefaae0000 - 0x000007fefaae9000 	D:\Xilinx\Vivado\2015.4\lib\win64.o\libboost_system.dll
0x000007fef44e0000 - 0x000007fef4554000 	D:\Xilinx\Vivado\2015.4\lib\win64.o\libboost_program_options.dll
0x000007fef43e0000 - 0x000007fef44da000 	D:\Xilinx\Vivado\2015.4\lib\win64.o\libboost_regex.dll
0x000007fef9b90000 - 0x000007fef9bad000 	D:\Xilinx\Vivado\2015.4\lib\win64.o\libboost_thread.dll
0x000007fef9b80000 - 0x000007fef9b8b000 	D:\Xilinx\Vivado\2015.4\lib\win64.o\libboost_chrono.dll
0x000007fef9b70000 - 0x000007fef9b7b000 	D:\Xilinx\Vivado\2015.4\lib\win64.o\libboost_xilinx.dll
0x000007fef4360000 - 0x000007fef43e0000 	D:\Xilinx\Vivado\2015.4\lib\win64.o\libhdlpsolve.dll
0x000007fef42c0000 - 0x000007fef435a000 	D:\Xilinx\Vivado\2015.4\lib\win64.o\libhdxml.dll
0x000007feebfa0000 - 0x000007feec3d4e00 	D:\Xilinx\Vivado\2015.4\lib\win64.o\libisl_iostreams.dll
0x000007fef81e0000 - 0x000007fef81f6000 	D:\Xilinx\Vivado\2015.4\lib\win64.o\libboost_iostreams.dll
0x000007fef8070000 - 0x000007fef8093000 	D:\Xilinx\Vivado\2015.4\lib\win64.o\librdizlib.dll
0x000007fef7800000 - 0x000007fef7823000 	D:\Xilinx\Vivado\2015.4\lib\win64.o\libisl_iosutils.dll
0x000007fef6670000 - 0x000007fef669a000 	D:\Xilinx\Vivado\2015.4\lib\win64.o\libisl_sysinfo.dll
0x0000000062c20000 - 0x00000000634a3000 	D:\Xilinx\Vivado\2015.4\tps\win64\jre\bin\server\jvm.dll
0x000007fefb3d0000 - 0x000007fefb40b000 	C:\WINDOWS\system32\WINMM.dll
0x0000000077330000 - 0x0000000077337000 	C:\WINDOWS\system32\PSAPI.DLL
0x0000000073c50000 - 0x0000000073d22000 	C:\WINDOWS\system32\MSVCR100.dll
0x000007fef42a0000 - 0x000007fef42b5000 	D:\Xilinx\Vivado\2015.4\lib\win64.o\pthreadVC2.dll
0x000007fef41a0000 - 0x000007fef41f4000 	D:\Xilinx\Vivado\2015.4\lib\win64.o\librdi_commonxillic.dll
0x000007fef4070000 - 0x000007fef41a0000 	D:\Xilinx\Vivado\2015.4\lib\win64.o\librdi_curl.dll
0x000007fef4240000 - 0x000007fef4258000 	D:\Xilinx\Vivado\2015.4\lib\win64.o\librdiconfig.dll
0x0000000072d10000 - 0x0000000072e37000 	D:\Xilinx\Vivado\2015.4\lib\win64.o\tcl85t.dll
0x0000000012000000 - 0x0000000012263000 	D:\Xilinx\Vivado\2015.4\lib\win64.o\xerces-c_3_1.dll
0x0000000076df0000 - 0x0000000076f4b000 	C:\WINDOWS\system32\WININET.dll
0x0000000077320000 - 0x0000000077323000 	C:\WINDOWS\system32\Normaliz.dll
0x0000000076f50000 - 0x0000000077160000 	C:\WINDOWS\system32\iertutil.dll
0x0000000076a80000 - 0x0000000076bcd000 	C:\WINDOWS\system32\urlmon.dll
0x000007fef91e0000 - 0x000007fef9251000 	C:\WINDOWS\system32\WINHTTP.dll
0x000007fef9170000 - 0x000007fef91d4000 	C:\WINDOWS\system32\webio.dll
0x000007fef4270000 - 0x000007fef4293000 	C:\WINDOWS\system32\VCOMP110.DLL
0x000007fef4220000 - 0x000007fef4231000 	D:\Xilinx\Vivado\2015.4\lib\win64.o\librdi_commonmain.dll
0x000007fef8260000 - 0x000007fef8269000 	D:\Xilinx\Vivado\2015.4\lib\win64.o\librdi_commonversion.dll
0x000007fefdee0000 - 0x000007fefdf0e000 	C:\WINDOWS\system32\IMM32.DLL
0x000007fefda90000 - 0x000007fefdb99000 	C:\WINDOWS\system32\MSCTF.dll
0x000007feec4f0000 - 0x000007feec909000 	D:\Xilinx\Vivado\2015.4\lib\win64.o\librdi_commontasks.dll
0x000007fedcf00000 - 0x000007fede84e000 	D:\Xilinx\Vivado\2015.4\lib\win64.o\librdi_tcltasks.dll
0x000007feebe60000 - 0x000007feebf9e000 	D:\Xilinx\Vivado\2015.4\lib\win64.o\librdi_board.dll
0x000007fef4010000 - 0x000007fef406d000 	D:\Xilinx\Vivado\2015.4\lib\win64.o\librdi_boarddep.dll
0x000007fed4d60000 - 0x000007fedcef1000 	D:\Xilinx\Vivado\2015.4\lib\win64.o\librdi_device.dll
0x000007feee6b0000 - 0x000007feee6f7000 	D:\Xilinx\Vivado\2015.4\lib\win64.o\libboost_serialization.dll
0x000007fee2160000 - 0x000007fee296e000 	D:\Xilinx\Vivado\2015.4\lib\win64.o\libverific.dll
0x000007feeb860000 - 0x000007feeba22000 	D:\Xilinx\Vivado\2015.4\lib\win64.o\librdi_chipscope.dll
0x000007feee640000 - 0x000007feee6a3000 	D:\Xilinx\Vivado\2015.4\lib\win64.o\liblmx6.0.dll
0x000007fee0640000 - 0x000007fee17ce000 	D:\Xilinx\Vivado\2015.4\lib\win64.o\librdi_constraints.dll
0x000007fee1da0000 - 0x000007fee215d000 	D:\Xilinx\Vivado\2015.4\lib\win64.o\librdi_filemgmt.dll
0x000007feeb190000 - 0x000007feeb5b5000 	D:\Xilinx\Vivado\2015.4\lib\win64.o\librdi_netlist.dll
0x000007feebd40000 - 0x000007feebe58000 	D:\Xilinx\Vivado\2015.4\lib\win64.o\librdi_sio.dll
0x000007fedfcf0000 - 0x000007fee019d000 	D:\Xilinx\Vivado\2015.4\lib\win64.o\librdi_psta.dll
0x000007fed3420000 - 0x000007fed4d58000 	D:\Xilinx\Vivado\2015.4\lib\win64.o\librdi_coregen.dll
0x000007fedf620000 - 0x000007fedfce3000 	D:\Xilinx\Vivado\2015.4\lib\win64.o\librdi_coregenipxact.dll
0x000007fecfca0000 - 0x000007fed3418000 	D:\Xilinx\Vivado\2015.4\lib\win64.o\librdi_designutils.dll
0x000007fee1b40000 - 0x000007fee1d95000 	D:\Xilinx\Vivado\2015.4\lib\win64.o\librdi_bitstream.dll
0x000007fedf0e0000 - 0x000007fedf620000 	D:\Xilinx\Vivado\2015.4\lib\win64.o\librdi_xdm.dll
0x000007fedec10000 - 0x000007fedf0df000 	D:\Xilinx\Vivado\2015.4\lib\win64.o\librdi_drc.dll
0x000007fecf2e0000 - 0x000007fecfca0000 	D:\Xilinx\Vivado\2015.4\lib\win64.o\librdi_timing.dll
0x000007fee0430000 - 0x000007fee0638000 	D:\Xilinx\Vivado\2015.4\lib\win64.o\librdi_dlyest.dll
0x000007feee5a0000 - 0x000007feee637000 	D:\Xilinx\Vivado\2015.4\lib\win64.o\libise.dll
0x000007feee530000 - 0x000007feee597000 	D:\Xilinx\Vivado\2015.4\lib\win64.o\librdi_containers.dll
0x000007feeb7a0000 - 0x000007feeb857000 	D:\Xilinx\Vivado\2015.4\lib\win64.o\librdi_dsp.dll
0x000007fedea80000 - 0x000007fedec01000 	D:\Xilinx\Vivado\2015.4\lib\win64.o\librdi_simdata.dll
0x000007fecef40000 - 0x000007fecf2d1000 	D:\Xilinx\Vivado\2015.4\lib\win64.o\librdi_wavedata.dll
0x000007feeb100000 - 0x000007feeb182000 	D:\Xilinx\Vivado\2015.4\lib\win64.o\librdi_simbridge_kernel.dll
0x000007feedb60000 - 0x000007feedb92000 	D:\Xilinx\Vivado\2015.4\lib\win64.o\librdi_wavedata_SimpleApi.dll
0x000007fede850000 - 0x000007fedea7c000 	D:\Xilinx\Vivado\2015.4\lib\win64.o\librdi_guitools.dll
0x000007fece9b0000 - 0x000007fecef3a000 	D:\Xilinx\Vivado\2015.4\lib\win64.o\librdi_memdata.dll
0x000007fecd190000 - 0x000007fece9ac000 	D:\Xilinx\Vivado\2015.4\lib\win64.o\librdi_place.dll
0x000007feccbd0000 - 0x000007fecd18c000 	D:\Xilinx\Vivado\2015.4\lib\win64.o\librdi_abc_nomp.dll
0x000007fef4200000 - 0x000007fef4219000 	D:\Xilinx\Vivado\2015.4\lib\win64.o\librdi_hmetis.dll
0x000007fecb6b0000 - 0x000007feccbc1000 	D:\Xilinx\Vivado\2015.4\lib\win64.o\librdi_mig.dll
0x000007fecb150000 - 0x000007fecb6af000 	D:\Xilinx\Vivado\2015.4\lib\win64.o\librdi_power.dll
0x000007fecaef0000 - 0x000007fecb145000 	D:\Xilinx\Vivado\2015.4\lib\win64.o\librdi_ippcw.dll
0x000007feca3e0000 - 0x000007fecaee4000 	D:\Xilinx\Vivado\2015.4\lib\win64.o\librdi_route.dll
0x000007feca000000 - 0x000007feca3db000 	D:\Xilinx\Vivado\2015.4\lib\win64.o\librdi_project.dll
0x000007fec9a20000 - 0x000007fec9ff2000 	D:\Xilinx\Vivado\2015.4\lib\win64.o\librdi_labtools.dll
0x000007feedb30000 - 0x000007feedb58000 	D:\Xilinx\Vivado\2015.4\lib\win64.o\librdi_commoncwebtalk.dll
0x000007fec9810000 - 0x000007fec9a13000 	D:\Xilinx\Vivado\2015.4\lib\win64.o\librdi_xicom_hw.dll
0x000007fefb070000 - 0x000007fefb097000 	C:\WINDOWS\system32\IPHLPAPI.DLL
0x000007fefb060000 - 0x000007fefb06b000 	C:\WINDOWS\system32\WINNSI.DLL
0x000007feec4b0000 - 0x000007feec4e3000 	D:\Xilinx\Vivado\2015.4\lib\win64.o\librdi_pfi.dll
0x000007feeb0b0000 - 0x000007feeb0f3000 	D:\Xilinx\Vivado\2015.4\lib\win64.o\librdi_hdf.dll
0x000007fec9620000 - 0x000007fec980c000 	D:\Xilinx\Vivado\2015.4\lib\win64.o\librdi_hsm.dll
0x000007feeaff0000 - 0x000007feeb03d000 	D:\Xilinx\Vivado\2015.4\lib\win64.o\librdi_projectbase.dll
0x000007feeaf90000 - 0x000007feeafea000 	D:\Xilinx\Vivado\2015.4\lib\win64.o\librdi_runsbase.dll
0x000007fec9270000 - 0x000007fec961b000 	D:\Xilinx\Vivado\2015.4\lib\win64.o\librdi_rsb.dll
0x000007fee1aa0000 - 0x000007fee1b34000 	D:\Xilinx\Vivado\2015.4\lib\win64.o\librdi_hwh.dll
0x000007fec9000000 - 0x000007fec9262000 	D:\Xilinx\Vivado\2015.4\lib\win64.o\librdi_runs.dll
0x000007fec76f0000 - 0x000007fec8ff5000 	D:\Xilinx\Vivado\2015.4\lib\win64.o\librdi_synth.dll
0x000007feedb00000 - 0x000007feedb20000 	D:\Xilinx\Vivado\2015.4\lib\win64.o\librdi_bmg.dll
0x000007fec7140000 - 0x000007fec76ee000 	D:\Xilinx\Vivado\2015.4\lib\win64.o\librdi_coretasks.dll
0x000007fec6d70000 - 0x000007fec7131000 	D:\Xilinx\Vivado\2015.4\lib\win64.o\librdi_vivadotasks.dll

VM Arguments:
jvm_args: -Dsun.java2d.pmoffscreen=false -Dsun.java2d.d3d=false -Dsun.awt.nopixfmt=true -Xverify:none -Dswing.aatext=true -XX:-UsePerfData -Djdk.map.althashing.threshold=512 -XX:StringTableSize=4072 -XX:NewSize=60m -XX:MaxNewSize=60m -Xms128m -Xmx3072m -Xss5m 
java_command: <unknown>
java_class_path (initial): D:/Xilinx/Vivado/2015.4\lib\classes\alloy.jar;D:/Xilinx/Vivado/2015.4\lib\classes\antlr-2.7.7.jar;D:/Xilinx/Vivado/2015.4\lib\classes\batik-anim.jar;D:/Xilinx/Vivado/2015.4\lib\classes\batik-awt-util.jar;D:/Xilinx/Vivado/2015.4\lib\classes\batik-bridge.jar;D:/Xilinx/Vivado/2015.4\lib\classes\batik-codec.jar;D:/Xilinx/Vivado/2015.4\lib\classes\batik-css.jar;D:/Xilinx/Vivado/2015.4\lib\classes\batik-dom.jar;D:/Xilinx/Vivado/2015.4\lib\classes\batik-ext.jar;D:/Xilinx/Vivado/2015.4\lib\classes\batik-gui-util.jar;D:/Xilinx/Vivado/2015.4\lib\classes\batik-gvt.jar;D:/Xilinx/Vivado/2015.4\lib\classes\batik-parser.jar;D:/Xilinx/Vivado/2015.4\lib\classes\batik-script.jar;D:/Xilinx/Vivado/2015.4\lib\classes\batik-svg-dom.jar;D:/Xilinx/Vivado/2015.4\lib\classes\batik-swing.jar;D:/Xilinx/Vivado/2015.4\lib\classes\batik-transcoder.jar;D:/Xilinx/Vivado/2015.4\lib\classes\batik-util.jar;D:/Xilinx/Vivado/2015.4\lib\classes\batik-xml.jar;D:/Xilinx/Vivado/2015.4\lib\classes\commons-logging.jar;D:/Xilinx/Vivado/2015.4\lib\classes\commons-math-2.2.jar;D:/Xilinx/Vivado/2015.4\lib\classes\dom4j-1.6.1.jar;D:/Xilinx/Vivado/2015.4\lib\classes\forms.jar;D:/Xilinx/Vivado/2015.4\lib\classes\guava-18.0.jar;D:/Xilinx/Vivado/2015.4\lib\classes\hsqldb.jar;D:/Xilinx/Vivado/2015.4\lib\classes\jdom.jar;D:/Xilinx/Vivado/2015.4\lib\classes\jide-action.jar;D:/Xilinx/Vivado/2015.4\lib\classes\jide-charts.jar;D:/Xilinx/Vivado/2015.4\lib\classes\jide-common.jar;D:/Xilinx/Vivado/2015.4\lib\classes\jide-components.jar;D:/Xilinx/Vivado/2015.4\lib\classes\jide-dashboard.jar;D:/Xilinx/Vivado/2015.4\lib\classes\jide-data.jar;D:/Xilinx/Vivado/2015.4\lib\classes\jide-dialogs.jar;D:/Xilinx/Vivado/2015.4\lib\classes\jide-diff.jar;D:/Xilinx/Vivado/2015.4\lib\classes\jide-dock.jar;D:/Xilinx/Vivado/2015.4\lib\classes\jide-editor.jar;D:/Xilinx/Vivado/2015.4\lib\classes\jide-gantt.jar;D:/Xilinx/Vivado/2015.4\lib\classes\jide-grids.jar;D:/Xilinx/Vivado/2015.4\lib\classes\jide-pivot.jar;D:/Xilin
Launcher Type: generic

Environment Variables:
PATH=D:/Xilinx/Vivado/2015.4/bin;D:/Xilinx/Vivado/2015.4/lib/win64.o;D:/Xilinx/Vivado/2015.4/tps/win64/jre/bin/server;D:/Xilinx/Vivado/2015.4/tps/win64/jre/bin;D:/Xilinx/SDK/2015.4/bin;D:/Xilinx/Vivado/2015.4/ids_lite/ISE/bin/nt64;D:/Xilinx/Vivado/2015.4/ids_lite/ISE/lib/nt64;D:/Xilinx/Vivado_HLS/2015.4/bin;C:\ProgramData\Oracle\Java\javapath;C:\WINDOWS\system32;C:\WINDOWS;C:\WINDOWS\System32\Wbem;C:\WINDOWS\System32\WindowsPowerShell\v1.0\;C:\Program Files\Java\jdk1.8.0_25\bin
USERNAME=iouliia
OS=Windows_NT
PROCESSOR_IDENTIFIER=Intel64 Family 6 Model 60 Stepping 3, GenuineIntel



---------------  S Y S T E M  ---------------

OS: Windows 7 , 64 bit Build 7601 (6.1.7601.18229)

CPU:total 8 (4 cores per cpu, 2 threads per core) family 6 model 60 stepping 3, cmov, cx8, fxsr, mmx, sse, sse2, sse3, ssse3, sse4.1, sse4.2, popcnt, avx, avx2, aes, clmul, erms, rtm, lzcnt, ht, tsc, tscinvbit, bmi1, bmi2

Memory: 4k page, physical 8035016k(5370168k free), swap 16068172k(13149272k free)

vm_info: Java HotSpot(TM) 64-Bit Server VM (25.45-b02) for windows-amd64 JRE (1.8.0_45-b15), built on Apr 30 2015 12:40:44 by "java_re" with MS VC++ 10.0 (VS2010)

time: Sun Apr 10 13:28:30 2016
elapsed time: 21 seconds (0d 0h 0m 21s)

