
*** Running vivado
    with args -log dist_mem_gen_0.vds -m64 -mode batch -messageDb vivado.pb -source dist_mem_gen_0.tcl


****** Vivado v2014.4 (64-bit)
  **** SW Build 1071353 on Tue Nov 18 18:24:04 MST 2014
  **** IP Build 1070531 on Tue Nov 18 01:10:18 MST 2014
    ** Copyright 1986-2014 Xilinx, Inc. All Rights Reserved.

source dist_mem_gen_0.tcl
# set_param gui.test TreeTableDev
# debug::add_scope template.lib 1
# set_msg_config -id {HDL 9-1061} -limit 100000
# set_msg_config -id {HDL 9-1654} -limit 100000
# create_project -in_memory -part xc7a100tcsg324-3
WARNING: [Board 49-26] cannot add Board Part xilinx.com:zc706:part0:0.9 available at C:/Xilinx/Vivado/2014.4/data/boards/board_parts/zynq/zc706/0.9/board_part.xml as part xc7z045ffg900-2 specified in board_part file is either invalid or not available
WARNING: [Board 49-26] cannot add Board Part xilinx.com:zc706:part0:1.0 available at C:/Xilinx/Vivado/2014.4/data/boards/board_parts/zynq/zc706/1.0/board_part.xml as part xc7z045ffg900-2 specified in board_part file is either invalid or not available
WARNING: [Board 49-26] cannot add Board Part xilinx.com:zc706:part0:1.1 available at C:/Xilinx/Vivado/2014.4/data/boards/board_parts/zynq/zc706/1.1/board_part.xml as part xc7z045ffg900-2 specified in board_part file is either invalid or not available
# set_param project.compositeFile.enableAutoGeneration 0
# set_param synth.vivado.isSynthRun true
# set_msg_config -id {IP_Flow 19-2162} -severity warning -new_severity info
# set_property webtalk.parent_dir {C:/Users/jeronimos/Documents/Universidade/CR/praticas/aula5/exemplos/Memoria distribuida projeto complet/exercicio55/exercicio55.cache/wt} [current_project]
# set_property parent.project_path {C:/Users/jeronimos/Documents/Universidade/CR/praticas/aula5/exemplos/Memoria distribuida projeto complet/exercicio55/exercicio55.xpr} [current_project]
# set_property default_lib xil_defaultlib [current_project]
# set_property target_language VHDL [current_project]
# read_ip {{c:/Users/jeronimos/Documents/Universidade/CR/praticas/aula5/exemplos/Memoria distribuida projeto complet/exercicio55/exercicio55.srcs/sources_1/ip/dist_mem_gen_0/dist_mem_gen_0.xci}}
INFO: [IP_Flow 19-234] Refreshing IP repositories
INFO: [IP_Flow 19-1704] No user IP repositories specified
INFO: [IP_Flow 19-2313] Loaded Vivado IP repository 'C:/Xilinx/Vivado/2014.4/data/ip'.
WARNING: [IP_Flow 19-3664] IP 'dist_mem_gen_0' generated file not found 'c:/Users/jeronimos/Documents/Universidade/CR/praticas/aula5/exemplos/Memoria distribuida projeto complet/exercicio55/exercicio55.srcs/sources_1/ip/dist_mem_gen_0/dist_mem_gen_0.dcp'. Please regenerate to continue.
WARNING: [IP_Flow 19-3664] IP 'dist_mem_gen_0' generated file not found 'c:/Users/jeronimos/Documents/Universidade/CR/praticas/aula5/exemplos/Memoria distribuida projeto complet/exercicio55/exercicio55.srcs/sources_1/ip/dist_mem_gen_0/dist_mem_gen_0_stub.v'. Please regenerate to continue.
WARNING: [IP_Flow 19-3664] IP 'dist_mem_gen_0' generated file not found 'c:/Users/jeronimos/Documents/Universidade/CR/praticas/aula5/exemplos/Memoria distribuida projeto complet/exercicio55/exercicio55.srcs/sources_1/ip/dist_mem_gen_0/dist_mem_gen_0_stub.vhdl'. Please regenerate to continue.
WARNING: [IP_Flow 19-3664] IP 'dist_mem_gen_0' generated file not found 'c:/Users/jeronimos/Documents/Universidade/CR/praticas/aula5/exemplos/Memoria distribuida projeto complet/exercicio55/exercicio55.srcs/sources_1/ip/dist_mem_gen_0/dist_mem_gen_0_funcsim.v'. Please regenerate to continue.
WARNING: [IP_Flow 19-3664] IP 'dist_mem_gen_0' generated file not found 'c:/Users/jeronimos/Documents/Universidade/CR/praticas/aula5/exemplos/Memoria distribuida projeto complet/exercicio55/exercicio55.srcs/sources_1/ip/dist_mem_gen_0/dist_mem_gen_0_funcsim.vhdl'. Please regenerate to continue.
# set_property used_in_implementation false [get_files -all {{c:/Users/jeronimos/Documents/Universidade/CR/praticas/aula5/exemplos/Memoria distribuida projeto complet/exercicio55/exercicio55.srcs/sources_1/ip/dist_mem_gen_0/dist_mem_gen_0.dcp}}]
# set_property is_locked true [get_files {{c:/Users/jeronimos/Documents/Universidade/CR/praticas/aula5/exemplos/Memoria distribuida projeto complet/exercicio55/exercicio55.srcs/sources_1/ip/dist_mem_gen_0/dist_mem_gen_0.xci}}]
# read_xdc dont_touch.xdc
# set_property used_in_implementation false [get_files dont_touch.xdc]
# catch { write_hwdef -file dist_mem_gen_0.hwdef }
INFO: [Vivado_Tcl 4-279] hardware handoff file cannot be generated as there is no block diagram instance in the design
# synth_design -top dist_mem_gen_0 -part xc7a100tcsg324-3 -mode out_of_context
Command: synth_design -top dist_mem_gen_0 -part xc7a100tcsg324-3 -mode out_of_context
Starting synth_design
Attempting to get a license for feature 'Synthesis' and/or device 'xc7a100t'
INFO: [Common 17-349] Got license for feature 'Synthesis' and/or device 'xc7a100t'
---------------------------------------------------------------------------------
Starting RTL Elaboration : Time (s): cpu = 00:00:06 ; elapsed = 00:00:07 . Memory (MB): peak = 234.879 ; gain = 76.375
---------------------------------------------------------------------------------
INFO: [Synth 8-638] synthesizing module 'dist_mem_gen_0' [c:/Users/jeronimos/Documents/Universidade/CR/praticas/aula5/exemplos/Memoria distribuida projeto complet/exercicio55/exercicio55.srcs/sources_1/ip/dist_mem_gen_0/synth/dist_mem_gen_0.vhd:66]
	Parameter C_FAMILY bound to: artix7 - type: string 
	Parameter C_ADDR_WIDTH bound to: 6 - type: integer 
	Parameter C_DEFAULT_DATA bound to: 0 - type: string 
	Parameter C_DEPTH bound to: 48 - type: integer 
	Parameter C_HAS_CLK bound to: 0 - type: integer 
	Parameter C_HAS_D bound to: 0 - type: integer 
	Parameter C_HAS_DPO bound to: 0 - type: integer 
	Parameter C_HAS_DPRA bound to: 0 - type: integer 
	Parameter C_HAS_I_CE bound to: 0 - type: integer 
	Parameter C_HAS_QDPO bound to: 0 - type: integer 
	Parameter C_HAS_QDPO_CE bound to: 0 - type: integer 
	Parameter C_HAS_QDPO_CLK bound to: 0 - type: integer 
	Parameter C_HAS_QDPO_RST bound to: 0 - type: integer 
	Parameter C_HAS_QDPO_SRST bound to: 0 - type: integer 
	Parameter C_HAS_QSPO bound to: 0 - type: integer 
	Parameter C_HAS_QSPO_CE bound to: 0 - type: integer 
	Parameter C_HAS_QSPO_RST bound to: 0 - type: integer 
	Parameter C_HAS_QSPO_SRST bound to: 0 - type: integer 
	Parameter C_HAS_SPO bound to: 1 - type: integer 
	Parameter C_HAS_WE bound to: 0 - type: integer 
	Parameter C_MEM_INIT_FILE bound to: dist_mem_gen_0.mif - type: string 
	Parameter C_ELABORATION_DIR bound to: ./ - type: string 
	Parameter C_MEM_TYPE bound to: 0 - type: integer 
	Parameter C_PIPELINE_STAGES bound to: 0 - type: integer 
	Parameter C_QCE_JOINED bound to: 0 - type: integer 
	Parameter C_QUALIFY_WE bound to: 0 - type: integer 
	Parameter C_READ_MIF bound to: 1 - type: integer 
	Parameter C_REG_A_D_INPUTS bound to: 0 - type: integer 
	Parameter C_REG_DPRA_INPUT bound to: 0 - type: integer 
	Parameter C_SYNC_ENABLE bound to: 1 - type: integer 
	Parameter C_WIDTH bound to: 8 - type: integer 
	Parameter C_PARSER_TYPE bound to: 1 - type: integer 
INFO: [Synth 8-3491] module 'dist_mem_gen_v8_0' declared at 'c:/Users/jeronimos/Documents/Universidade/CR/praticas/aula5/exemplos/Memoria distribuida projeto complet/exercicio55/exercicio55.srcs/sources_1/ip/dist_mem_gen_0/dist_mem_gen_v8_0/hdl/dist_mem_gen_v8_0.vhd:130' bound to instance 'U0' of component 'dist_mem_gen_v8_0' [c:/Users/jeronimos/Documents/Universidade/CR/praticas/aula5/exemplos/Memoria distribuida projeto complet/exercicio55/exercicio55.srcs/sources_1/ip/dist_mem_gen_0/synth/dist_mem_gen_0.vhd:132]
INFO: [Synth 8-638] synthesizing module 'dist_mem_gen_v8_0__parameterized0' [c:/Users/jeronimos/Documents/Universidade/CR/praticas/aula5/exemplos/Memoria distribuida projeto complet/exercicio55/exercicio55.srcs/sources_1/ip/dist_mem_gen_0/dist_mem_gen_v8_0/hdl/dist_mem_gen_v8_0.vhd:186]
	Parameter C_FAMILY bound to: artix7 - type: string 
	Parameter C_ADDR_WIDTH bound to: 6 - type: integer 
	Parameter C_DEFAULT_DATA bound to: 0 - type: string 
	Parameter C_DEPTH bound to: 48 - type: integer 
	Parameter C_HAS_CLK bound to: 0 - type: integer 
	Parameter C_HAS_D bound to: 0 - type: integer 
	Parameter C_HAS_DPO bound to: 0 - type: integer 
	Parameter C_HAS_DPRA bound to: 0 - type: integer 
	Parameter C_HAS_I_CE bound to: 0 - type: integer 
	Parameter C_HAS_QDPO bound to: 0 - type: integer 
	Parameter C_HAS_QDPO_CE bound to: 0 - type: integer 
	Parameter C_HAS_QDPO_CLK bound to: 0 - type: integer 
	Parameter C_HAS_QDPO_RST bound to: 0 - type: integer 
	Parameter C_HAS_QDPO_SRST bound to: 0 - type: integer 
	Parameter C_HAS_QSPO bound to: 0 - type: integer 
	Parameter C_HAS_QSPO_CE bound to: 0 - type: integer 
	Parameter C_HAS_QSPO_RST bound to: 0 - type: integer 
	Parameter C_HAS_QSPO_SRST bound to: 0 - type: integer 
	Parameter C_HAS_SPO bound to: 1 - type: integer 
	Parameter C_HAS_WE bound to: 0 - type: integer 
	Parameter C_MEM_INIT_FILE bound to: dist_mem_gen_0.mif - type: string 
	Parameter C_ELABORATION_DIR bound to: ./ - type: string 
	Parameter C_MEM_TYPE bound to: 0 - type: integer 
	Parameter C_PIPELINE_STAGES bound to: 0 - type: integer 
	Parameter C_QCE_JOINED bound to: 0 - type: integer 
	Parameter C_QUALIFY_WE bound to: 0 - type: integer 
	Parameter C_READ_MIF bound to: 1 - type: integer 
	Parameter C_REG_A_D_INPUTS bound to: 0 - type: integer 
	Parameter C_REG_DPRA_INPUT bound to: 0 - type: integer 
	Parameter C_SYNC_ENABLE bound to: 1 - type: integer 
	Parameter C_WIDTH bound to: 8 - type: integer 
	Parameter C_PARSER_TYPE bound to: 1 - type: integer 
INFO: [Synth 8-638] synthesizing module 'dist_mem_gen_v8_0_synth' [c:/Users/jeronimos/Documents/Universidade/CR/praticas/aula5/exemplos/Memoria distribuida projeto complet/exercicio55/exercicio55.srcs/sources_1/ip/dist_mem_gen_0/dist_mem_gen_v8_0/hdl/dist_mem_gen_v8_0_vhsyn_rfs.vhd:2867]
	Parameter C_FAMILY bound to: artix7 - type: string 
	Parameter C_ADDR_WIDTH bound to: 6 - type: integer 
	Parameter C_DEFAULT_DATA bound to: 0 - type: string 
	Parameter C_DEPTH bound to: 48 - type: integer 
	Parameter C_HAS_CLK bound to: 0 - type: integer 
	Parameter C_HAS_D bound to: 0 - type: integer 
	Parameter C_HAS_DPO bound to: 0 - type: integer 
	Parameter C_HAS_DPRA bound to: 0 - type: integer 
	Parameter C_HAS_I_CE bound to: 0 - type: integer 
	Parameter C_HAS_QDPO bound to: 0 - type: integer 
	Parameter C_HAS_QDPO_CE bound to: 0 - type: integer 
	Parameter C_HAS_QDPO_CLK bound to: 0 - type: integer 
	Parameter C_HAS_QDPO_RST bound to: 0 - type: integer 
	Parameter C_HAS_QDPO_SRST bound to: 0 - type: integer 
	Parameter C_HAS_QSPO bound to: 0 - type: integer 
	Parameter C_HAS_QSPO_CE bound to: 0 - type: integer 
	Parameter C_HAS_QSPO_RST bound to: 0 - type: integer 
	Parameter C_HAS_QSPO_SRST bound to: 0 - type: integer 
	Parameter C_HAS_SPO bound to: 1 - type: integer 
	Parameter C_HAS_WE bound to: 0 - type: integer 
	Parameter C_MEM_INIT_FILE bound to: dist_mem_gen_0.mif - type: string 
	Parameter C_ELABORATION_DIR bound to: ./ - type: string 
	Parameter C_MEM_TYPE bound to: 0 - type: integer 
	Parameter C_PIPELINE_STAGES bound to: 0 - type: integer 
	Parameter C_QCE_JOINED bound to: 0 - type: integer 
	Parameter C_QUALIFY_WE bound to: 0 - type: integer 
	Parameter C_READ_MIF bound to: 1 - type: integer 
	Parameter C_REG_A_D_INPUTS bound to: 0 - type: integer 
	Parameter C_REG_DPRA_INPUT bound to: 0 - type: integer 
	Parameter C_SYNC_ENABLE bound to: 1 - type: integer 
	Parameter C_WIDTH bound to: 8 - type: integer 
	Parameter C_PARSER_TYPE bound to: 0 - type: integer 
	Parameter c_addr_width bound to: 6 - type: integer 
	Parameter c_depth bound to: 48 - type: integer 
	Parameter c_width bound to: 8 - type: integer 
	Parameter c_default_data bound to: 0 - type: string 
	Parameter c_mem_init_file bound to: dist_mem_gen_0.mif - type: string 
	Parameter c_elaboration_dir bound to: ./ - type: string 
	Parameter c_read_mif bound to: 1 - type: integer 
	Parameter c_reg_a_d_inputs bound to: 0 - type: integer 
	Parameter c_has_clk bound to: 0 - type: integer 
	Parameter c_has_qspo_ce bound to: 0 - type: integer 
	Parameter c_has_qspo_rst bound to: 0 - type: integer 
	Parameter c_has_qspo_srst bound to: 0 - type: integer 
	Parameter c_has_spo bound to: 1 - type: integer 
	Parameter c_has_qspo bound to: 0 - type: integer 
	Parameter c_sync_enable bound to: 1 - type: integer 
	Parameter c_parser_type bound to: 0 - type: integer 
INFO: [Synth 8-3491] module 'rom' declared at 'c:/Users/jeronimos/Documents/Universidade/CR/praticas/aula5/exemplos/Memoria distribuida projeto complet/exercicio55/exercicio55.srcs/sources_1/ip/dist_mem_gen_0/dist_mem_gen_v8_0/hdl/dist_mem_gen_v8_0_vhsyn_rfs.vhd:523' bound to instance 'rom_inst' of component 'rom' [c:/Users/jeronimos/Documents/Universidade/CR/praticas/aula5/exemplos/Memoria distribuida projeto complet/exercicio55/exercicio55.srcs/sources_1/ip/dist_mem_gen_0/dist_mem_gen_v8_0/hdl/dist_mem_gen_v8_0_vhsyn_rfs.vhd:2888]
INFO: [Synth 8-638] synthesizing module 'rom__parameterized0' [c:/Users/jeronimos/Documents/Universidade/CR/praticas/aula5/exemplos/Memoria distribuida projeto complet/exercicio55/exercicio55.srcs/sources_1/ip/dist_mem_gen_0/dist_mem_gen_v8_0/hdl/dist_mem_gen_v8_0_vhsyn_rfs.vhd:551]
	Parameter c_addr_width bound to: 6 - type: integer 
	Parameter c_depth bound to: 48 - type: integer 
	Parameter c_width bound to: 8 - type: integer 
	Parameter c_default_data bound to: 0 - type: string 
	Parameter c_mem_init_file bound to: dist_mem_gen_0.mif - type: string 
	Parameter c_elaboration_dir bound to: ./ - type: string 
	Parameter c_read_mif bound to: 1 - type: integer 
	Parameter c_reg_a_d_inputs bound to: 0 - type: integer 
	Parameter c_has_clk bound to: 0 - type: integer 
	Parameter c_has_qspo_ce bound to: 0 - type: integer 
	Parameter c_has_qspo_rst bound to: 0 - type: integer 
	Parameter c_has_qspo_srst bound to: 0 - type: integer 
	Parameter c_has_spo bound to: 1 - type: integer 
	Parameter c_has_qspo bound to: 0 - type: integer 
	Parameter c_sync_enable bound to: 1 - type: integer 
	Parameter c_parser_type bound to: 0 - type: integer 
INFO: [Synth 8-4472] Detected and applied attribute rom_style = distributed [c:/Users/jeronimos/Documents/Universidade/CR/praticas/aula5/exemplos/Memoria distribuida projeto complet/exercicio55/exercicio55.srcs/sources_1/ip/dist_mem_gen_0/dist_mem_gen_v8_0/hdl/dist_mem_gen_v8_0_vhsyn_rfs.vhd:745]
WARNING: [Synth 8-3848] Net qspo in module/entity rom__parameterized0 does not have driver. [c:/Users/jeronimos/Documents/Universidade/CR/praticas/aula5/exemplos/Memoria distribuida projeto complet/exercicio55/exercicio55.srcs/sources_1/ip/dist_mem_gen_0/dist_mem_gen_v8_0/hdl/dist_mem_gen_v8_0_vhsyn_rfs.vhd:548]
INFO: [Synth 8-256] done synthesizing module 'rom__parameterized0' (1#1) [c:/Users/jeronimos/Documents/Universidade/CR/praticas/aula5/exemplos/Memoria distribuida projeto complet/exercicio55/exercicio55.srcs/sources_1/ip/dist_mem_gen_0/dist_mem_gen_v8_0/hdl/dist_mem_gen_v8_0_vhsyn_rfs.vhd:551]
WARNING: [Synth 8-3848] Net dpo in module/entity dist_mem_gen_v8_0_synth does not have driver. [c:/Users/jeronimos/Documents/Universidade/CR/praticas/aula5/exemplos/Memoria distribuida projeto complet/exercicio55/exercicio55.srcs/sources_1/ip/dist_mem_gen_0/dist_mem_gen_v8_0/hdl/dist_mem_gen_v8_0_vhsyn_rfs.vhd:2859]
WARNING: [Synth 8-3848] Net qdpo in module/entity dist_mem_gen_v8_0_synth does not have driver. [c:/Users/jeronimos/Documents/Universidade/CR/praticas/aula5/exemplos/Memoria distribuida projeto complet/exercicio55/exercicio55.srcs/sources_1/ip/dist_mem_gen_0/dist_mem_gen_v8_0/hdl/dist_mem_gen_v8_0_vhsyn_rfs.vhd:2861]
INFO: [Synth 8-256] done synthesizing module 'dist_mem_gen_v8_0_synth' (2#1) [c:/Users/jeronimos/Documents/Universidade/CR/praticas/aula5/exemplos/Memoria distribuida projeto complet/exercicio55/exercicio55.srcs/sources_1/ip/dist_mem_gen_0/dist_mem_gen_v8_0/hdl/dist_mem_gen_v8_0_vhsyn_rfs.vhd:2867]
WARNING: [Synth 8-3848] Net gnd_bus in module/entity dist_mem_gen_v8_0__parameterized0 does not have driver. [c:/Users/jeronimos/Documents/Universidade/CR/praticas/aula5/exemplos/Memoria distribuida projeto complet/exercicio55/exercicio55.srcs/sources_1/ip/dist_mem_gen_0/dist_mem_gen_v8_0/hdl/dist_mem_gen_v8_0.vhd:214]
WARNING: [Synth 8-3848] Net gnd in module/entity dist_mem_gen_v8_0__parameterized0 does not have driver. [c:/Users/jeronimos/Documents/Universidade/CR/praticas/aula5/exemplos/Memoria distribuida projeto complet/exercicio55/exercicio55.srcs/sources_1/ip/dist_mem_gen_0/dist_mem_gen_v8_0/hdl/dist_mem_gen_v8_0.vhd:213]
WARNING: [Synth 8-3848] Net vcc in module/entity dist_mem_gen_v8_0__parameterized0 does not have driver. [c:/Users/jeronimos/Documents/Universidade/CR/praticas/aula5/exemplos/Memoria distribuida projeto complet/exercicio55/exercicio55.srcs/sources_1/ip/dist_mem_gen_0/dist_mem_gen_v8_0/hdl/dist_mem_gen_v8_0.vhd:215]
INFO: [Synth 8-256] done synthesizing module 'dist_mem_gen_v8_0__parameterized0' (3#1) [c:/Users/jeronimos/Documents/Universidade/CR/praticas/aula5/exemplos/Memoria distribuida projeto complet/exercicio55/exercicio55.srcs/sources_1/ip/dist_mem_gen_0/dist_mem_gen_v8_0/hdl/dist_mem_gen_v8_0.vhd:186]
INFO: [Synth 8-256] done synthesizing module 'dist_mem_gen_0' (4#1) [c:/Users/jeronimos/Documents/Universidade/CR/praticas/aula5/exemplos/Memoria distribuida projeto complet/exercicio55/exercicio55.srcs/sources_1/ip/dist_mem_gen_0/synth/dist_mem_gen_0.vhd:66]
---------------------------------------------------------------------------------
Finished RTL Elaboration : Time (s): cpu = 00:00:09 ; elapsed = 00:00:09 . Memory (MB): peak = 269.824 ; gain = 111.320
---------------------------------------------------------------------------------

Report Check Netlist: 
+------+------------------+-------+---------+-------+------------------+
|      |Item              |Errors |Warnings |Status |Description       |
+------+------------------+-------+---------+-------+------------------+
|1     |multi_driven_nets |      0|        0|Passed |Multi driven nets |
+------+------------------+-------+---------+-------+------------------+
WARNING: [Synth 8-3295] tying undriven pin \synth_options.dist_mem_inst :d[7] to constant 0 [c:/Users/jeronimos/Documents/Universidade/CR/praticas/aula5/exemplos/Memoria distribuida projeto complet/exercicio55/exercicio55.srcs/sources_1/ip/dist_mem_gen_0/dist_mem_gen_v8_0/hdl/dist_mem_gen_v8_0.vhd:222]
WARNING: [Synth 8-3295] tying undriven pin \synth_options.dist_mem_inst :d[6] to constant 0 [c:/Users/jeronimos/Documents/Universidade/CR/praticas/aula5/exemplos/Memoria distribuida projeto complet/exercicio55/exercicio55.srcs/sources_1/ip/dist_mem_gen_0/dist_mem_gen_v8_0/hdl/dist_mem_gen_v8_0.vhd:222]
WARNING: [Synth 8-3295] tying undriven pin \synth_options.dist_mem_inst :d[5] to constant 0 [c:/Users/jeronimos/Documents/Universidade/CR/praticas/aula5/exemplos/Memoria distribuida projeto complet/exercicio55/exercicio55.srcs/sources_1/ip/dist_mem_gen_0/dist_mem_gen_v8_0/hdl/dist_mem_gen_v8_0.vhd:222]
WARNING: [Synth 8-3295] tying undriven pin \synth_options.dist_mem_inst :d[4] to constant 0 [c:/Users/jeronimos/Documents/Universidade/CR/praticas/aula5/exemplos/Memoria distribuida projeto complet/exercicio55/exercicio55.srcs/sources_1/ip/dist_mem_gen_0/dist_mem_gen_v8_0/hdl/dist_mem_gen_v8_0.vhd:222]
WARNING: [Synth 8-3295] tying undriven pin \synth_options.dist_mem_inst :d[3] to constant 0 [c:/Users/jeronimos/Documents/Universidade/CR/praticas/aula5/exemplos/Memoria distribuida projeto complet/exercicio55/exercicio55.srcs/sources_1/ip/dist_mem_gen_0/dist_mem_gen_v8_0/hdl/dist_mem_gen_v8_0.vhd:222]
WARNING: [Synth 8-3295] tying undriven pin \synth_options.dist_mem_inst :d[2] to constant 0 [c:/Users/jeronimos/Documents/Universidade/CR/praticas/aula5/exemplos/Memoria distribuida projeto complet/exercicio55/exercicio55.srcs/sources_1/ip/dist_mem_gen_0/dist_mem_gen_v8_0/hdl/dist_mem_gen_v8_0.vhd:222]
WARNING: [Synth 8-3295] tying undriven pin \synth_options.dist_mem_inst :d[1] to constant 0 [c:/Users/jeronimos/Documents/Universidade/CR/praticas/aula5/exemplos/Memoria distribuida projeto complet/exercicio55/exercicio55.srcs/sources_1/ip/dist_mem_gen_0/dist_mem_gen_v8_0/hdl/dist_mem_gen_v8_0.vhd:222]
WARNING: [Synth 8-3295] tying undriven pin \synth_options.dist_mem_inst :d[0] to constant 0 [c:/Users/jeronimos/Documents/Universidade/CR/praticas/aula5/exemplos/Memoria distribuida projeto complet/exercicio55/exercicio55.srcs/sources_1/ip/dist_mem_gen_0/dist_mem_gen_v8_0/hdl/dist_mem_gen_v8_0.vhd:222]
WARNING: [Synth 8-3295] tying undriven pin \synth_options.dist_mem_inst :dpra[5] to constant 0 [c:/Users/jeronimos/Documents/Universidade/CR/praticas/aula5/exemplos/Memoria distribuida projeto complet/exercicio55/exercicio55.srcs/sources_1/ip/dist_mem_gen_0/dist_mem_gen_v8_0/hdl/dist_mem_gen_v8_0.vhd:222]
WARNING: [Synth 8-3295] tying undriven pin \synth_options.dist_mem_inst :dpra[4] to constant 0 [c:/Users/jeronimos/Documents/Universidade/CR/praticas/aula5/exemplos/Memoria distribuida projeto complet/exercicio55/exercicio55.srcs/sources_1/ip/dist_mem_gen_0/dist_mem_gen_v8_0/hdl/dist_mem_gen_v8_0.vhd:222]
WARNING: [Synth 8-3295] tying undriven pin \synth_options.dist_mem_inst :dpra[3] to constant 0 [c:/Users/jeronimos/Documents/Universidade/CR/praticas/aula5/exemplos/Memoria distribuida projeto complet/exercicio55/exercicio55.srcs/sources_1/ip/dist_mem_gen_0/dist_mem_gen_v8_0/hdl/dist_mem_gen_v8_0.vhd:222]
WARNING: [Synth 8-3295] tying undriven pin \synth_options.dist_mem_inst :dpra[2] to constant 0 [c:/Users/jeronimos/Documents/Universidade/CR/praticas/aula5/exemplos/Memoria distribuida projeto complet/exercicio55/exercicio55.srcs/sources_1/ip/dist_mem_gen_0/dist_mem_gen_v8_0/hdl/dist_mem_gen_v8_0.vhd:222]
WARNING: [Synth 8-3295] tying undriven pin \synth_options.dist_mem_inst :dpra[1] to constant 0 [c:/Users/jeronimos/Documents/Universidade/CR/praticas/aula5/exemplos/Memoria distribuida projeto complet/exercicio55/exercicio55.srcs/sources_1/ip/dist_mem_gen_0/dist_mem_gen_v8_0/hdl/dist_mem_gen_v8_0.vhd:222]
WARNING: [Synth 8-3295] tying undriven pin \synth_options.dist_mem_inst :dpra[0] to constant 0 [c:/Users/jeronimos/Documents/Universidade/CR/praticas/aula5/exemplos/Memoria distribuida projeto complet/exercicio55/exercicio55.srcs/sources_1/ip/dist_mem_gen_0/dist_mem_gen_v8_0/hdl/dist_mem_gen_v8_0.vhd:222]
WARNING: [Synth 8-3295] tying undriven pin \synth_options.dist_mem_inst :clk to constant 0 [c:/Users/jeronimos/Documents/Universidade/CR/praticas/aula5/exemplos/Memoria distribuida projeto complet/exercicio55/exercicio55.srcs/sources_1/ip/dist_mem_gen_0/dist_mem_gen_v8_0/hdl/dist_mem_gen_v8_0.vhd:222]
WARNING: [Synth 8-3295] tying undriven pin \synth_options.dist_mem_inst :we to constant 0 [c:/Users/jeronimos/Documents/Universidade/CR/praticas/aula5/exemplos/Memoria distribuida projeto complet/exercicio55/exercicio55.srcs/sources_1/ip/dist_mem_gen_0/dist_mem_gen_v8_0/hdl/dist_mem_gen_v8_0.vhd:222]
WARNING: [Synth 8-3295] tying undriven pin \synth_options.dist_mem_inst :i_ce to constant 0 [c:/Users/jeronimos/Documents/Universidade/CR/praticas/aula5/exemplos/Memoria distribuida projeto complet/exercicio55/exercicio55.srcs/sources_1/ip/dist_mem_gen_0/dist_mem_gen_v8_0/hdl/dist_mem_gen_v8_0.vhd:222]
WARNING: [Synth 8-3295] tying undriven pin \synth_options.dist_mem_inst :qspo_ce to constant 0 [c:/Users/jeronimos/Documents/Universidade/CR/praticas/aula5/exemplos/Memoria distribuida projeto complet/exercicio55/exercicio55.srcs/sources_1/ip/dist_mem_gen_0/dist_mem_gen_v8_0/hdl/dist_mem_gen_v8_0.vhd:222]
WARNING: [Synth 8-3295] tying undriven pin \synth_options.dist_mem_inst :qdpo_ce to constant 0 [c:/Users/jeronimos/Documents/Universidade/CR/praticas/aula5/exemplos/Memoria distribuida projeto complet/exercicio55/exercicio55.srcs/sources_1/ip/dist_mem_gen_0/dist_mem_gen_v8_0/hdl/dist_mem_gen_v8_0.vhd:222]
WARNING: [Synth 8-3295] tying undriven pin \synth_options.dist_mem_inst :qdpo_clk to constant 0 [c:/Users/jeronimos/Documents/Universidade/CR/praticas/aula5/exemplos/Memoria distribuida projeto complet/exercicio55/exercicio55.srcs/sources_1/ip/dist_mem_gen_0/dist_mem_gen_v8_0/hdl/dist_mem_gen_v8_0.vhd:222]
WARNING: [Synth 8-3295] tying undriven pin \synth_options.dist_mem_inst :qspo_rst to constant 0 [c:/Users/jeronimos/Documents/Universidade/CR/praticas/aula5/exemplos/Memoria distribuida projeto complet/exercicio55/exercicio55.srcs/sources_1/ip/dist_mem_gen_0/dist_mem_gen_v8_0/hdl/dist_mem_gen_v8_0.vhd:222]
WARNING: [Synth 8-3295] tying undriven pin \synth_options.dist_mem_inst :qdpo_rst to constant 0 [c:/Users/jeronimos/Documents/Universidade/CR/praticas/aula5/exemplos/Memoria distribuida projeto complet/exercicio55/exercicio55.srcs/sources_1/ip/dist_mem_gen_0/dist_mem_gen_v8_0/hdl/dist_mem_gen_v8_0.vhd:222]
WARNING: [Synth 8-3295] tying undriven pin \synth_options.dist_mem_inst :qspo_srst to constant 0 [c:/Users/jeronimos/Documents/Universidade/CR/praticas/aula5/exemplos/Memoria distribuida projeto complet/exercicio55/exercicio55.srcs/sources_1/ip/dist_mem_gen_0/dist_mem_gen_v8_0/hdl/dist_mem_gen_v8_0.vhd:222]
WARNING: [Synth 8-3295] tying undriven pin \synth_options.dist_mem_inst :qdpo_srst to constant 0 [c:/Users/jeronimos/Documents/Universidade/CR/praticas/aula5/exemplos/Memoria distribuida projeto complet/exercicio55/exercicio55.srcs/sources_1/ip/dist_mem_gen_0/dist_mem_gen_v8_0/hdl/dist_mem_gen_v8_0.vhd:222]
---------------------------------------------------------------------------------
Finished RTL Optimization Phase 1 : Time (s): cpu = 00:00:09 ; elapsed = 00:00:09 . Memory (MB): peak = 269.824 ; gain = 111.320
---------------------------------------------------------------------------------
Loading clock regions from C:/Xilinx/Vivado/2014.4/data\parts/xilinx/artix7/artix7/xc7a100t/ClockRegion.xml
Loading clock buffers from C:/Xilinx/Vivado/2014.4/data\parts/xilinx/artix7/artix7/xc7a100t/ClockBuffers.xml
Loading clock placement rules from C:/Xilinx/Vivado/2014.4/data/parts/xilinx/artix7/ClockPlacerRules.xml
Loading package pin functions from C:/Xilinx/Vivado/2014.4/data\parts/xilinx/artix7/PinFunctions.xml...
Loading package from C:/Xilinx/Vivado/2014.4/data\parts/xilinx/artix7/artix7/xc7a100t/csg324/Package.xml
Loading io standards from C:/Xilinx/Vivado/2014.4/data\./parts/xilinx/artix7/IOStandards.xml
Loading device configuration modes from C:/Xilinx/Vivado/2014.4/data\parts/xilinx/artix7/ConfigModes.xml
INFO: [Project 1-570] Preparing netlist for logic optimization

Processing XDC Constraints
Initializing timing engine
Parsing XDC File [c:/Users/jeronimos/Documents/Universidade/CR/praticas/aula5/exemplos/Memoria distribuida projeto complet/exercicio55/exercicio55.srcs/sources_1/ip/dist_mem_gen_0/dist_mem_gen_0_ooc.xdc] for cell 'U0'
Finished Parsing XDC File [c:/Users/jeronimos/Documents/Universidade/CR/praticas/aula5/exemplos/Memoria distribuida projeto complet/exercicio55/exercicio55.srcs/sources_1/ip/dist_mem_gen_0/dist_mem_gen_0_ooc.xdc] for cell 'U0'
Parsing XDC File [C:/Users/jeronimos/Documents/Universidade/CR/praticas/aula5/exemplos/Memoria distribuida projeto complet/exercicio55/exercicio55.runs/dist_mem_gen_0_synth_1/dont_touch.xdc]
Finished Parsing XDC File [C:/Users/jeronimos/Documents/Universidade/CR/praticas/aula5/exemplos/Memoria distribuida projeto complet/exercicio55/exercicio55.runs/dist_mem_gen_0_synth_1/dont_touch.xdc]
Completed Processing XDC Constraints

INFO: [Project 1-111] Unisim Transformation Summary:
No Unisim elements were transformed.

Constraint Validation Runtime : Time (s): cpu = 00:00:00 ; elapsed = 00:00:00 . Memory (MB): peak = 490.910 ; gain = 0.000
---------------------------------------------------------------------------------
Finished Constraint Validation : Time (s): cpu = 00:00:17 ; elapsed = 00:00:18 . Memory (MB): peak = 490.910 ; gain = 332.406
---------------------------------------------------------------------------------
---------------------------------------------------------------------------------
Start Loading Part and Timing Information
---------------------------------------------------------------------------------
Loading part: xc7a100tcsg324-3
---------------------------------------------------------------------------------
Finished Loading Part and Timing Information : Time (s): cpu = 00:00:17 ; elapsed = 00:00:18 . Memory (MB): peak = 490.910 ; gain = 332.406
---------------------------------------------------------------------------------
---------------------------------------------------------------------------------
Start Applying 'set_property' XDC Constraints
---------------------------------------------------------------------------------
Applied set_property DONT_TOUCH = true for U0. (constraint file  {C:/Users/jeronimos/Documents/Universidade/CR/praticas/aula5/exemplos/Memoria distribuida projeto complet/exercicio55/exercicio55.runs/dist_mem_gen_0_synth_1/dont_touch.xdc}, line 9).
---------------------------------------------------------------------------------
Finished applying 'set_property' XDC Constraints : Time (s): cpu = 00:00:17 ; elapsed = 00:00:18 . Memory (MB): peak = 490.910 ; gain = 332.406
---------------------------------------------------------------------------------
WARNING: [Synth 8-3848] Net qspo in module/entity rom__parameterized0 does not have driver. [c:/Users/jeronimos/Documents/Universidade/CR/praticas/aula5/exemplos/Memoria distribuida projeto complet/exercicio55/exercicio55.srcs/sources_1/ip/dist_mem_gen_0/dist_mem_gen_v8_0/hdl/dist_mem_gen_v8_0_vhsyn_rfs.vhd:548]
WARNING: [Synth 8-3848] Net dpo in module/entity dist_mem_gen_v8_0_synth does not have driver. [c:/Users/jeronimos/Documents/Universidade/CR/praticas/aula5/exemplos/Memoria distribuida projeto complet/exercicio55/exercicio55.srcs/sources_1/ip/dist_mem_gen_0/dist_mem_gen_v8_0/hdl/dist_mem_gen_v8_0_vhsyn_rfs.vhd:2859]
WARNING: [Synth 8-3848] Net qdpo in module/entity dist_mem_gen_v8_0_synth does not have driver. [c:/Users/jeronimos/Documents/Universidade/CR/praticas/aula5/exemplos/Memoria distribuida projeto complet/exercicio55/exercicio55.srcs/sources_1/ip/dist_mem_gen_0/dist_mem_gen_v8_0/hdl/dist_mem_gen_v8_0_vhsyn_rfs.vhd:2861]
WARNING: [Synth 8-3848] Net gnd_bus in module/entity dist_mem_gen_v8_0__parameterized0 does not have driver. [c:/Users/jeronimos/Documents/Universidade/CR/praticas/aula5/exemplos/Memoria distribuida projeto complet/exercicio55/exercicio55.srcs/sources_1/ip/dist_mem_gen_0/dist_mem_gen_v8_0/hdl/dist_mem_gen_v8_0.vhd:214]
WARNING: [Synth 8-3848] Net gnd in module/entity dist_mem_gen_v8_0__parameterized0 does not have driver. [c:/Users/jeronimos/Documents/Universidade/CR/praticas/aula5/exemplos/Memoria distribuida projeto complet/exercicio55/exercicio55.srcs/sources_1/ip/dist_mem_gen_0/dist_mem_gen_v8_0/hdl/dist_mem_gen_v8_0.vhd:213]
WARNING: [Synth 8-3848] Net vcc in module/entity dist_mem_gen_v8_0__parameterized0 does not have driver. [c:/Users/jeronimos/Documents/Universidade/CR/praticas/aula5/exemplos/Memoria distribuida projeto complet/exercicio55/exercicio55.srcs/sources_1/ip/dist_mem_gen_0/dist_mem_gen_v8_0/hdl/dist_mem_gen_v8_0.vhd:215]
---------------------------------------------------------------------------------
Finished RTL Optimization Phase 2 : Time (s): cpu = 00:00:17 ; elapsed = 00:00:18 . Memory (MB): peak = 490.910 ; gain = 332.406
---------------------------------------------------------------------------------

Report RTL Partitions: 
+-+--------------+------------+----------+
| |RTL Partition |Replication |Instances |
+-+--------------+------------+----------+
+-+--------------+------------+----------+
---------------------------------------------------------------------------------
Start RTL Component Statistics 
---------------------------------------------------------------------------------
Detailed RTL Component Info : 
---------------------------------------------------------------------------------
Finished RTL Component Statistics 
---------------------------------------------------------------------------------
---------------------------------------------------------------------------------
Start RTL Hierarchical Component Statistics 
---------------------------------------------------------------------------------
Hierarchical RTL Component report 
Module dist_mem_gen_0 
Detailed RTL Component Info : 
Module rom__parameterized0 
Detailed RTL Component Info : 
Module dist_mem_gen_v8_0_synth 
Detailed RTL Component Info : 
Module dist_mem_gen_v8_0__parameterized0 
Detailed RTL Component Info : 
---------------------------------------------------------------------------------
Finished RTL Hierarchical Component Statistics
---------------------------------------------------------------------------------
---------------------------------------------------------------------------------
Start Part Resource Summary
---------------------------------------------------------------------------------
Part Resources:
DSPs: 240 (col length:80)
BRAMs: 270 (col length: RAMB18 80 RAMB36 40)
---------------------------------------------------------------------------------
Finished Part Resource Summary
---------------------------------------------------------------------------------
Start Parallel Synthesis Optimization  : Time (s): cpu = 00:00:17 ; elapsed = 00:00:18 . Memory (MB): peak = 490.910 ; gain = 332.406
---------------------------------------------------------------------------------
Start Cross Boundary Optimization
---------------------------------------------------------------------------------
---------------------------------------------------------------------------------
Finished Cross Boundary Optimization : Time (s): cpu = 00:00:17 ; elapsed = 00:00:18 . Memory (MB): peak = 490.910 ; gain = 332.406
---------------------------------------------------------------------------------
Finished Parallel Reinference  : Time (s): cpu = 00:00:17 ; elapsed = 00:00:18 . Memory (MB): peak = 490.910 ; gain = 332.406

Report RTL Partitions: 
+-+--------------+------------+----------+
| |RTL Partition |Replication |Instances |
+-+--------------+------------+----------+
+-+--------------+------------+----------+
---------------------------------------------------------------------------------
Start RAM, DSP and Shift Register Reporting
---------------------------------------------------------------------------------
---------------------------------------------------------------------------------
Finished RAM, DSP and Shift Register Reporting
---------------------------------------------------------------------------------
---------------------------------------------------------------------------------
Start Area Optimization
---------------------------------------------------------------------------------
---------------------------------------------------------------------------------
Finished Area Optimization : Time (s): cpu = 00:00:17 ; elapsed = 00:00:18 . Memory (MB): peak = 490.910 ; gain = 332.406
---------------------------------------------------------------------------------
---------------------------------------------------------------------------------
Finished Area Optimization : Time (s): cpu = 00:00:17 ; elapsed = 00:00:18 . Memory (MB): peak = 490.910 ; gain = 332.406
---------------------------------------------------------------------------------
Finished Parallel Area Optimization  : Time (s): cpu = 00:00:17 ; elapsed = 00:00:18 . Memory (MB): peak = 490.910 ; gain = 332.406

Report RTL Partitions: 
+-+--------------+------------+----------+
| |RTL Partition |Replication |Instances |
+-+--------------+------------+----------+
+-+--------------+------------+----------+
Finished Parallel Synthesis Optimization  : Time (s): cpu = 00:00:17 ; elapsed = 00:00:18 . Memory (MB): peak = 490.910 ; gain = 332.406
---------------------------------------------------------------------------------
Start Timing Optimization
---------------------------------------------------------------------------------
---------------------------------------------------------------------------------
Start Applying XDC Timing Constraints
---------------------------------------------------------------------------------
---------------------------------------------------------------------------------
Finished Applying XDC Timing Constraints : Time (s): cpu = 00:00:31 ; elapsed = 00:00:32 . Memory (MB): peak = 535.793 ; gain = 377.289
---------------------------------------------------------------------------------
---------------------------------------------------------------------------------
Finished Timing Optimization : Time (s): cpu = 00:00:31 ; elapsed = 00:00:32 . Memory (MB): peak = 535.793 ; gain = 377.289
---------------------------------------------------------------------------------

Report RTL Partitions: 
+-+--------------+------------+----------+
| |RTL Partition |Replication |Instances |
+-+--------------+------------+----------+
+-+--------------+------------+----------+
---------------------------------------------------------------------------------
Start Technology Mapping
---------------------------------------------------------------------------------
---------------------------------------------------------------------------------
Finished Technology Mapping : Time (s): cpu = 00:00:31 ; elapsed = 00:00:32 . Memory (MB): peak = 545.113 ; gain = 386.609
---------------------------------------------------------------------------------

Report RTL Partitions: 
+-+--------------+------------+----------+
| |RTL Partition |Replication |Instances |
+-+--------------+------------+----------+
+-+--------------+------------+----------+
---------------------------------------------------------------------------------
Start IO Insertion
---------------------------------------------------------------------------------
---------------------------------------------------------------------------------
Start Flattening Before IO Insertion
---------------------------------------------------------------------------------
---------------------------------------------------------------------------------
Finished Flattening Before IO Insertion
---------------------------------------------------------------------------------
---------------------------------------------------------------------------------
Start Final Netlist Cleanup
---------------------------------------------------------------------------------
---------------------------------------------------------------------------------
Finished Final Netlist Cleanup
---------------------------------------------------------------------------------
---------------------------------------------------------------------------------
Finished IO Insertion : Time (s): cpu = 00:00:31 ; elapsed = 00:00:32 . Memory (MB): peak = 545.113 ; gain = 386.609
---------------------------------------------------------------------------------

Report Check Netlist: 
+------+------------------+-------+---------+-------+------------------+
|      |Item              |Errors |Warnings |Status |Description       |
+------+------------------+-------+---------+-------+------------------+
|1     |multi_driven_nets |      0|        0|Passed |Multi driven nets |
+------+------------------+-------+---------+-------+------------------+
---------------------------------------------------------------------------------
Start Renaming Generated Instances
---------------------------------------------------------------------------------
---------------------------------------------------------------------------------
Finished Renaming Generated Instances : Time (s): cpu = 00:00:31 ; elapsed = 00:00:32 . Memory (MB): peak = 545.113 ; gain = 386.609
---------------------------------------------------------------------------------

Report RTL Partitions: 
+-+--------------+------------+----------+
| |RTL Partition |Replication |Instances |
+-+--------------+------------+----------+
+-+--------------+------------+----------+
---------------------------------------------------------------------------------
Start Rebuilding User Hierarchy
---------------------------------------------------------------------------------
---------------------------------------------------------------------------------
Finished Rebuilding User Hierarchy : Time (s): cpu = 00:00:31 ; elapsed = 00:00:32 . Memory (MB): peak = 545.113 ; gain = 386.609
---------------------------------------------------------------------------------
---------------------------------------------------------------------------------
Start RAM, DSP and Shift Register Reporting
---------------------------------------------------------------------------------
---------------------------------------------------------------------------------
Finished RAM, DSP and Shift Register Reporting
---------------------------------------------------------------------------------
---------------------------------------------------------------------------------
Start Writing Synthesis Report
---------------------------------------------------------------------------------

Report BlackBoxes: 
+-+--------------+----------+
| |BlackBox name |Instances |
+-+--------------+----------+
+-+--------------+----------+

Report Cell Usage: 
+------+-----+------+
|      |Cell |Count |
+------+-----+------+
|1     |LUT6 |     8|
+------+-----+------+

Report Instance Areas: 
+------+---------+----------------------------------+------+
|      |Instance |Module                            |Cells |
+------+---------+----------------------------------+------+
|1     |top      |                                  |     8|
|2     |  U0     |dist_mem_gen_v8_0__parameterized0 |     8|
+------+---------+----------------------------------+------+
---------------------------------------------------------------------------------
Finished Writing Synthesis Report : Time (s): cpu = 00:00:31 ; elapsed = 00:00:32 . Memory (MB): peak = 545.113 ; gain = 386.609
---------------------------------------------------------------------------------
Synthesis finished with 0 errors, 0 critical warnings and 6 warnings.
Synthesis Optimization Runtime : Time (s): cpu = 00:00:00 ; elapsed = 00:00:25 . Memory (MB): peak = 545.113 ; gain = 136.988
Synthesis Optimization Complete : Time (s): cpu = 00:00:31 ; elapsed = 00:00:32 . Memory (MB): peak = 545.113 ; gain = 386.609
INFO: [Project 1-571] Translating synthesized netlist
INFO: [Project 1-570] Preparing netlist for logic optimization
Parsing XDC File [c:/Users/jeronimos/Documents/Universidade/CR/praticas/aula5/exemplos/Memoria distribuida projeto complet/exercicio55/exercicio55.srcs/sources_1/ip/dist_mem_gen_0/dist_mem_gen_0_ooc.xdc] for cell 'U0'
Finished Parsing XDC File [c:/Users/jeronimos/Documents/Universidade/CR/praticas/aula5/exemplos/Memoria distribuida projeto complet/exercicio55/exercicio55.srcs/sources_1/ip/dist_mem_gen_0/dist_mem_gen_0_ooc.xdc] for cell 'U0'
INFO: [Opt 31-138] Pushed 0 inverter(s) to 0 load pin(s).
INFO: [Project 1-111] Unisim Transformation Summary:
No Unisim elements were transformed.

INFO: [Common 17-83] Releasing license: Synthesis
19 Infos, 36 Warnings, 0 Critical Warnings and 0 Errors encountered.
synth_design completed successfully
synth_design: Time (s): cpu = 00:00:31 ; elapsed = 00:00:32 . Memory (MB): peak = 557.836 ; gain = 370.797
# rename_ref -prefix_all dist_mem_gen_0_
# write_checkpoint -noxdef dist_mem_gen_0.dcp
# catch { report_utilization -file dist_mem_gen_0_utilization_synth.rpt -pb dist_mem_gen_0_utilization_synth.pb }
report_utilization: Time (s): cpu = 00:00:00 ; elapsed = 00:00:00.036 . Memory (MB): peak = 557.836 ; gain = 0.000
# if { [catch {
#   file copy -force {C:/Users/jeronimos/Documents/Universidade/CR/praticas/aula5/exemplos/Memoria distribuida projeto complet/exercicio55/exercicio55.runs/dist_mem_gen_0_synth_1/dist_mem_gen_0.dcp} {c:/Users/jeronimos/Documents/Universidade/CR/praticas/aula5/exemplos/Memoria distribuida projeto complet/exercicio55/exercicio55.srcs/sources_1/ip/dist_mem_gen_0/dist_mem_gen_0.dcp}
# } _RESULT ] } { 
#   error "ERROR: Unable to successfully create or copy the sub-design checkpoint file."
# }
# if { [catch {
#   write_verilog -force -mode synth_stub {c:/Users/jeronimos/Documents/Universidade/CR/praticas/aula5/exemplos/Memoria distribuida projeto complet/exercicio55/exercicio55.srcs/sources_1/ip/dist_mem_gen_0/dist_mem_gen_0_stub.v}
# } _RESULT ] } { 
#   puts "CRITICAL WARNING: Unable to successfully create a Verilog synthesis stub for the sub-design. This may lead to errors in top level synthesis of the design. Error reported: $_RESULT"
# }
# if { [catch {
#   write_vhdl -force -mode synth_stub {c:/Users/jeronimos/Documents/Universidade/CR/praticas/aula5/exemplos/Memoria distribuida projeto complet/exercicio55/exercicio55.srcs/sources_1/ip/dist_mem_gen_0/dist_mem_gen_0_stub.vhdl}
# } _RESULT ] } { 
#   puts "CRITICAL WARNING: Unable to successfully create a VHDL synthesis stub for the sub-design. This may lead to errors in top level synthesis of the design. Error reported: $_RESULT"
# }
# if { [catch {
#   write_verilog -force -mode funcsim {c:/Users/jeronimos/Documents/Universidade/CR/praticas/aula5/exemplos/Memoria distribuida projeto complet/exercicio55/exercicio55.srcs/sources_1/ip/dist_mem_gen_0/dist_mem_gen_0_funcsim.v}
# } _RESULT ] } { 
#   puts "CRITICAL WARNING: Unable to successfully create the Verilog functional simulation sub-design file. Post-Synthesis Functional Simulation with this file may not be possible or may give incorrect results. Error reported: $_RESULT"
# }
# if { [catch {
#   write_vhdl -force -mode funcsim {c:/Users/jeronimos/Documents/Universidade/CR/praticas/aula5/exemplos/Memoria distribuida projeto complet/exercicio55/exercicio55.srcs/sources_1/ip/dist_mem_gen_0/dist_mem_gen_0_funcsim.vhdl}
# } _RESULT ] } { 
#   puts "CRITICAL WARNING: Unable to successfully create the VHDL functional simulation sub-design file. Post-Synthesis Functional Simulation with this file may not be possible or may give incorrect results. Error reported: $_RESULT"
# }
INFO: [Common 17-206] Exiting Vivado at Thu Apr 02 16:43:38 2015...
