#-----------------------------------------------------------
# Vivado v2015.4 (64-bit)
# SW Build 1412921 on Wed Nov 18 09:43:45 MST 2015
# IP Build 1412160 on Tue Nov 17 13:47:24 MST 2015
# Start of session at: Sat Mar 05 15:02:30 2016
# Process ID: 724
# Current directory: Y:/Development/ect_ua/reconfigurable-computation/Aula 04/ex3
# Command line: vivado.exe -gui_launcher_event rodinguilauncherevent2108 Y:\Development\ect_ua\reconfigurable-computation\Aula 04\ex3\ex3.xpr
# Log file: Y:/Development/ect_ua/reconfigurable-computation/Aula 04/ex3/vivado.log
# Journal file: Y:/Development/ect_ua/reconfigurable-computation/Aula 04/ex3\vivado.jou
#-----------------------------------------------------------
start_gui
open_project {Y:/Development/ect_ua/reconfigurable-computation/Aula 04/ex3/ex3.xpr}
Scanning sources...
Finished scanning sources
WARNING: [filemgmt 56-3] IPStaticSourceDir: Could not find the directory 'Y:/Development/ect_ua/reconfigurable-computation/Aula 04/ex3/ex3.ip_user_files/ipstatic'.
INFO: [IP_Flow 19-234] Refreshing IP repositories
INFO: [IP_Flow 19-1704] No user IP repositories specified
INFO: [IP_Flow 19-2313] Loaded Vivado IP repository 'C:/Xilinx/Vivado/2015.4/data/ip'.
open_project: Time (s): cpu = 00:00:13 ; elapsed = 00:00:10 . Memory (MB): peak = 724.426 ; gain = 181.535
exit
INFO: [Common 17-206] Exiting Vivado at Sat Mar 05 15:02:59 2016...
