#-----------------------------------------------------------
# Vivado v2015.4 (64-bit)
# SW Build 1412921 on Wed Nov 18 09:43:45 MST 2015
# IP Build 1412160 on Tue Nov 17 13:47:24 MST 2015
# Start of session at: Sat Mar 05 17:22:32 2016
# Process ID: 4920
# Current directory: Y:/Development/ect_ua/reconfigurable-computation/Aula 04/ex3
# Command line: vivado.exe -gui_launcher_event rodinguilauncherevent4916 Y:\Development\ect_ua\reconfigurable-computation\Aula 04\ex3\ex3.xpr
# Log file: Y:/Development/ect_ua/reconfigurable-computation/Aula 04/ex3/vivado.log
# Journal file: Y:/Development/ect_ua/reconfigurable-computation/Aula 04/ex3\vivado.jou
#-----------------------------------------------------------
start_gui
open_project {Y:/Development/ect_ua/reconfigurable-computation/Aula 04/ex3/ex3.xpr}
Scanning sources...
Finished scanning sources
WARNING: [filemgmt 56-3] IPStaticSourceDir: Could not find the directory 'Y:/Development/ect_ua/reconfigurable-computation/Aula 04/ex3/ex3.ip_user_files/ipstatic'.
INFO: [IP_Flow 19-234] Refreshing IP repositories
INFO: [IP_Flow 19-1704] No user IP repositories specified
INFO: [IP_Flow 19-2313] Loaded Vivado IP repository 'C:/Xilinx/Vivado/2015.4/data/ip'.
open_project: Time (s): cpu = 00:00:18 ; elapsed = 00:00:12 . Memory (MB): peak = 676.688 ; gain = 134.598
reset_run synth_1
launch_runs impl_1 -to_step write_bitstream
[Sat Mar 05 17:24:46 2016] Launched synth_1...
Run output will be captured here: Y:/Development/ect_ua/reconfigurable-computation/Aula 04/ex3/ex3.runs/synth_1/runme.log
[Sat Mar 05 17:24:46 2016] Launched impl_1...
Run output will be captured here: Y:/Development/ect_ua/reconfigurable-computation/Aula 04/ex3/ex3.runs/impl_1/runme.log
reset_run synth_1
launch_runs impl_1 -to_step write_bitstream
[Sat Mar 05 17:32:19 2016] Launched synth_1...
Run output will be captured here: Y:/Development/ect_ua/reconfigurable-computation/Aula 04/ex3/ex3.runs/synth_1/runme.log
[Sat Mar 05 17:32:19 2016] Launched impl_1...
Run output will be captured here: Y:/Development/ect_ua/reconfigurable-computation/Aula 04/ex3/ex3.runs/impl_1/runme.log
reset_run synth_1
launch_runs impl_1 -to_step write_bitstream
[Sat Mar 05 17:45:47 2016] Launched synth_1...
Run output will be captured here: Y:/Development/ect_ua/reconfigurable-computation/Aula 04/ex3/ex3.runs/synth_1/runme.log
[Sat Mar 05 17:45:47 2016] Launched impl_1...
Run output will be captured here: Y:/Development/ect_ua/reconfigurable-computation/Aula 04/ex3/ex3.runs/impl_1/runme.log
reset_run synth_1
launch_runs impl_1 -to_step write_bitstream
[Sat Mar 05 17:47:48 2016] Launched synth_1...
Run output will be captured here: Y:/Development/ect_ua/reconfigurable-computation/Aula 04/ex3/ex3.runs/synth_1/runme.log
[Sat Mar 05 17:47:48 2016] Launched impl_1...
Run output will be captured here: Y:/Development/ect_ua/reconfigurable-computation/Aula 04/ex3/ex3.runs/impl_1/runme.log
exit
INFO: [Common 17-206] Exiting Vivado at Sat Mar 05 17:53:13 2016...
