#-----------------------------------------------------------
# Vivado v2014.2 (64-bit)
# SW Build 932637 on Wed Jun 11 13:33:10 MDT 2014
# IP Build 924643 on Fri May 30 09:20:16 MDT 2014
# Start of session at: Tue Sep 16 21:29:08 2014
# Process ID: 4768
# Log file: H:/SDR_P/1/UsingClock/vivado.log
# Journal file: H:/SDR_P/1/UsingClock\vivado.jou
#-----------------------------------------------------------
start_gui
open_project {H:\SDR_P\1\UsingClock\UsingClock.xpr}
Scanning sources...
Finished scanning sources
reset_run synth_1
launch_runs impl_1 -to_step write_bitstream
[Tue Sep 16 21:29:42 2014] Launched synth_1...
Run output will be captured here: H:/SDR_P/1/UsingClock/UsingClock.runs/synth_1/runme.log
[Tue Sep 16 21:29:42 2014] Launched impl_1...
Run output will be captured here: H:/SDR_P/1/UsingClock/UsingClock.runs/impl_1/runme.log
open_hw
INFO: [Labtools 27-2285] Connecting to hw_server url TCP:localhost:3121
INFO: [Common 17-41] Interrupt caught. Command should exit soon.
