#
# A fatal error has been detected by the Java Runtime Environment:
#
#  EXCEPTION_ACCESS_VIOLATION (0xc0000005) at pc=0x0000000000000000, pid=5420, tid=5324
#
# JRE version: Java(TM) SE Runtime Environment (8.0_45-b15) (build 1.8.0_45-b15)
# Java VM: Java HotSpot(TM) 64-Bit Server VM (25.45-b02 mixed mode windows-amd64 compressed oops)
# Problematic frame:
# C  0x0000000000000000
#
# Failed to write core dump. Minidumps are not enabled by default on client versions of Windows
#
# If you would like to submit a bug report, please visit:
#   http://bugreport.java.com/bugreport/crash.jsp
# The crash happened outside the Java Virtual Machine in native code.
# See problematic frame for where to report the bug.
#

---------------  T H R E A D  ---------------

Current thread (0x000000000705e800):  JavaThread "AWT-EventQueue-1" [_thread_in_native, id=5324, stack(0x0000000025960000,0x0000000025e60000)]

siginfo: ExceptionCode=0xc0000005, ExceptionInformation=0x0000000000000008 0x0000000000000000

Registers:
RAX=0x000000002e66a258, RBX=0x000000002b224940, RCX=0x000000002e66be20, RDX=0x000000002b224940
RSP=0x0000000025e5bc48, RBP=0x0000000000000001, RSI=0x000000002e66be20, RDI=0x0000000000000000
R8 =0x0000000000000000, R9 =0x0000000000000001, R10=0x000000002b2249e0, R11=0x000000002b22eba0
R12=0x0000000000000001, R13=0x000000002b224940, R14=0x0000000000000000, R15=0x0000000025e5be20
RIP=0x0000000000000000, EFLAGS=0x0000000000010202

Top of Stack: (sp=0x0000000025e5bc48)
0x0000000025e5bc48:   000007fed4266096 0000000000000000
0x0000000025e5bc58:   0000000000000020 000000003424a070
0x0000000025e5bc68:   000007fed3be2eb5 fffffffffffffffe
0x0000000025e5bc78:   000000000a91808d 0000000001d40020
0x0000000025e5bc88:   0000000000000028 ffffffff00000000
0x0000000025e5bc98:   0000c9cfd94c0149 0000000000000000
0x0000000025e5bca8:   000000002e66be20 0000000025e5bf00
0x0000000025e5bcb8:   000007fed425beb0 0000000025e5bd90
0x0000000025e5bcc8:   000007fed3be49e3 000000002b224940
0x0000000025e5bcd8:   0000000025e5bd90 000000003424a070
0x0000000025e5bce8:   fffffffffffffffe 000000003424a070
0x0000000025e5bcf8:   000007fed3bea698 0000000000000000
0x0000000025e5bd08:   000000000705e9f8 0000000025e5bf78
0x0000000025e5bd18:   000000003588d400 0000000025e5be20
0x0000000025e5bd28:   0000000005c91ce0 0000000025e5bfb0
0x0000000025e5bd38:   000007fed425bba9 0000000025e5be20 

Instructions: (pc=0x0000000000000000)
0xffffffffffffffe0:   


Register to memory mapping:

RAX=0x000000002e66a258 is an unknown value
RBX=0x000000002b224940 is an unknown value
RCX=0x000000002e66be20 is an unknown value
RDX=0x000000002b224940 is an unknown value
RSP=0x0000000025e5bc48 is pointing into the stack for thread: 0x000000000705e800
RBP=0x0000000000000001 is an unknown value
RSI=0x000000002e66be20 is an unknown value
RDI=0x0000000000000000 is an unknown value
R8 =0x0000000000000000 is an unknown value
R9 =0x0000000000000001 is an unknown value
R10=0x000000002b2249e0 is an unknown value
R11=0x000000002b22eba0 is an unknown value
R12=0x0000000000000001 is an unknown value
R13=0x000000002b224940 is an unknown value
R14=0x0000000000000000 is an unknown value
R15=0x0000000025e5be20 is pointing into the stack for thread: 0x000000000705e800


Stack: [0x0000000025960000,0x0000000025e60000],  sp=0x0000000025e5bc48,  free space=5103k
Native frames: (J=compiled Java code, j=interpreted, Vv=VM code, C=native code)

Java frames: (J=compiled Java code, j=interpreted, Vv=VM code)
J 10873  ui.data.coregen.ipmgri.IPMgr_findIPData(JLjava/lang/String;)J (0 bytes) @ 0x00000000133529d5 [0x0000000013352980+0x55]
J 10905 C1 ui.views.K.gq.customizeStyledLabel(Ljavax/swing/JTree;Ljava/lang/Object;ZZZIZ)V (221 bytes) @ 0x000000001421350c [0x0000000014212060+0x14ac]
J 14181 C2 com.jidesoft.tree.StyledTreeCellRenderer.getTreeCellRendererComponent(Ljavax/swing/JTree;Ljava/lang/Object;ZZZIZ)Ljava/awt/Component; (174 bytes) @ 0x000000001387d674 [0x000000001387d020+0x654]
J 14226 C2 ui.g.k.x.U.getTreeCellRendererComponent(Ljavax/swing/JTree;Ljava/lang/Object;ZZZIZ)Ljava/awt/Component; (112 bytes) @ 0x0000000014101a28 [0x00000000141019c0+0x68]
J 10904 C1 ui.views.K.gq.getTreeCellRendererComponent(Ljavax/swing/JTree;Ljava/lang/Object;ZZZIZ)Ljava/awt/Component; (94 bytes) @ 0x000000001420ee44 [0x000000001420e780+0x6c4]
J 9806 C2 javax.swing.plaf.basic.BasicTreeUI.getPathBounds(Ljavax/swing/tree/TreePath;Ljava/awt/Insets;Ljava/awt/Rectangle;)Ljava/awt/Rectangle; (78 bytes) @ 0x0000000013f15e74 [0x0000000013f14cc0+0x11b4]
J 14484 C1 javax.swing.plaf.basic.BasicTreeUI.paintVerticalPartOfLeg(Ljava/awt/Graphics;Ljava/awt/Rectangle;Ljava/awt/Insets;Ljavax/swing/tree/TreePath;)V (379 bytes) @ 0x0000000014af154c [0x0000000014aeff40+0x160c]
J 9761 C1 javax.swing.plaf.basic.BasicTreeUI.paint(Ljava/awt/Graphics;Ljavax/swing/JComponent;)V (483 bytes) @ 0x0000000013eb698c [0x0000000013eb4d00+0x1c8c]
J 7750 C2 javax.swing.plaf.ComponentUI.update(Ljava/awt/Graphics;Ljavax/swing/JComponent;)V (36 bytes) @ 0x00000000139ac1d4 [0x00000000139ac160+0x74]
J 7928 C2 javax.swing.JComponent.paintComponent(Ljava/awt/Graphics;)V (44 bytes) @ 0x0000000013aa1700 [0x0000000013aa14e0+0x220]
j  ui.g.k.x.k.paintComponent(Ljava/awt/Graphics;)V+6
J 13529 C2 javax.swing.JComponent.paint(Ljava/awt/Graphics;)V (409 bytes) @ 0x00000000139b8884 [0x00000000139b81a0+0x6e4]
J 9822 C2 javax.swing.JComponent.paintChildren(Ljava/awt/Graphics;)V (669 bytes) @ 0x0000000013f2bba4 [0x0000000013f2b720+0x484]
J 13529 C2 javax.swing.JComponent.paint(Ljava/awt/Graphics;)V (409 bytes) @ 0x00000000139b88b0 [0x00000000139b81a0+0x710]
J 9915 C1 javax.swing.JViewport.paint(Ljava/awt/Graphics;)V (648 bytes) @ 0x0000000013f9dbd4 [0x0000000013f9bfe0+0x1bf4]
J 9822 C2 javax.swing.JComponent.paintChildren(Ljava/awt/Graphics;)V (669 bytes) @ 0x0000000013f2bba4 [0x0000000013f2b720+0x484]
J 13529 C2 javax.swing.JComponent.paint(Ljava/awt/Graphics;)V (409 bytes) @ 0x00000000139b88b0 [0x00000000139b81a0+0x710]
J 9822 C2 javax.swing.JComponent.paintChildren(Ljava/awt/Graphics;)V (669 bytes) @ 0x0000000013f2bba4 [0x0000000013f2b720+0x484]
J 13529 C2 javax.swing.JComponent.paint(Ljava/awt/Graphics;)V (409 bytes) @ 0x00000000139b88b0 [0x00000000139b81a0+0x710]
J 9822 C2 javax.swing.JComponent.paintChildren(Ljava/awt/Graphics;)V (669 bytes) @ 0x0000000013f2bba4 [0x0000000013f2b720+0x484]
J 13529 C2 javax.swing.JComponent.paint(Ljava/awt/Graphics;)V (409 bytes) @ 0x00000000139b88b0 [0x00000000139b81a0+0x710]
J 13751 C2 javax.swing.JComponent._paintImmediately(IIII)V (891 bytes) @ 0x00000000146c0510 [0x00000000146be7a0+0x1d70]
J 13396 C2 javax.swing.JComponent.paintImmediately(IIII)V (155 bytes) @ 0x0000000013a3bf30 [0x0000000013a3bd20+0x210]
J 13391 C2 javax.swing.RepaintManager$4.run()Ljava/lang/Object; (5 bytes) @ 0x00000000148e8b54 [0x00000000148e8960+0x1f4]
v  ~StubRoutines::call_stub
J 1555  java.security.AccessController.doPrivileged(Ljava/security/PrivilegedAction;Ljava/security/AccessControlContext;)Ljava/lang/Object; (0 bytes) @ 0x00000000127a49a6 [0x00000000127a4940+0x66]
J 13370 C2 javax.swing.RepaintManager.paintDirtyRegions(Ljava/util/Map;)V (196 bytes) @ 0x00000000148ea608 [0x00000000148e9ea0+0x768]
J 13579 C2 javax.swing.RepaintManager.prePaintDirtyRegions()V (91 bytes) @ 0x0000000013703fd8 [0x0000000013703dc0+0x218]
J 13580 C2 javax.swing.RepaintManager$ProcessingRunnable.run()V (41 bytes) @ 0x0000000012c603dc [0x0000000012c60220+0x1bc]
J 8996 C2 java.awt.EventQueue$3.run()Ljava/lang/Object; (5 bytes) @ 0x0000000013cdcd0c [0x0000000013cdc9c0+0x34c]
v  ~StubRoutines::call_stub
J 1555  java.security.AccessController.doPrivileged(Ljava/security/PrivilegedAction;Ljava/security/AccessControlContext;)Ljava/lang/Object; (0 bytes) @ 0x00000000127a49a6 [0x00000000127a4940+0x66]
J 10714 C2 ui.frmwork.a.e.dispatchEvent(Ljava/awt/AWTEvent;)V (30 bytes) @ 0x00000000132effa0 [0x00000000132efcc0+0x2e0]
J 14638 C2 java.awt.EventDispatchThread.pumpOneEventForFilters(I)V (295 bytes) @ 0x0000000014314480 [0x0000000014314120+0x360]
j  java.awt.EventDispatchThread.pumpEventsForFilter(ILjava/awt/Conditional;Ljava/awt/EventFilter;)V+35
j  java.awt.EventDispatchThread.pumpEventsForHierarchy(ILjava/awt/Conditional;Ljava/awt/Component;)V+11
j  java.awt.EventDispatchThread.pumpEvents(ILjava/awt/Conditional;)V+4
j  java.awt.EventDispatchThread.pumpEvents(Ljava/awt/Conditional;)V+3
j  java.awt.EventDispatchThread.run()V+9
v  ~StubRoutines::call_stub

---------------  P R O C E S S  ---------------

Java Threads: ( => current thread )
  0x0000000022c45000 JavaThread "Refresh IP Repository" [_thread_in_native, id=4576, stack(0x000000003bc70000,0x000000003c170000)]
  0x0000000021a7c800 JavaThread "Image Fetcher 0" daemon [_thread_blocked, id=3040, stack(0x000000003b5e0000,0x000000003bae0000)]
  0x0000000031d6e800 JavaThread "Refresh Filesets" [_thread_blocked, id=5308, stack(0x0000000028030000,0x0000000028530000)]
  0x000000002efcb000 JavaThread "hw_ila_monitor" [_thread_blocked, id=5152, stack(0x000000002fff0000,0x00000000304f0000)]
  0x000000002ef4d800 JavaThread "Update Runs" [_thread_blocked, id=432, stack(0x000000002f840000,0x000000002fd40000)]
  0x00000000231d3800 JavaThread "Swing-Shell" daemon [_thread_blocked, id=5172, stack(0x000000002acf0000,0x000000002b1f0000)]
  0x0000000029238000 JavaThread "Monitor File Timestamp" [_thread_blocked, id=3680, stack(0x0000000029df0000,0x000000002a2f0000)]
=>0x000000000705e800 JavaThread "AWT-EventQueue-1" [_thread_in_native, id=5324, stack(0x0000000025960000,0x0000000025e60000)]
  0x000000000705f800 JavaThread "Process Messages" [_thread_blocked, id=3056, stack(0x0000000025310000,0x0000000025810000)]
  0x0000000004f19000 JavaThread "Thread-3" [_thread_in_native, id=3648, stack(0x0000000002740000,0x0000000003b40000)]
  0x00000000220e4000 JavaThread "AWT-EventQueue-0" [_thread_blocked, id=5964, stack(0x0000000024df0000,0x00000000252f0000)]
  0x0000000022f9f800 JavaThread "AWT-Windows" daemon [_thread_in_native, id=5484, stack(0x0000000024810000,0x0000000024d10000)]
  0x0000000022f86000 JavaThread "AWT-Shutdown" [_thread_blocked, id=5980, stack(0x0000000024160000,0x0000000024660000)]
  0x0000000022f87000 JavaThread "Java2D Disposer" daemon [_thread_blocked, id=5008, stack(0x0000000023b50000,0x0000000024050000)]
  0x000000000498f800 JavaThread "TimerQueue" daemon [_thread_blocked, id=1696, stack(0x00000000221a0000,0x00000000226a0000)]
  0x000000000a0c7800 JavaThread "Service Thread" daemon [_thread_blocked, id=5168, stack(0x0000000021450000,0x0000000021950000)]
  0x000000000a0a5800 JavaThread "C1 CompilerThread3" daemon [_thread_blocked, id=5316, stack(0x0000000011da0000,0x0000000011ea0000)]
  0x000000000a0a7000 JavaThread "C2 CompilerThread2" daemon [_thread_blocked, id=5840, stack(0x0000000011600000,0x0000000011700000)]
  0x000000000a0a8800 JavaThread "C2 CompilerThread1" daemon [_thread_blocked, id=5268, stack(0x0000000011c00000,0x0000000011d00000)]
  0x000000000a0aa800 JavaThread "C2 CompilerThread0" daemon [_thread_blocked, id=5444, stack(0x000000000a7a0000,0x000000000a8a0000)]
  0x000000000a0ac000 JavaThread "Attach Listener" daemon [_thread_blocked, id=5984, stack(0x0000000011700000,0x0000000011c00000)]
  0x000000000a0ad800 JavaThread "Signal Dispatcher" daemon [_thread_blocked, id=2656, stack(0x00000000110c0000,0x00000000115c0000)]
  0x0000000009d0b000 JavaThread "Finalizer" daemon [_thread_blocked, id=5572, stack(0x00000000109e0000,0x0000000010ee0000)]
  0x0000000009d01000 JavaThread "Reference Handler" daemon [_thread_blocked, id=2064, stack(0x000000000a210000,0x000000000a710000)]
  0x0000000007086000 JavaThread "main" [_thread_blocked, id=5732, stack(0x00000000071b0000,0x00000000072b0000)]

Other Threads:
  0x0000000009c91000 VMThread [stack: 0x0000000009f90000,0x000000000a090000] [id=2808]
  0x000000000a0c6800 WatcherThread [stack: 0x0000000021300000,0x0000000021400000] [id=5312]

VM state:not at safepoint (normal execution)

VM Mutex/Monitor currently owned by a thread: None

Heap:
 PSYoungGen      total 50688K, used 15764K [0x00000007bc400000, 0x00000007c0000000, 0x00000007c0000000)
  eden space 39936K, 32% used [0x00000007bc400000,0x00000007bd07f340,0x00000007beb00000)
  from space 10752K, 27% used [0x00000007beb00000,0x00000007bede5fc8,0x00000007bf580000)
  to   space 9728K, 0% used [0x00000007bf680000,0x00000007bf680000,0x00000007c0000000)
 ParOldGen       total 165376K, used 64366K [0x0000000700000000, 0x000000070a180000, 0x00000007bc400000)
  object space 165376K, 38% used [0x0000000700000000,0x0000000703edb8c8,0x000000070a180000)
 Metaspace       used 60733K, capacity 61123K, committed 61696K, reserved 1101824K
  class space    used 8733K, capacity 8839K, committed 8960K, reserved 1048576K

Card table byte_map: [0x0000000007670000,0x0000000007c80000] byte_map_base: 0x0000000003e70000

Marking Bits: (ParMarkBitMap*) 0x0000000063cb4040
 Begin Bits: [0x000000000a990000, 0x000000000d990000)
 End Bits:   [0x000000000d990000, 0x0000000010990000)

Polling page: 0x0000000000340000

CodeCache: size=245760Kb used=42064Kb max_used=42082Kb free=203695Kb
 bounds [0x0000000012270000, 0x0000000014be0000, 0x0000000021270000]
 total_blobs=12296 nmethods=11384 adapters=816
 compilation: enabled

Compilation events (10 events):
Event: 879.255 Thread 0x000000000a0a5800 nmethod 14771 0x0000000014bc5810 code [0x0000000014bc5a40, 0x0000000014bc6688]
Event: 879.260 Thread 0x000000000a0a5800 14773       3       java.util.Locale::hasExtensions (13 bytes)
Event: 879.260 Thread 0x000000000a0a5800 nmethod 14773 0x0000000014bc50d0 code [0x0000000014bc5220, 0x0000000014bc53d0]
Event: 879.260 Thread 0x000000000a0a5800 14774       3       sun.util.calendar.ZoneInfo::clone (15 bytes)
Event: 879.260 Thread 0x000000000a0a5800 nmethod 14774 0x0000000014bc4850 code [0x0000000014bc49e0, 0x0000000014bc4e98]
Event: 879.260 Thread 0x000000000a0a5800 14775   !   3       java.util.TimeZone::clone (28 bytes)
Event: 879.260 Thread 0x000000000a0a5800 nmethod 14775 0x0000000014bc4210 code [0x0000000014bc43a0, 0x0000000014bc46d8]
Event: 879.262 Thread 0x000000000a0a7000 nmethod 14761 0x0000000014bd4bd0 code [0x0000000014bd4fa0, 0x0000000014bd77a8]
Event: 879.263 Thread 0x000000000a0a5800 14776  s    3       java.util.Vector::remove (81 bytes)
Event: 879.263 Thread 0x000000000a0a5800 nmethod 14776 0x0000000014bc3650 code [0x0000000014bc3800, 0x0000000014bc3f38]

GC Heap History (10 events):
Event: 523.919 GC heap before
{Heap before GC invocations=83 (full 6):
 PSYoungGen      total 48128K, used 36555K [0x00000007bc400000, 0x00000007c0000000, 0x00000007c0000000)
  eden space 34304K, 100% used [0x00000007bc400000,0x00000007be580000,0x00000007be580000)
  from space 13824K, 16% used [0x00000007bf280000,0x00000007bf4b2cb0,0x00000007c0000000)
  to   space 13312K, 0% used [0x00000007be580000,0x00000007be580000,0x00000007bf280000)
 ParOldGen       total 165376K, used 64366K [0x0000000700000000, 0x000000070a180000, 0x00000007bc400000)
  object space 165376K, 38% used [0x0000000700000000,0x0000000703edb890,0x000000070a180000)
 Metaspace       used 60586K, capacity 60957K, committed 61568K, reserved 1101824K
  class space    used 8723K, capacity 8806K, committed 8832K, reserved 1048576K
Event: 523.925 GC heap after
Heap after GC invocations=83 (full 6):
 PSYoungGen      total 47616K, used 2189K [0x00000007bc400000, 0x00000007c0000000, 0x00000007c0000000)
  eden space 34304K, 0% used [0x00000007bc400000,0x00000007bc400000,0x00000007be580000)
  from space 13312K, 16% used [0x00000007be580000,0x00000007be7a3638,0x00000007bf280000)
  to   space 12288K, 0% used [0x00000007bf400000,0x00000007bf400000,0x00000007c0000000)
 ParOldGen       total 165376K, used 64366K [0x0000000700000000, 0x000000070a180000, 0x00000007bc400000)
  object space 165376K, 38% used [0x0000000700000000,0x0000000703edb890,0x000000070a180000)
 Metaspace       used 60586K, capacity 60957K, committed 61568K, reserved 1101824K
  class space    used 8723K, capacity 8806K, committed 8832K, reserved 1048576K
}
Event: 524.379 GC heap before
{Heap before GC invocations=84 (full 6):
 PSYoungGen      total 47616K, used 36493K [0x00000007bc400000, 0x00000007c0000000, 0x00000007c0000000)
  eden space 34304K, 100% used [0x00000007bc400000,0x00000007be580000,0x00000007be580000)
  from space 13312K, 16% used [0x00000007be580000,0x00000007be7a3638,0x00000007bf280000)
  to   space 12288K, 0% used [0x00000007bf400000,0x00000007bf400000,0x00000007c0000000)
 ParOldGen       total 165376K, used 64366K [0x0000000700000000, 0x000000070a180000, 0x00000007bc400000)
  object space 165376K, 38% used [0x0000000700000000,0x0000000703edb890,0x000000070a180000)
 Metaspace       used 60587K, capacity 60957K, committed 61568K, reserved 1101824K
  class space    used 8723K, capacity 8806K, committed 8832K, reserved 1048576K
Event: 524.384 GC heap after
Heap after GC invocations=84 (full 6):
 PSYoungGen      total 49664K, used 1997K [0x00000007bc400000, 0x00000007c0000000, 0x00000007c0000000)
  eden space 37376K, 0% used [0x00000007bc400000,0x00000007bc400000,0x00000007be880000)
  from space 12288K, 16% used [0x00000007bf400000,0x00000007bf5f3638,0x00000007c0000000)
  to   space 11776K, 0% used [0x00000007be880000,0x00000007be880000,0x00000007bf400000)
 ParOldGen       total 165376K, used 64366K [0x0000000700000000, 0x000000070a180000, 0x00000007bc400000)
  object space 165376K, 38% used [0x0000000700000000,0x0000000703edb890,0x000000070a180000)
 Metaspace       used 60587K, capacity 60957K, committed 61568K, reserved 1101824K
  class space    used 8723K, capacity 8806K, committed 8832K, reserved 1048576K
}
Event: 529.591 GC heap before
{Heap before GC invocations=85 (full 6):
 PSYoungGen      total 49664K, used 39373K [0x00000007bc400000, 0x00000007c0000000, 0x00000007c0000000)
  eden space 37376K, 100% used [0x00000007bc400000,0x00000007be880000,0x00000007be880000)
  from space 12288K, 16% used [0x00000007bf400000,0x00000007bf5f3638,0x00000007c0000000)
  to   space 11776K, 0% used [0x00000007be880000,0x00000007be880000,0x00000007bf400000)
 ParOldGen       total 165376K, used 64366K [0x0000000700000000, 0x000000070a180000, 0x00000007bc400000)
  object space 165376K, 38% used [0x0000000700000000,0x0000000703edb890,0x000000070a180000)
 Metaspace       used 60588K, capacity 60957K, committed 61568K, reserved 1101824K
  class space    used 8723K, capacity 8806K, committed 8832K, reserved 1048576K
Event: 529.597 GC heap after
Heap after GC invocations=85 (full 6):
 PSYoungGen      total 49152K, used 1965K [0x00000007bc400000, 0x00000007c0000000, 0x00000007c0000000)
  eden space 37376K, 0% used [0x00000007bc400000,0x00000007bc400000,0x00000007be880000)
  from space 11776K, 16% used [0x00000007be880000,0x00000007bea6b638,0x00000007bf400000)
  to   space 10752K, 0% used [0x00000007bf580000,0x00000007bf580000,0x00000007c0000000)
 ParOldGen       total 165376K, used 64366K [0x0000000700000000, 0x000000070a180000, 0x00000007bc400000)
  object space 165376K, 38% used [0x0000000700000000,0x0000000703edb890,0x000000070a180000)
 Metaspace       used 60588K, capacity 60957K, committed 61568K, reserved 1101824K
  class space    used 8723K, capacity 8806K, committed 8832K, reserved 1048576K
}
Event: 872.684 GC heap before
{Heap before GC invocations=86 (full 6):
 PSYoungGen      total 49152K, used 39341K [0x00000007bc400000, 0x00000007c0000000, 0x00000007c0000000)
  eden space 37376K, 100% used [0x00000007bc400000,0x00000007be880000,0x00000007be880000)
  from space 11776K, 16% used [0x00000007be880000,0x00000007bea6b638,0x00000007bf400000)
  to   space 10752K, 0% used [0x00000007bf580000,0x00000007bf580000,0x00000007c0000000)
 ParOldGen       total 165376K, used 64366K [0x0000000700000000, 0x000000070a180000, 0x00000007bc400000)
  object space 165376K, 38% used [0x0000000700000000,0x0000000703edb890,0x000000070a180000)
 Metaspace       used 60631K, capacity 60963K, committed 61568K, reserved 1101824K
  class space    used 8724K, capacity 8807K, committed 8832K, reserved 1048576K
Event: 872.691 GC heap after
Heap after GC invocations=86 (full 6):
 PSYoungGen      total 50688K, used 4416K [0x00000007bc400000, 0x00000007c0000000, 0x00000007c0000000)
  eden space 39936K, 0% used [0x00000007bc400000,0x00000007bc400000,0x00000007beb00000)
  from space 10752K, 41% used [0x00000007bf580000,0x00000007bf9d0338,0x00000007c0000000)
  to   space 10752K, 0% used [0x00000007beb00000,0x00000007beb00000,0x00000007bf580000)
 ParOldGen       total 165376K, used 64366K [0x0000000700000000, 0x000000070a180000, 0x00000007bc400000)
  object space 165376K, 38% used [0x0000000700000000,0x0000000703edb890,0x000000070a180000)
 Metaspace       used 60631K, capacity 60963K, committed 61568K, reserved 1101824K
  class space    used 8724K, capacity 8807K, committed 8832K, reserved 1048576K
}
Event: 877.542 GC heap before
{Heap before GC invocations=87 (full 6):
 PSYoungGen      total 50688K, used 44352K [0x00000007bc400000, 0x00000007c0000000, 0x00000007c0000000)
  eden space 39936K, 100% used [0x00000007bc400000,0x00000007beb00000,0x00000007beb00000)
  from space 10752K, 41% used [0x00000007bf580000,0x00000007bf9d0338,0x00000007c0000000)
  to   space 10752K, 0% used [0x00000007beb00000,0x00000007beb00000,0x00000007bf580000)
 ParOldGen       total 165376K, used 64366K [0x0000000700000000, 0x000000070a180000, 0x00000007bc400000)
  object space 165376K, 38% used [0x0000000700000000,0x0000000703edb8c8,0x000000070a180000)
 Metaspace       used 60674K, capacity 61027K, committed 61568K, reserved 1101824K
  class space    used 8725K, capacity 8807K, committed 8832K, reserved 1048576K
Event: 877.549 GC heap after
Heap after GC invocations=87 (full 6):
 PSYoungGen      total 50688K, used 2967K [0x00000007bc400000, 0x00000007c0000000, 0x00000007c0000000)
  eden space 39936K, 0% used [0x00000007bc400000,0x00000007bc400000,0x00000007beb00000)
  from space 10752K, 27% used [0x00000007beb00000,0x00000007bede5fc8,0x00000007bf580000)
  to   space 9728K, 0% used [0x00000007bf680000,0x00000007bf680000,0x00000007c0000000)
 ParOldGen       total 165376K, used 64366K [0x0000000700000000, 0x000000070a180000, 0x00000007bc400000)
  object space 165376K, 38% used [0x0000000700000000,0x0000000703edb8c8,0x000000070a180000)
 Metaspace       used 60674K, capacity 61027K, committed 61568K, reserved 1101824K
  class space    used 8725K, capacity 8807K, committed 8832K, reserved 1048576K
}

Deoptimization events (10 events):
Event: 877.564 Thread 0x000000000705e800 Uncommon trap: reason=speculate_class_check action=maybe_recompile pc=0x000000001462934c method=ui.g.f.k.ap.getTableCellRendererComponent(Ljavax/swing/JTable;Ljava/lang/Object;ZZII)Ljava/awt/Component; @ 112
Event: 877.564 Thread 0x000000000705e800 Uncommon trap: reason=class_check action=maybe_recompile pc=0x00000000134b2d4c method=com.jidesoft.grid.TreeExpandablePanel.paintFocus(Ljava/awt/Graphics;)V @ 27
Event: 877.691 Thread 0x000000000705e800 Uncommon trap: reason=class_check action=maybe_recompile pc=0x00000000147eda90 method=com.jidesoft.grid.JideTable.prepareRenderer(Ljavax/swing/table/TableCellRenderer;II)Ljava/awt/Component; @ 42
Event: 877.692 Thread 0x000000000705e800 Uncommon trap: reason=class_check action=maybe_recompile pc=0x00000000143406bc method=com.jidesoft.grid.TreeTableCellRenderer.getTableCellRendererComponent(Ljavax/swing/JTable;Ljava/lang/Object;ZZII)Ljava/awt/Component; @ 189
Event: 877.692 Thread 0x000000000705e800 Uncommon trap: reason=speculate_class_check action=maybe_recompile pc=0x000000001462934c method=ui.g.f.k.ap.getTableCellRendererComponent(Ljavax/swing/JTable;Ljava/lang/Object;ZZII)Ljava/awt/Component; @ 112
Event: 877.692 Thread 0x000000000705e800 Uncommon trap: reason=class_check action=maybe_recompile pc=0x00000000134b2d4c method=com.jidesoft.grid.TreeExpandablePanel.paintFocus(Ljava/awt/Graphics;)V @ 27
Event: 877.715 Thread 0x000000000705e800 Uncommon trap: reason=bimorphic action=maybe_recompile pc=0x00000000147eda48 method=com.jidesoft.grid.JideTable.prepareRenderer(Ljavax/swing/table/TableCellRenderer;II)Ljava/awt/Component; @ 148
Event: 877.716 Thread 0x000000000705e800 Uncommon trap: reason=class_check action=maybe_recompile pc=0x0000000013252ee0 method=com.jidesoft.grid.TreeExpandablePanel.paintFocus(Ljava/awt/Graphics;)V @ 27
Event: 877.845 Thread 0x000000000705e800 Uncommon trap: reason=bimorphic action=maybe_recompile pc=0x00000000147eda48 method=com.jidesoft.grid.JideTable.prepareRenderer(Ljavax/swing/table/TableCellRenderer;II)Ljava/awt/Component; @ 148
Event: 879.262 Thread 0x000000000705e800 Uncommon trap: reason=unstable_if action=reinterpret pc=0x0000000013fef5fc method=com.jidesoft.grid.AbstractExpandable.getNumberOfVisibleExpandable()I @ 16

Internal exceptions (10 events):
Event: 466.195 Thread 0x000000000705e800 Exception <a 'de/concept/nlview/NlviewException'> (0x00000007bca0de08) thrown at [C:\re\workspace\8-2-build-windows-amd64-cygwin\jdk8u45\3627\hotspot\src\share\vm\prims\jni.cpp, line 709]
Event: 466.197 Thread 0x000000000705e800 Exception <a 'de/concept/nlview/NlviewException'> (0x00000007bca2bd38) thrown at [C:\re\workspace\8-2-build-windows-amd64-cygwin\jdk8u45\3627\hotspot\src\share\vm\prims\jni.cpp, line 709]
Event: 466.197 Thread 0x000000000705e800 Exception <a 'de/concept/nlview/NlviewException'> (0x00000007bca2cca8) thrown at [C:\re\workspace\8-2-build-windows-amd64-cygwin\jdk8u45\3627\hotspot\src\share\vm\prims\jni.cpp, line 709]
Event: 466.197 Thread 0x000000000705e800 Exception <a 'de/concept/nlview/NlviewException'> (0x00000007bca305f0) thrown at [C:\re\workspace\8-2-build-windows-amd64-cygwin\jdk8u45\3627\hotspot\src\share\vm\prims\jni.cpp, line 709]
Event: 466.197 Thread 0x000000000705e800 Exception <a 'de/concept/nlview/NlviewException'> (0x00000007bca31860) thrown at [C:\re\workspace\8-2-build-windows-amd64-cygwin\jdk8u45\3627\hotspot\src\share\vm\prims\jni.cpp, line 709]
Event: 498.443 Thread 0x000000000705e800 Exception <a 'ui/frmwork/CommandFailedException'> (0x00000007bc94ebf8) thrown at [C:\re\workspace\8-2-build-windows-amd64-cygwin\jdk8u45\3627\hotspot\src\share\vm\prims\jni.cpp, line 709]
Event: 499.208 Thread 0x000000000705e800 Exception <a 'ui/frmwork/CommandFailedException'> (0x00000007bcf7e5c8) thrown at [C:\re\workspace\8-2-build-windows-amd64-cygwin\jdk8u45\3627\hotspot\src\share\vm\prims\jni.cpp, line 709]
Event: 499.209 Thread 0x000000000705e800 Exception <a 'ui/frmwork/CommandFailedException'> (0x00000007bcf82bb8) thrown at [C:\re\workspace\8-2-build-windows-amd64-cygwin\jdk8u45\3627\hotspot\src\share\vm\prims\jni.cpp, line 709]
Event: 521.304 Thread 0x000000000705e800 Exception <a 'ui/frmwork/CommandFailedException'> (0x00000007bd1bb370) thrown at [C:\re\workspace\8-2-build-windows-amd64-cygwin\jdk8u45\3627\hotspot\src\share\vm\prims\jni.cpp, line 709]
Event: 521.305 Thread 0x000000000705e800 Exception <a 'ui/frmwork/CommandFailedException'> (0x00000007bd1bf8c0) thrown at [C:\re\workspace\8-2-build-windows-amd64-cygwin\jdk8u45\3627\hotspot\src\share\vm\prims\jni.cpp, line 709]

Events (10 events):
Event: 879.224 loading class ui/data/C done
Event: 879.261 loading class ui/views/e/t
Event: 879.261 loading class ui/views/e/t done
Event: 879.262 Thread 0x000000000705e800 Uncommon trap: trap_request=0xffffff65 fr.pc=0x0000000013fef5fc
Event: 879.262 Thread 0x000000000705e800 DEOPT PACKING pc=0x0000000013fef5fc sp=0x0000000025e5d900
Event: 879.262 Thread 0x000000000705e800 DEOPT UNPACKING pc=0x00000000122b582a sp=0x0000000025e5d878 mode 2
Event: 879.262 loading class ui/views/e/ak
Event: 879.262 loading class ui/views/e/ak done
Event: 879.263 loading class ui/views/w/V
Event: 879.263 loading class ui/views/w/V done


Dynamic libraries:
0x000000013f2d0000 - 0x000000013f300000 	D:\Xilinx\Vivado\2015.4\bin\unwrapped\win64.o\vivado.exe
0x0000000077160000 - 0x0000000077309000 	C:\WINDOWS\SYSTEM32\ntdll.dll
0x0000000076cd0000 - 0x0000000076def000 	C:\WINDOWS\system32\kernel32.dll
0x000007fefd690000 - 0x000007fefd6fb000 	C:\WINDOWS\system32\KERNELBASE.dll
0x000000000a900000 - 0x000000000a98d000 	D:\Xilinx\Vivado\2015.4\lib\win64.o\SHSMP64.dll
0x0000000076bd0000 - 0x0000000076cca000 	C:\WINDOWS\system32\USER32.dll
0x000007fefdf10000 - 0x000007fefdf77000 	C:\WINDOWS\system32\GDI32.dll
0x000007feff3e0000 - 0x000007feff3ee000 	C:\WINDOWS\system32\LPK.dll
0x000007fefe0b0000 - 0x000007fefe179000 	C:\WINDOWS\system32\USP10.dll
0x000007fefe180000 - 0x000007fefe21f000 	C:\WINDOWS\system32\msvcrt.dll
0x000007feff300000 - 0x000007feff3db000 	C:\WINDOWS\system32\ADVAPI32.dll
0x000007fefd990000 - 0x000007fefd9af000 	C:\WINDOWS\SYSTEM32\sechost.dll
0x000007fefdf80000 - 0x000007fefe0ad000 	C:\WINDOWS\system32\RPCRT4.dll
0x000007fefc710000 - 0x000007fefc71c000 	C:\WINDOWS\system32\VERSION.dll
0x000007fefaae0000 - 0x000007fefaaf3000 	D:\Xilinx\Vivado\2015.4\lib\win64.o\libboost_signals.dll
0x000007fef6590000 - 0x000007fef6637000 	C:\WINDOWS\system32\MSVCP110.dll
0x000007fef8070000 - 0x000007fef8144000 	C:\WINDOWS\system32\MSVCR110.dll
0x000007fee2000000 - 0x000007fee298d000 	D:\Xilinx\Vivado\2015.4\lib\win64.o\librdi_common.dll
0x000007fef6220000 - 0x000007fef658e000 	D:\Xilinx\Vivado\2015.4\lib\win64.o\libCOIN-all.dll
0x000007fef4340000 - 0x000007fef455e000 	D:\Xilinx\Vivado\2015.4\lib\win64.o\libXil_lmgr11.dll
0x000007fefad60000 - 0x000007fefad76000 	C:\WINDOWS\system32\NETAPI32.dll
0x000007fefca80000 - 0x000007fefca8c000 	C:\WINDOWS\system32\netutils.dll
0x000007fefd060000 - 0x000007fefd083000 	C:\WINDOWS\system32\srvcli.dll
0x000007fefacc0000 - 0x000007fefacd5000 	C:\WINDOWS\system32\wkscli.dll
0x000007feff260000 - 0x000007feff2f7000 	C:\WINDOWS\system32\COMDLG32.dll
0x000007fefdba0000 - 0x000007fefdc11000 	C:\WINDOWS\system32\SHLWAPI.dll
0x000007fef9360000 - 0x000007fef9400000 	C:\WINDOWS\WinSxS\amd64_microsoft.windows.common-controls_6595b64144ccf1df_5.82.7601.17514_none_a4d6a923711520a9\COMCTL32.dll
0x000007fefe4d0000 - 0x000007feff258000 	C:\WINDOWS\system32\SHELL32.dll
0x000007fef9080000 - 0x000007fef9089000 	C:\WINDOWS\system32\WSOCK32.dll
0x000007fefde70000 - 0x000007fefdebd000 	C:\WINDOWS\system32\WS2_32.dll
0x000007fefdc80000 - 0x000007fefdc88000 	C:\WINDOWS\system32\NSI.dll
0x000007fefd9b0000 - 0x000007fefda87000 	C:\WINDOWS\system32\OLEAUT32.dll
0x000007fefe220000 - 0x000007fefe423000 	C:\WINDOWS\system32\ole32.dll
0x000007fefd8b0000 - 0x000007fefd8ea000 	C:\WINDOWS\system32\WINTRUST.dll
0x000007fefd740000 - 0x000007fefd8ac000 	C:\WINDOWS\system32\CRYPT32.dll
0x000007fefd660000 - 0x000007fefd66f000 	C:\WINDOWS\system32\MSASN1.dll
0x000007fef9bf0000 - 0x000007fef9c00000 	D:\Xilinx\Vivado\2015.4\lib\win64.o\libboost_date_time.dll
0x000007fef9b90000 - 0x000007fef9bb2000 	D:\Xilinx\Vivado\2015.4\lib\win64.o\libboost_filesystem.dll
0x000007fef9be0000 - 0x000007fef9be9000 	D:\Xilinx\Vivado\2015.4\lib\win64.o\libboost_system.dll
0x000007fef4700000 - 0x000007fef4774000 	D:\Xilinx\Vivado\2015.4\lib\win64.o\libboost_program_options.dll
0x000007fef4600000 - 0x000007fef46fa000 	D:\Xilinx\Vivado\2015.4\lib\win64.o\libboost_regex.dll
0x000007fef9b70000 - 0x000007fef9b8d000 	D:\Xilinx\Vivado\2015.4\lib\win64.o\libboost_thread.dll
0x000007fef81f0000 - 0x000007fef81fb000 	D:\Xilinx\Vivado\2015.4\lib\win64.o\libboost_chrono.dll
0x000007fef8260000 - 0x000007fef826b000 	D:\Xilinx\Vivado\2015.4\lib\win64.o\libboost_xilinx.dll
0x000007fef4580000 - 0x000007fef4600000 	D:\Xilinx\Vivado\2015.4\lib\win64.o\libhdlpsolve.dll
0x000007fef42a0000 - 0x000007fef433a000 	D:\Xilinx\Vivado\2015.4\lib\win64.o\libhdxml.dll
0x000007feec4d0000 - 0x000007feec904e00 	D:\Xilinx\Vivado\2015.4\lib\win64.o\libisl_iostreams.dll
0x000007fef81d0000 - 0x000007fef81e6000 	D:\Xilinx\Vivado\2015.4\lib\win64.o\libboost_iostreams.dll
0x000007fef7800000 - 0x000007fef7823000 	D:\Xilinx\Vivado\2015.4\lib\win64.o\librdizlib.dll
0x000007fef6670000 - 0x000007fef6693000 	D:\Xilinx\Vivado\2015.4\lib\win64.o\libisl_iosutils.dll
0x000007fef61f0000 - 0x000007fef621a000 	D:\Xilinx\Vivado\2015.4\lib\win64.o\libisl_sysinfo.dll
0x00000000634b0000 - 0x0000000063d33000 	D:\Xilinx\Vivado\2015.4\tps\win64\jre\bin\server\jvm.dll
0x000007fefb3d0000 - 0x000007fefb40b000 	C:\WINDOWS\system32\WINMM.dll
0x0000000077330000 - 0x0000000077337000 	C:\WINDOWS\system32\PSAPI.DLL
0x0000000073c50000 - 0x0000000073d22000 	C:\WINDOWS\system32\MSVCR100.dll
0x000007fef4560000 - 0x000007fef4575000 	D:\Xilinx\Vivado\2015.4\lib\win64.o\pthreadVC2.dll
0x000007fef4200000 - 0x000007fef4254000 	D:\Xilinx\Vivado\2015.4\lib\win64.o\librdi_commonxillic.dll
0x000007fef40d0000 - 0x000007fef4200000 	D:\Xilinx\Vivado\2015.4\lib\win64.o\librdi_curl.dll
0x000007fef4280000 - 0x000007fef4298000 	D:\Xilinx\Vivado\2015.4\lib\win64.o\librdiconfig.dll
0x0000000074290000 - 0x00000000743b7000 	D:\Xilinx\Vivado\2015.4\lib\win64.o\tcl85t.dll
0x0000000012000000 - 0x0000000012263000 	D:\Xilinx\Vivado\2015.4\lib\win64.o\xerces-c_3_1.dll
0x0000000076df0000 - 0x0000000076f4b000 	C:\WINDOWS\system32\WININET.dll
0x0000000077320000 - 0x0000000077323000 	C:\WINDOWS\system32\Normaliz.dll
0x0000000076f50000 - 0x0000000077160000 	C:\WINDOWS\system32\iertutil.dll
0x0000000076a80000 - 0x0000000076bcd000 	C:\WINDOWS\system32\urlmon.dll
0x000007fef91e0000 - 0x000007fef9251000 	C:\WINDOWS\system32\WINHTTP.dll
0x000007fef9170000 - 0x000007fef91d4000 	C:\WINDOWS\system32\webio.dll
0x000007fef40a0000 - 0x000007fef40c3000 	C:\WINDOWS\system32\VCOMP110.DLL
0x000007fef4080000 - 0x000007fef4091000 	D:\Xilinx\Vivado\2015.4\lib\win64.o\librdi_commonmain.dll
0x000007fef8030000 - 0x000007fef8039000 	D:\Xilinx\Vivado\2015.4\lib\win64.o\librdi_commonversion.dll
0x000007fefdee0000 - 0x000007fefdf0e000 	C:\WINDOWS\system32\IMM32.DLL
0x000007fefda90000 - 0x000007fefdb99000 	C:\WINDOWS\system32\MSCTF.dll
0x000007feebfc0000 - 0x000007feec3d9000 	D:\Xilinx\Vivado\2015.4\lib\win64.o\librdi_commontasks.dll
0x000007fede850000 - 0x000007fee019e000 	D:\Xilinx\Vivado\2015.4\lib\win64.o\librdi_tcltasks.dll
0x000007feee5c0000 - 0x000007feee6fe000 	D:\Xilinx\Vivado\2015.4\lib\win64.o\librdi_board.dll
0x000007fef4020000 - 0x000007fef407d000 	D:\Xilinx\Vivado\2015.4\lib\win64.o\librdi_boarddep.dll
0x000007fed66b0000 - 0x000007fede841000 	D:\Xilinx\Vivado\2015.4\lib\win64.o\librdi_device.dll
0x000007feee570000 - 0x000007feee5b7000 	D:\Xilinx\Vivado\2015.4\lib\win64.o\libboost_serialization.dll
0x000007fee0fc0000 - 0x000007fee17ce000 	D:\Xilinx\Vivado\2015.4\lib\win64.o\libverific.dll
0x000007feebdf0000 - 0x000007feebfb2000 	D:\Xilinx\Vivado\2015.4\lib\win64.o\librdi_chipscope.dll
0x000007feebd80000 - 0x000007feebde3000 	D:\Xilinx\Vivado\2015.4\lib\win64.o\liblmx6.0.dll
0x000007fed5520000 - 0x000007fed66ae000 	D:\Xilinx\Vivado\2015.4\lib\win64.o\librdi_constraints.dll
0x000007feeb200000 - 0x000007feeb5bd000 	D:\Xilinx\Vivado\2015.4\lib\win64.o\librdi_filemgmt.dll
0x000007fee2ed0000 - 0x000007fee32f5000 	D:\Xilinx\Vivado\2015.4\lib\win64.o\librdi_netlist.dll
0x000007feeb910000 - 0x000007feeba28000 	D:\Xilinx\Vivado\2015.4\lib\win64.o\librdi_sio.dll
0x000007fee2a20000 - 0x000007fee2ecd000 	D:\Xilinx\Vivado\2015.4\lib\win64.o\librdi_psta.dll
0x000007fed3be0000 - 0x000007fed5518000 	D:\Xilinx\Vivado\2015.4\lib\win64.o\librdi_coregen.dll
0x000007fee08f0000 - 0x000007fee0fb3000 	D:\Xilinx\Vivado\2015.4\lib\win64.o\librdi_coregenipxact.dll
0x000007fed0460000 - 0x000007fed3bd8000 	D:\Xilinx\Vivado\2015.4\lib\win64.o\librdi_designutils.dll
0x000007fee1da0000 - 0x000007fee1ff5000 	D:\Xilinx\Vivado\2015.4\lib\win64.o\librdi_bitstream.dll
0x000007fee03b0000 - 0x000007fee08f0000 	D:\Xilinx\Vivado\2015.4\lib\win64.o\librdi_xdm.dll
0x000007fecff90000 - 0x000007fed045f000 	D:\Xilinx\Vivado\2015.4\lib\win64.o\librdi_drc.dll
0x000007fecf5d0000 - 0x000007fecff90000 	D:\Xilinx\Vivado\2015.4\lib\win64.o\librdi_timing.dll
0x000007fee1b90000 - 0x000007fee1d98000 	D:\Xilinx\Vivado\2015.4\lib\win64.o\librdi_dlyest.dll
0x000007feeb870000 - 0x000007feeb907000 	D:\Xilinx\Vivado\2015.4\lib\win64.o\libise.dll
0x000007feedb30000 - 0x000007feedb97000 	D:\Xilinx\Vivado\2015.4\lib\win64.o\librdi_containers.dll
0x000007feeb7b0000 - 0x000007feeb867000 	D:\Xilinx\Vivado\2015.4\lib\win64.o\librdi_dsp.dll
0x000007feeb070000 - 0x000007feeb1f1000 	D:\Xilinx\Vivado\2015.4\lib\win64.o\librdi_simdata.dll
0x000007fecf230000 - 0x000007fecf5c1000 	D:\Xilinx\Vivado\2015.4\lib\win64.o\librdi_wavedata.dll
0x000007feeafb0000 - 0x000007feeb032000 	D:\Xilinx\Vivado\2015.4\lib\win64.o\librdi_simbridge_kernel.dll
0x000007feee530000 - 0x000007feee562000 	D:\Xilinx\Vivado\2015.4\lib\win64.o\librdi_wavedata_SimpleApi.dll
0x000007fecf000000 - 0x000007fecf22c000 	D:\Xilinx\Vivado\2015.4\lib\win64.o\librdi_guitools.dll
0x000007fecea70000 - 0x000007feceffa000 	D:\Xilinx\Vivado\2015.4\lib\win64.o\librdi_memdata.dll
0x000007fecd250000 - 0x000007fecea6c000 	D:\Xilinx\Vivado\2015.4\lib\win64.o\librdi_place.dll
0x000007feccc90000 - 0x000007fecd24c000 	D:\Xilinx\Vivado\2015.4\lib\win64.o\librdi_abc_nomp.dll
0x000007feedb00000 - 0x000007feedb19000 	D:\Xilinx\Vivado\2015.4\lib\win64.o\librdi_hmetis.dll
0x000007fecb770000 - 0x000007feccc81000 	D:\Xilinx\Vivado\2015.4\lib\win64.o\librdi_mig.dll
0x000007fecb210000 - 0x000007fecb76f000 	D:\Xilinx\Vivado\2015.4\lib\win64.o\librdi_power.dll
0x000007fecafb0000 - 0x000007fecb205000 	D:\Xilinx\Vivado\2015.4\lib\win64.o\librdi_ippcw.dll
0x000007feca4a0000 - 0x000007fecafa4000 	D:\Xilinx\Vivado\2015.4\lib\win64.o\librdi_route.dll
0x000007feca0c0000 - 0x000007feca49b000 	D:\Xilinx\Vivado\2015.4\lib\win64.o\librdi_project.dll
0x000007fec9ae0000 - 0x000007feca0b2000 	D:\Xilinx\Vivado\2015.4\lib\win64.o\librdi_labtools.dll
0x000007feec4a0000 - 0x000007feec4c8000 	D:\Xilinx\Vivado\2015.4\lib\win64.o\librdi_commoncwebtalk.dll
0x000007fec98d0000 - 0x000007fec9ad3000 	D:\Xilinx\Vivado\2015.4\lib\win64.o\librdi_xicom_hw.dll
0x000007fefb070000 - 0x000007fefb097000 	C:\WINDOWS\system32\IPHLPAPI.DLL
0x000007fefb060000 - 0x000007fefb06b000 	C:\WINDOWS\system32\WINNSI.DLL
0x000007feebd40000 - 0x000007feebd73000 	D:\Xilinx\Vivado\2015.4\lib\win64.o\librdi_pfi.dll
0x000007feeb760000 - 0x000007feeb7a3000 	D:\Xilinx\Vivado\2015.4\lib\win64.o\librdi_hdf.dll
0x000007fec96e0000 - 0x000007fec98cc000 	D:\Xilinx\Vivado\2015.4\lib\win64.o\librdi_hsm.dll
0x000007fee29d0000 - 0x000007fee2a1d000 	D:\Xilinx\Vivado\2015.4\lib\win64.o\librdi_projectbase.dll
0x000007fee1b30000 - 0x000007fee1b8a000 	D:\Xilinx\Vivado\2015.4\lib\win64.o\librdi_runsbase.dll
0x000007fec9330000 - 0x000007fec96db000 	D:\Xilinx\Vivado\2015.4\lib\win64.o\librdi_rsb.dll
0x000007fee1a90000 - 0x000007fee1b24000 	D:\Xilinx\Vivado\2015.4\lib\win64.o\librdi_hwh.dll
0x000007fec90c0000 - 0x000007fec9322000 	D:\Xilinx\Vivado\2015.4\lib\win64.o\librdi_runs.dll
0x000007fec77b0000 - 0x000007fec90b5000 	D:\Xilinx\Vivado\2015.4\lib\win64.o\librdi_synth.dll
0x000007feecde0000 - 0x000007feece00000 	D:\Xilinx\Vivado\2015.4\lib\win64.o\librdi_bmg.dll
0x000007fec7200000 - 0x000007fec77ae000 	D:\Xilinx\Vivado\2015.4\lib\win64.o\librdi_coretasks.dll
0x000007fec6e30000 - 0x000007fec71f1000 	D:\Xilinx\Vivado\2015.4\lib\win64.o\librdi_vivadotasks.dll

VM Arguments:
jvm_args: -Dsun.java2d.pmoffscreen=false -Dsun.java2d.d3d=false -Dsun.awt.nopixfmt=true -Xverify:none -Dswing.aatext=true -XX:-UsePerfData -Djdk.map.althashing.threshold=512 -XX:StringTableSize=4072 -XX:NewSize=60m -XX:MaxNewSize=60m -Xms128m -Xmx3072m -Xss5m 
java_command: <unknown>
java_class_path (initial): D:/Xilinx/Vivado/2015.4\lib\classes\alloy.jar;D:/Xilinx/Vivado/2015.4\lib\classes\antlr-2.7.7.jar;D:/Xilinx/Vivado/2015.4\lib\classes\batik-anim.jar;D:/Xilinx/Vivado/2015.4\lib\classes\batik-awt-util.jar;D:/Xilinx/Vivado/2015.4\lib\classes\batik-bridge.jar;D:/Xilinx/Vivado/2015.4\lib\classes\batik-codec.jar;D:/Xilinx/Vivado/2015.4\lib\classes\batik-css.jar;D:/Xilinx/Vivado/2015.4\lib\classes\batik-dom.jar;D:/Xilinx/Vivado/2015.4\lib\classes\batik-ext.jar;D:/Xilinx/Vivado/2015.4\lib\classes\batik-gui-util.jar;D:/Xilinx/Vivado/2015.4\lib\classes\batik-gvt.jar;D:/Xilinx/Vivado/2015.4\lib\classes\batik-parser.jar;D:/Xilinx/Vivado/2015.4\lib\classes\batik-script.jar;D:/Xilinx/Vivado/2015.4\lib\classes\batik-svg-dom.jar;D:/Xilinx/Vivado/2015.4\lib\classes\batik-swing.jar;D:/Xilinx/Vivado/2015.4\lib\classes\batik-transcoder.jar;D:/Xilinx/Vivado/2015.4\lib\classes\batik-util.jar;D:/Xilinx/Vivado/2015.4\lib\classes\batik-xml.jar;D:/Xilinx/Vivado/2015.4\lib\classes\commons-logging.jar;D:/Xilinx/Vivado/2015.4\lib\classes\commons-math-2.2.jar;D:/Xilinx/Vivado/2015.4\lib\classes\dom4j-1.6.1.jar;D:/Xilinx/Vivado/2015.4\lib\classes\forms.jar;D:/Xilinx/Vivado/2015.4\lib\classes\guava-18.0.jar;D:/Xilinx/Vivado/2015.4\lib\classes\hsqldb.jar;D:/Xilinx/Vivado/2015.4\lib\classes\jdom.jar;D:/Xilinx/Vivado/2015.4\lib\classes\jide-action.jar;D:/Xilinx/Vivado/2015.4\lib\classes\jide-charts.jar;D:/Xilinx/Vivado/2015.4\lib\classes\jide-common.jar;D:/Xilinx/Vivado/2015.4\lib\classes\jide-components.jar;D:/Xilinx/Vivado/2015.4\lib\classes\jide-dashboard.jar;D:/Xilinx/Vivado/2015.4\lib\classes\jide-data.jar;D:/Xilinx/Vivado/2015.4\lib\classes\jide-dialogs.jar;D:/Xilinx/Vivado/2015.4\lib\classes\jide-diff.jar;D:/Xilinx/Vivado/2015.4\lib\classes\jide-dock.jar;D:/Xilinx/Vivado/2015.4\lib\classes\jide-editor.jar;D:/Xilinx/Vivado/2015.4\lib\classes\jide-gantt.jar;D:/Xilinx/Vivado/2015.4\lib\classes\jide-grids.jar;D:/Xilinx/Vivado/2015.4\lib\classes\jide-pivot.jar;D:/Xilin
Launcher Type: generic

Environment Variables:
PATH=D:/Xilinx/Vivado/2015.4/bin;D:/Xilinx/Vivado/2015.4/lib/win64.o;D:/Xilinx/Vivado/2015.4/tps/win64/jre/bin/server;D:/Xilinx/Vivado/2015.4/tps/win64/jre/bin;D:/Xilinx/SDK/2015.4/bin;D:/Xilinx/Vivado/2015.4/ids_lite/ISE/bin/nt64;D:/Xilinx/Vivado/2015.4/ids_lite/ISE/lib/nt64;D:/Xilinx/Vivado_HLS/2015.4/bin;C:\ProgramData\Oracle\Java\javapath;C:\WINDOWS\system32;C:\WINDOWS;C:\WINDOWS\System32\Wbem;C:\WINDOWS\System32\WindowsPowerShell\v1.0\;C:\Program Files\Java\jdk1.8.0_25\bin
USERNAME=iouliia
OS=Windows_NT
PROCESSOR_IDENTIFIER=Intel64 Family 6 Model 60 Stepping 3, GenuineIntel



---------------  S Y S T E M  ---------------

OS: Windows 7 , 64 bit Build 7601 (6.1.7601.18229)

CPU:total 8 (4 cores per cpu, 2 threads per core) family 6 model 60 stepping 3, cmov, cx8, fxsr, mmx, sse, sse2, sse3, ssse3, sse4.1, sse4.2, popcnt, avx, avx2, aes, clmul, erms, rtm, lzcnt, ht, tsc, tscinvbit, bmi1, bmi2

Memory: 4k page, physical 8035016k(5251012k free), swap 16068172k(13084640k free)

vm_info: Java HotSpot(TM) 64-Bit Server VM (25.45-b02) for windows-amd64 JRE (1.8.0_45-b15), built on Apr 30 2015 12:40:44 by "java_re" with MS VC++ 10.0 (VS2010)

time: Sun Apr 10 13:27:47 2016
elapsed time: 879 seconds (0d 0h 14m 39s)

