#-----------------------------------------------------------
# Vivado v2015.4 (64-bit)
# SW Build 1412921 on Wed Nov 18 09:43:45 MST 2015
# IP Build 1412160 on Tue Nov 17 13:47:24 MST 2015
# Start of session at: Sun Apr 10 13:13:06 2016
# Process ID: 5420
# Current directory: K:/MostFrequentlyNeeded___2014/Education2011/2015_2016/SecondSemester/CR/AulasTeoricas/Aula8_11april2016/Projects2016/BCD_disp
# Command line: vivado.exe -gui_launcher_event rodinguilauncherevent4316 K:\MostFrequentlyNeeded___2014\Education2011\2015_2016\SecondSemester\CR\AulasTeoricas\Aula8_11april2016\Projects2016\BCD_disp\BCD_disp.xpr
# Log file: K:/MostFrequentlyNeeded___2014/Education2011/2015_2016/SecondSemester/CR/AulasTeoricas/Aula8_11april2016/Projects2016/BCD_disp/vivado.log
# Journal file: K:/MostFrequentlyNeeded___2014/Education2011/2015_2016/SecondSemester/CR/AulasTeoricas/Aula8_11april2016/Projects2016/BCD_disp\vivado.jou
#-----------------------------------------------------------
start_gui
open_project K:/MostFrequentlyNeeded___2014/Education2011/2015_2016/SecondSemester/CR/AulasTeoricas/Aula8_11april2016/Projects2016/BCD_disp/BCD_disp.xpr
INFO: [ProjectBase 1-489] The host OS only allows 260 characters in a normal path. The project is stored in a path with more than 80 characters. If you experience issues with IP, Block Designs, or files not being found, please consider moving the project to a location with a shorter path. Alternately consider using the OS subst command to map part of the path to a drive letter.
Current project path is 'K:/MostFrequentlyNeeded___2014/Education2011/2015_2016/SecondSemester/CR/AulasTeoricas/Aula8_11april2016/Projects2016/BCD_disp'
Scanning sources...
Finished scanning sources
INFO: [IP_Flow 19-234] Refreshing IP repositories
INFO: [IP_Flow 19-1700] Loaded user IP repository 'k:/MostFrequentlyNeeded___2014/Education2011/2015_2016/SecondSemester/CR/AulasTeoricas/Aula8_11april2016/Projects2016/REPOSITORY'.
INFO: [IP_Flow 19-2313] Loaded Vivado IP repository 'D:/Xilinx/Vivado/2015.4/data/ip'.
open_bd_design {K:/MostFrequentlyNeeded___2014/Education2011/2015_2016/SecondSemester/CR/AulasTeoricas/Aula8_11april2016/Projects2016/BCD_disp/BCD_disp.srcs/sources_1/bd/BD_counter_display/BD_counter_display.bd}
Adding component instance block -- ua.pt:user:DC32:1.0 - DC32_0
Adding component instance block -- ua.pt:user:BinToBCD16:1.0 - BinToBCD16_0
Adding component instance block -- xilinx.com:ip:xlconstant:1.1 - xlconstant_0
Adding component instance block -- xilinx.com:ip:xlconcat:2.1 - xlconcat_0
Adding component instance block -- xilinx.com:ip:xlconstant:1.1 - xlconstant_1
Successfully read diagram <BD_counter_display> from BD file <K:/MostFrequentlyNeeded___2014/Education2011/2015_2016/SecondSemester/CR/AulasTeoricas/Aula8_11april2016/Projects2016/BCD_disp/BCD_disp.srcs/sources_1/bd/BD_counter_display/BD_counter_display.bd>
save_project_as SW_or_Count K:/MostFrequentlyNeeded___2014/Education2011/2015_2016/SecondSemester/CR/AulasTeoricas/Aula8_11april2016/Projects2016/SW_or_Count -force
INFO: [ProjectBase 1-489] The host OS only allows 260 characters in a normal path. The project is stored in a path with more than 80 characters. If you experience issues with IP, Block Designs, or files not being found, please consider moving the project to a location with a shorter path. Alternately consider using the OS subst command to map part of the path to a drive letter.
Current project path is 'K:/MostFrequentlyNeeded___2014/Education2011/2015_2016/SecondSemester/CR/AulasTeoricas/Aula8_11april2016/Projects2016/SW_or_Count'
startgroup
create_bd_cell -type ip -vlnv ua.pt:user:TopCounterN:1.0 TopCounterN_0
endgroup
startgroup
create_bd_cell -type ip -vlnv xilinx.com:ip:xlslice:1.0 xlslice_0
endgroup
startgroup
create_bd_cell -type ip -vlnv xilinx.com:ip:clk_wiz:5.2 clk_wiz_0
endgroup
delete_bd_objs [get_bd_cells clk_wiz_0]
startgroup
create_bd_cell -type ip -vlnv xilinx.com:ip:util_vector_logic:2.0 util_vector_logic_0
ERROR: [Common 17-680] Path length exceeds 260-Byte maximum allowed by Windows: k:/MostFrequentlyNeeded___2014/Education2011/2015_2016/SecondSemester/CR/AulasTeoricas/Aula8_11april2016/Projects2016/SW_or_Count/SW_or_Count.srcs/sources_1/bd/BD_counter_display/ip/BD_counter_display_util_vector_logic_0_0/BD_counter_display_util_vector_logic_0_0.xci
Please consider using the OS subst command to shorten the path length by mapping part of the path to a virtual drive letter. See Answer Record AR52787 for more information.
Resolution: In Windows 7 or later, the mklink command can also be used to create a symbolic link and shorten the path.
CRITICAL WARNING: [IP_Flow 19-196] Failed to save XCI file 'k:/MostFrequentlyNeeded___2014/Education2011/2015_2016/SecondSemester/CR/AulasTeoricas/Aula8_11april2016/Projects2016/SW_or_Count/SW_or_Count.srcs/sources_1/bd/BD_counter_display/ip/BD_counter_display_util_vector_logic_0_0/BD_counter_display_util_vector_logic_0_0.xci'.
CRITICAL WARNING: [IP_Flow 19-194] Failed to save IP instance 'BD_counter_display_util_vector_logic_0_0'.
ERROR: [Common 17-39] 'create_bd_cell' failed due to earlier errors.
endgroup
set_property location {4.5 539 -360} [get_bd_cells util_vector_logic_0]
set_property location {4 385 -385} [get_bd_cells util_vector_logic_0]
delete_bd_objs [get_bd_cells util_vector_logic_0]
startgroup
create_bd_cell -type ip -vlnv xilinx.com:ip:util_ds_buf:2.1 util_ds_buf_0
endgroup
delete_bd_objs [get_bd_cells util_ds_buf_0]
delete_bd_objs [get_bd_cells xlslice_0]
regenerate_bd_layout
update_ip_catalog -rebuild -repo_path k:/MostFrequentlyNeeded___2014/Education2011/2015_2016/SecondSemester/CR/AulasTeoricas/Aula8_11april2016/Projects2016/REPOSITORY
