#-----------------------------------------------------------
# Vivado v2015.4 (64-bit)
# SW Build 1412921 on Wed Nov 18 09:43:45 MST 2015
# IP Build 1412160 on Tue Nov 17 13:47:24 MST 2015
# Start of session at: Sun Apr 10 14:37:49 2016
# Process ID: 3036
# Current directory: K:/MostFrequentlyNeeded___2014/Education2011/2015_2016/SecondSemester/CR/AulasTeoricas/Aula8_11april2016/Projects2016/BCD_disp
# Command line: vivado.exe -gui_launcher_event rodinguilauncherevent5780 K:\MostFrequentlyNeeded___2014\Education2011\2015_2016\SecondSemester\CR\AulasTeoricas\Aula8_11april2016\Projects2016\BCD_disp\BCD_disp.xpr
# Log file: K:/MostFrequentlyNeeded___2014/Education2011/2015_2016/SecondSemester/CR/AulasTeoricas/Aula8_11april2016/Projects2016/BCD_disp/vivado.log
# Journal file: K:/MostFrequentlyNeeded___2014/Education2011/2015_2016/SecondSemester/CR/AulasTeoricas/Aula8_11april2016/Projects2016/BCD_disp\vivado.jou
#-----------------------------------------------------------
start_gui
open_project K:/MostFrequentlyNeeded___2014/Education2011/2015_2016/SecondSemester/CR/AulasTeoricas/Aula8_11april2016/Projects2016/BCD_disp/BCD_disp.xpr
INFO: [ProjectBase 1-489] The host OS only allows 260 characters in a normal path. The project is stored in a path with more than 80 characters. If you experience issues with IP, Block Designs, or files not being found, please consider moving the project to a location with a shorter path. Alternately consider using the OS subst command to map part of the path to a drive letter.
Current project path is 'K:/MostFrequentlyNeeded___2014/Education2011/2015_2016/SecondSemester/CR/AulasTeoricas/Aula8_11april2016/Projects2016/BCD_disp'
Scanning sources...
Finished scanning sources
INFO: [IP_Flow 19-234] Refreshing IP repositories
INFO: [IP_Flow 19-1700] Loaded user IP repository 'k:/MostFrequentlyNeeded___2014/Education2011/2015_2016/SecondSemester/CR/AulasTeoricas/Aula8_11april2016/Projects2016/REPOSITORY'.
INFO: [IP_Flow 19-2313] Loaded Vivado IP repository 'D:/Xilinx/Vivado/2015.4/data/ip'.
exit
INFO: [Common 17-206] Exiting Vivado at Sun Apr 10 14:38:22 2016...
